0 verbose cli [
0 verbose cli   '/usr/bin/node',
0 verbose cli   '/usr/bin/npm',
0 verbose cli   'install',
0 verbose cli   '--save-dev',
0 verbose cli   'rimraf',
0 verbose cli   'npm-run-all'
0 verbose cli ]
1 info using npm@8.5.5
2 info using node@v17.8.0
3 timing npm:load:whichnode Completed in 1ms
4 timing config:load:defaults Completed in 1ms
5 timing config:load:file:/usr/lib/node_modules/npm/npmrc Completed in 1ms
6 timing config:load:builtin Completed in 1ms
7 timing config:load:cli Completed in 2ms
8 timing config:load:env Completed in 0ms
9 timing config:load:project Completed in 3ms
10 verbose config init.author.email Use `--init-author-email` instead.
11 verbose config init.author.name Use `--init-author-name` instead.
12 verbose config init.license Use `--init-license` instead.
13 timing config:load:file:/home/smelladoc/.npmrc Completed in 2ms
14 timing config:load:user Completed in 2ms
15 timing config:load:file:/usr/etc/npmrc Completed in 0ms
16 timing config:load:global Completed in 0ms
17 timing config:load:validate Completed in 0ms
18 timing config:load:credentials Completed in 1ms
19 timing config:load:setEnvs Completed in 0ms
20 timing config:load Completed in 10ms
21 timing npm:load:configload Completed in 10ms
22 timing npm:load:setTitle Completed in 1ms
23 timing config:load:flatten Completed in 2ms
24 timing npm:load:display Completed in 3ms
25 verbose logfile /home/smelladoc/.npm/_logs/2022-04-11T23_30_56_215Z-debug-0.log
26 timing npm:load:logFile Completed in 5ms
27 timing npm:load:timers Completed in 0ms
28 timing npm:load:configScope Completed in 0ms
29 timing npm:load Completed in 20ms
30 timing arborist:ctor Completed in 1ms
31 silly logfile start cleaning logs, removing 1 files
32 timing idealTree:init Completed in 91ms
33 timing idealTree:userRequests Completed in 1ms
34 silly idealTree buildDeps
35 silly fetch manifest rimraf@*
36 timing arborist:ctor Completed in 0ms
37 http fetch GET 200 https://registry.npmjs.org/rimraf 336ms (cache revalidated)
38 silly fetch manifest npm-run-all@*
39 http fetch GET 200 https://registry.npmjs.org/npm-run-all 58ms (cache revalidated)
40 silly placeDep ROOT npm-run-all@4.1.5 OK for:  want: *
41 silly placeDep ROOT rimraf@3.0.2 OK for:  want: *
42 silly fetch manifest ansi-styles@^3.2.1
43 silly fetch manifest chalk@^2.4.1
44 silly fetch manifest cross-spawn@^6.0.5
45 silly fetch manifest memorystream@^0.3.1
46 silly fetch manifest minimatch@^3.0.4
47 silly fetch manifest pidtree@^0.3.0
48 silly fetch manifest read-pkg@^3.0.0
49 silly fetch manifest shell-quote@^1.6.1
50 silly fetch manifest string.prototype.padend@^3.0.0
51 silly fetch manifest glob@^7.1.3
52 http fetch GET 200 https://registry.npmjs.org/chalk 65ms (cache revalidated)
53 http fetch GET 200 https://registry.npmjs.org/minimatch 166ms (cache revalidated)
54 http fetch GET 200 https://registry.npmjs.org/ansi-styles 175ms (cache revalidated)
55 http fetch GET 200 https://registry.npmjs.org/glob 188ms (cache updated)
56 http fetch GET 200 https://registry.npmjs.org/string.prototype.padend 341ms (cache revalidated)
57 http fetch GET 200 https://registry.npmjs.org/pidtree 386ms (cache revalidated)
58 http fetch GET 200 https://registry.npmjs.org/cross-spawn 862ms (cache revalidated)
59 http fetch GET 200 https://registry.npmjs.org/memorystream 902ms (cache revalidated)
60 http fetch GET 200 https://registry.npmjs.org/shell-quote 902ms (cache revalidated)
61 http fetch GET 200 https://registry.npmjs.org/read-pkg 982ms (cache revalidated)
62 timing idealTree:#root Completed in 1397ms
63 silly placeDep node_modules/npm-run-all ansi-styles@3.2.1 OK for: npm-run-all@4.1.5 want: ^3.2.1
64 silly placeDep node_modules/npm-run-all chalk@2.4.2 OK for: npm-run-all@4.1.5 want: ^2.4.1
65 silly placeDep ROOT cross-spawn@6.0.5 OK for: npm-run-all@4.1.5 want: ^6.0.5
66 silly placeDep ROOT memorystream@0.3.1 OK for: npm-run-all@4.1.5 want: ^0.3.1
67 silly placeDep ROOT minimatch@3.1.2 OK for: npm-run-all@4.1.5 want: ^3.0.4
68 silly placeDep ROOT pidtree@0.3.1 OK for: npm-run-all@4.1.5 want: ^0.3.0
69 silly placeDep ROOT read-pkg@3.0.0 OK for: npm-run-all@4.1.5 want: ^3.0.0
70 silly placeDep ROOT shell-quote@1.7.3 OK for: npm-run-all@4.1.5 want: ^1.6.1
71 silly placeDep ROOT string.prototype.padend@3.1.3 OK for: npm-run-all@4.1.5 want: ^3.0.0
72 silly fetch manifest color-convert@^1.9.0
73 silly fetch manifest supports-color@^5.3.0
74 silly fetch manifest nice-try@^1.0.4
75 silly fetch manifest path-key@^2.0.1
76 silly fetch manifest shebang-command@^1.2.0
77 silly fetch manifest which@^1.2.9
78 silly fetch manifest brace-expansion@^1.1.7
79 silly fetch manifest load-json-file@^4.0.0
80 silly fetch manifest normalize-package-data@^2.3.2
81 silly fetch manifest path-type@^3.0.0
82 silly fetch manifest call-bind@^1.0.2
83 silly fetch manifest define-properties@^1.1.3
84 silly fetch manifest es-abstract@^1.19.1
85 http fetch GET 200 https://registry.npmjs.org/color-convert 55ms (cache revalidated)
86 http fetch GET 200 https://registry.npmjs.org/shebang-command 58ms (cache revalidated)
87 http fetch GET 200 https://registry.npmjs.org/brace-expansion 63ms (cache revalidated)
88 http fetch GET 200 https://registry.npmjs.org/supports-color 67ms (cache revalidated)
89 http fetch GET 200 https://registry.npmjs.org/path-type 66ms (cache revalidated)
90 http fetch GET 200 https://registry.npmjs.org/normalize-package-data 67ms (cache revalidated)
91 http fetch GET 200 https://registry.npmjs.org/load-json-file 72ms (cache revalidated)
92 http fetch GET 200 https://registry.npmjs.org/define-properties 127ms (cache revalidated)
93 http fetch GET 200 https://registry.npmjs.org/nice-try 270ms (cache revalidated)
94 http fetch GET 200 https://registry.npmjs.org/call-bind 822ms (cache revalidated)
95 http fetch GET 200 https://registry.npmjs.org/path-key 845ms (cache revalidated)
96 http fetch GET 200 https://registry.npmjs.org/which 936ms (cache revalidated)
97 http fetch GET 200 https://registry.npmjs.org/es-abstract 975ms (cache revalidated)
98 timing idealTree:node_modules/npm-run-all Completed in 992ms
99 silly placeDep ROOT nice-try@1.0.5 OK for: cross-spawn@6.0.5 want: ^1.0.4
100 silly placeDep ROOT path-key@2.0.1 OK for: cross-spawn@6.0.5 want: ^2.0.1
101 silly placeDep ROOT shebang-command@1.2.0 OK for: cross-spawn@6.0.5 want: ^1.2.0
102 silly placeDep ROOT which@1.3.1 OK for: cross-spawn@6.0.5 want: ^1.2.9
103 silly fetch manifest shebang-regex@^1.0.0
104 silly fetch manifest isexe@^2.0.0
105 http fetch GET 200 https://registry.npmjs.org/isexe 46ms (cache revalidated)
106 http fetch GET 200 https://registry.npmjs.org/shebang-regex 56ms (cache revalidated)
107 timing idealTree:node_modules/cross-spawn Completed in 67ms
108 timing idealTree:node_modules/memorystream Completed in 0ms
109 silly placeDep ROOT brace-expansion@1.1.11 OK for: minimatch@3.1.2 want: ^1.1.7
110 silly fetch manifest balanced-match@^1.0.0
111 silly fetch manifest concat-map@0.0.1
112 http fetch GET 200 https://registry.npmjs.org/concat-map 45ms (cache revalidated)
113 http fetch GET 200 https://registry.npmjs.org/balanced-match 762ms (cache updated)
114 timing idealTree:node_modules/minimatch Completed in 763ms
115 silly placeDep ROOT balanced-match@1.0.2 OK for: brace-expansion@1.1.11 want: ^1.0.0
116 silly placeDep ROOT concat-map@0.0.1 OK for: brace-expansion@1.1.11 want: 0.0.1
117 timing idealTree:node_modules/brace-expansion Completed in 1ms
118 timing idealTree:node_modules/balanced-match Completed in 0ms
119 timing idealTree:node_modules/concat-map Completed in 0ms
120 timing idealTree:node_modules/nice-try Completed in 0ms
121 timing idealTree:node_modules/path-key Completed in 0ms
122 timing idealTree:node_modules/pidtree Completed in 0ms
123 silly placeDep ROOT load-json-file@4.0.0 OK for: read-pkg@3.0.0 want: ^4.0.0
124 silly placeDep ROOT normalize-package-data@2.5.0 OK for: read-pkg@3.0.0 want: ^2.3.2
125 silly placeDep node_modules/read-pkg path-type@3.0.0 OK for: read-pkg@3.0.0 want: ^3.0.0
126 silly fetch manifest graceful-fs@^4.1.2
127 silly fetch manifest parse-json@^4.0.0
128 silly fetch manifest pify@^3.0.0
129 silly fetch manifest strip-bom@^3.0.0
130 silly fetch manifest hosted-git-info@^2.1.4
131 silly fetch manifest validate-npm-package-license@^3.0.1
132 http fetch GET 200 https://registry.npmjs.org/pify 54ms (cache revalidated)
133 http fetch GET 200 https://registry.npmjs.org/strip-bom 56ms (cache revalidated)
134 http fetch GET 200 https://registry.npmjs.org/validate-npm-package-license 60ms (cache revalidated)
135 http fetch GET 200 https://registry.npmjs.org/graceful-fs 67ms (cache updated)
136 http fetch GET 200 https://registry.npmjs.org/parse-json 835ms (cache revalidated)
137 http fetch GET 200 https://registry.npmjs.org/hosted-git-info 887ms (cache revalidated)
138 timing idealTree:node_modules/read-pkg Completed in 896ms
139 silly placeDep ROOT graceful-fs@4.2.10 OK for: load-json-file@4.0.0 want: ^4.1.2
140 silly placeDep node_modules/load-json-file parse-json@4.0.0 OK for: load-json-file@4.0.0 want: ^4.0.0
141 silly placeDep ROOT pify@3.0.0 OK for: load-json-file@4.0.0 want: ^3.0.0
142 silly placeDep ROOT strip-bom@3.0.0 OK for: load-json-file@4.0.0 want: ^3.0.0
143 silly fetch manifest json-parse-better-errors@^1.0.1
144 http fetch GET 200 https://registry.npmjs.org/json-parse-better-errors 49ms (cache revalidated)
145 timing idealTree:node_modules/load-json-file Completed in 59ms
146 timing idealTree:node_modules/graceful-fs Completed in 0ms
147 silly placeDep ROOT hosted-git-info@2.8.9 OK for: normalize-package-data@2.5.0 want: ^2.1.4
148 silly placeDep ROOT validate-npm-package-license@3.0.4 OK for: normalize-package-data@2.5.0 want: ^3.0.1
149 silly fetch manifest spdx-correct@^3.0.0
150 silly fetch manifest spdx-expression-parse@^3.0.0
151 http fetch GET 200 https://registry.npmjs.org/spdx-expression-parse 869ms (cache revalidated)
152 http fetch GET 200 https://registry.npmjs.org/spdx-correct 1466ms (cache revalidated)
153 timing idealTree:node_modules/normalize-package-data Completed in 1469ms
154 timing idealTree:node_modules/hosted-git-info Completed in 0ms
155 timing idealTree:node_modules/pify Completed in 0ms
156 silly placeDep ROOT glob@7.2.0 OK for: rimraf@3.0.2 want: ^7.1.3
157 silly fetch manifest fs.realpath@^1.0.0
158 silly fetch manifest inflight@^1.0.4
159 silly fetch manifest inherits@2
160 silly fetch manifest once@^1.3.0
161 silly fetch manifest path-is-absolute@^1.0.0
162 http fetch GET 200 https://registry.npmjs.org/inflight 65ms (cache revalidated)
163 http fetch GET 200 https://registry.npmjs.org/fs.realpath 67ms (cache revalidated)
164 http fetch GET 200 https://registry.npmjs.org/path-is-absolute 63ms (cache revalidated)
165 http fetch GET 200 https://registry.npmjs.org/once 66ms (cache revalidated)
166 http fetch GET 200 https://registry.npmjs.org/inherits 68ms (cache revalidated)
167 timing idealTree:node_modules/rimraf Completed in 77ms
168 silly placeDep ROOT fs.realpath@1.0.0 OK for: glob@7.2.0 want: ^1.0.0
169 silly placeDep ROOT inflight@1.0.6 OK for: glob@7.2.0 want: ^1.0.4
170 silly placeDep ROOT inherits@2.0.4 OK for: glob@7.2.0 want: 2
171 silly placeDep ROOT once@1.4.0 OK for: glob@7.2.0 want: ^1.3.0
172 silly placeDep ROOT path-is-absolute@1.0.1 OK for: glob@7.2.0 want: ^1.0.0
173 silly fetch manifest wrappy@1
174 http fetch GET 200 https://registry.npmjs.org/wrappy 61ms (cache revalidated)
175 timing idealTree:node_modules/glob Completed in 68ms
176 timing idealTree:node_modules/fs.realpath Completed in 0ms
177 silly placeDep ROOT wrappy@1.0.2 OK for: inflight@1.0.6 want: 1
178 timing idealTree:node_modules/inflight Completed in 1ms
179 timing idealTree:node_modules/inherits Completed in 0ms
180 timing idealTree:node_modules/once Completed in 0ms
181 timing idealTree:node_modules/path-is-absolute Completed in 0ms
182 silly placeDep ROOT shebang-regex@1.0.0 OK for: shebang-command@1.2.0 want: ^1.0.0
183 timing idealTree:node_modules/shebang-command Completed in 1ms
184 timing idealTree:node_modules/shebang-regex Completed in 0ms
185 timing idealTree:node_modules/shell-quote Completed in 0ms
186 silly placeDep ROOT call-bind@1.0.2 OK for: string.prototype.padend@3.1.3 want: ^1.0.2
187 silly placeDep ROOT define-properties@1.1.3 OK for: string.prototype.padend@3.1.3 want: ^1.1.3
188 silly placeDep ROOT es-abstract@1.19.2 OK for: string.prototype.padend@3.1.3 want: ^1.19.1
189 silly fetch manifest get-intrinsic@^1.0.2
190 silly fetch manifest object-keys@^1.0.12
191 silly fetch manifest es-to-primitive@^1.2.1
192 silly fetch manifest get-intrinsic@^1.1.1
193 silly fetch manifest get-symbol-description@^1.0.0
194 silly fetch manifest has-symbols@^1.0.3
195 silly fetch manifest internal-slot@^1.0.3
196 silly fetch manifest is-callable@^1.2.4
197 silly fetch manifest is-negative-zero@^2.0.2
198 silly fetch manifest is-regex@^1.1.4
199 silly fetch manifest is-shared-array-buffer@^1.0.1
200 silly fetch manifest is-string@^1.0.7
201 silly fetch manifest is-weakref@^1.0.2
202 silly fetch manifest object-inspect@^1.12.0
203 silly fetch manifest object-keys@^1.1.1
204 silly fetch manifest object.assign@^4.1.2
205 silly fetch manifest string.prototype.trimend@^1.0.4
206 silly fetch manifest string.prototype.trimstart@^1.0.4
207 silly fetch manifest unbox-primitive@^1.0.1
208 http fetch GET 200 https://registry.npmjs.org/has-symbols 63ms (cache revalidated)
209 http fetch GET 200 https://registry.npmjs.org/is-shared-array-buffer 61ms (cache revalidated)
210 http fetch GET 200 https://registry.npmjs.org/get-intrinsic 71ms (cache revalidated)
211 http fetch GET 200 https://registry.npmjs.org/object-keys 74ms (cache revalidated)
212 http fetch GET 200 https://registry.npmjs.org/is-regex 72ms (cache revalidated)
213 http fetch GET 200 https://registry.npmjs.org/es-to-primitive 74ms (cache revalidated)
214 http fetch GET 200 https://registry.npmjs.org/is-string 72ms (cache revalidated)
215 http fetch GET 200 https://registry.npmjs.org/is-callable 74ms (cache revalidated)
216 http fetch GET 200 https://registry.npmjs.org/is-weakref 72ms (cache revalidated)
217 http fetch GET 200 https://registry.npmjs.org/get-symbol-description 77ms (cache revalidated)
218 http fetch GET 200 https://registry.npmjs.org/internal-slot 77ms (cache revalidated)
219 http fetch GET 200 https://registry.npmjs.org/object-inspect 72ms (cache revalidated)
220 http fetch GET 200 https://registry.npmjs.org/string.prototype.trimend 90ms (cache revalidated)
221 http fetch GET 200 https://registry.npmjs.org/string.prototype.trimstart 90ms (cache revalidated)
222 http fetch GET 200 https://registry.npmjs.org/object.assign 130ms (cache revalidated)
223 http fetch GET 200 https://registry.npmjs.org/unbox-primitive 185ms (cache revalidated)
224 http fetch GET 200 https://registry.npmjs.org/is-negative-zero 858ms (cache revalidated)
225 timing idealTree:node_modules/string.prototype.padend Completed in 865ms
226 silly placeDep ROOT get-intrinsic@1.1.1 OK for: call-bind@1.0.2 want: ^1.0.2
227 silly fetch manifest has-symbols@^1.0.1
228 timing idealTree:node_modules/call-bind Completed in 5ms
229 silly placeDep ROOT object-keys@1.1.1 OK for: define-properties@1.1.3 want: ^1.0.12
230 timing idealTree:node_modules/define-properties Completed in 2ms
231 silly placeDep ROOT es-to-primitive@1.2.1 OK for: es-abstract@1.19.2 want: ^1.2.1
232 silly placeDep ROOT get-symbol-description@1.0.0 OK for: es-abstract@1.19.2 want: ^1.0.0
233 silly placeDep ROOT has-symbols@1.0.3 OK for: es-abstract@1.19.2 want: ^1.0.3
234 silly placeDep ROOT internal-slot@1.0.3 OK for: es-abstract@1.19.2 want: ^1.0.3
235 silly placeDep ROOT is-callable@1.2.4 OK for: es-abstract@1.19.2 want: ^1.2.4
236 silly placeDep ROOT is-negative-zero@2.0.2 OK for: es-abstract@1.19.2 want: ^2.0.2
237 silly placeDep ROOT is-regex@1.1.4 OK for: es-abstract@1.19.2 want: ^1.1.4
238 silly placeDep ROOT is-shared-array-buffer@1.0.2 OK for: es-abstract@1.19.2 want: ^1.0.1
239 silly placeDep ROOT is-string@1.0.7 OK for: es-abstract@1.19.2 want: ^1.0.7
240 silly placeDep ROOT is-weakref@1.0.2 OK for: es-abstract@1.19.2 want: ^1.0.2
241 silly placeDep ROOT object-inspect@1.12.0 OK for: es-abstract@1.19.2 want: ^1.12.0
242 silly placeDep ROOT object.assign@4.1.2 OK for: es-abstract@1.19.2 want: ^4.1.2
243 silly placeDep ROOT string.prototype.trimend@1.0.4 OK for: es-abstract@1.19.2 want: ^1.0.4
244 silly placeDep ROOT string.prototype.trimstart@1.0.4 OK for: es-abstract@1.19.2 want: ^1.0.4
245 silly placeDep ROOT unbox-primitive@1.0.1 OK for: es-abstract@1.19.2 want: ^1.0.1
246 silly fetch manifest is-date-object@^1.0.1
247 silly fetch manifest is-symbol@^1.0.2
248 silly fetch manifest side-channel@^1.0.4
249 silly fetch manifest has-tostringtag@^1.0.0
250 silly fetch manifest has-bigints@^1.0.1
251 silly fetch manifest which-boxed-primitive@^1.0.2
252 http fetch GET 200 https://registry.npmjs.org/is-symbol 46ms (cache revalidated)
253 http fetch GET 200 https://registry.npmjs.org/has-tostringtag 48ms (cache revalidated)
254 http fetch GET 200 https://registry.npmjs.org/has-bigints 48ms (cache revalidated)
255 http fetch GET 200 https://registry.npmjs.org/which-boxed-primitive 57ms (cache revalidated)
256 http fetch GET 200 https://registry.npmjs.org/is-date-object 60ms (cache revalidated)
257 http fetch GET 200 https://registry.npmjs.org/side-channel 839ms (cache revalidated)
258 timing idealTree:node_modules/es-abstract Completed in 856ms
259 silly placeDep ROOT is-date-object@1.0.5 OK for: es-to-primitive@1.2.1 want: ^1.0.1
260 silly placeDep ROOT is-symbol@1.0.4 OK for: es-to-primitive@1.2.1 want: ^1.0.2
261 timing idealTree:node_modules/es-to-primitive Completed in 4ms
262 timing idealTree:node_modules/get-intrinsic Completed in 0ms
263 timing idealTree:node_modules/get-symbol-description Completed in 0ms
264 timing idealTree:node_modules/has-symbols Completed in 0ms
265 silly placeDep ROOT side-channel@1.0.4 OK for: internal-slot@1.0.3 want: ^1.0.4
266 timing idealTree:node_modules/internal-slot Completed in 2ms
267 timing idealTree:node_modules/is-callable Completed in 0ms
268 silly placeDep ROOT has-tostringtag@1.0.0 OK for: is-date-object@1.0.5 want: ^1.0.0
269 timing idealTree:node_modules/is-date-object Completed in 2ms
270 timing idealTree:node_modules/has-tostringtag Completed in 0ms
271 timing idealTree:node_modules/is-negative-zero Completed in 0ms
272 timing idealTree:node_modules/is-regex Completed in 0ms
273 timing idealTree:node_modules/is-shared-array-buffer Completed in 1ms
274 timing idealTree:node_modules/is-string Completed in 0ms
275 timing idealTree:node_modules/is-symbol Completed in 0ms
276 timing idealTree:node_modules/is-weakref Completed in 0ms
277 timing idealTree:node_modules/object-inspect Completed in 0ms
278 timing idealTree:node_modules/object-keys Completed in 0ms
279 timing idealTree:node_modules/object.assign Completed in 0ms
280 timing idealTree:node_modules/side-channel Completed in 0ms
281 timing idealTree:node_modules/string.prototype.trimend Completed in 1ms
282 timing idealTree:node_modules/string.prototype.trimstart Completed in 0ms
283 timing idealTree:node_modules/strip-bom Completed in 0ms
284 silly placeDep ROOT has-bigints@1.0.1 OK for: unbox-primitive@1.0.1 want: ^1.0.1
285 silly placeDep ROOT which-boxed-primitive@1.0.2 OK for: unbox-primitive@1.0.1 want: ^1.0.2
286 silly fetch manifest is-bigint@^1.0.1
287 silly fetch manifest is-boolean-object@^1.1.0
288 silly fetch manifest is-number-object@^1.0.4
289 http fetch GET 200 https://registry.npmjs.org/is-number-object 73ms (cache revalidated)
290 http fetch GET 200 https://registry.npmjs.org/is-boolean-object 75ms (cache revalidated)
291 http fetch GET 200 https://registry.npmjs.org/is-bigint 75ms (cache revalidated)
292 timing idealTree:node_modules/unbox-primitive Completed in 79ms
293 timing idealTree:node_modules/has-bigints Completed in 0ms
294 silly placeDep ROOT spdx-correct@3.1.1 OK for: validate-npm-package-license@3.0.4 want: ^3.0.0
295 silly placeDep ROOT spdx-expression-parse@3.0.1 OK for: validate-npm-package-license@3.0.4 want: ^3.0.0
296 silly fetch manifest spdx-license-ids@^3.0.0
297 silly fetch manifest spdx-exceptions@^2.1.0
298 http fetch GET 200 https://registry.npmjs.org/spdx-license-ids 54ms (cache revalidated)
299 http fetch GET 200 https://registry.npmjs.org/spdx-exceptions 55ms (cache revalidated)
300 timing idealTree:node_modules/validate-npm-package-license Completed in 57ms
301 silly placeDep ROOT spdx-license-ids@3.0.11 OK for: spdx-correct@3.1.1 want: ^3.0.0
302 timing idealTree:node_modules/spdx-correct Completed in 1ms
303 silly placeDep ROOT spdx-exceptions@2.3.0 OK for: spdx-expression-parse@3.0.1 want: ^2.1.0
304 timing idealTree:node_modules/spdx-expression-parse Completed in 1ms
305 timing idealTree:node_modules/spdx-exceptions Completed in 0ms
306 timing idealTree:node_modules/spdx-license-ids Completed in 0ms
307 silly placeDep ROOT isexe@2.0.0 OK for: which@1.3.1 want: ^2.0.0
308 timing idealTree:node_modules/which Completed in 0ms
309 timing idealTree:node_modules/isexe Completed in 0ms
310 silly placeDep ROOT is-bigint@1.0.4 OK for: which-boxed-primitive@1.0.2 want: ^1.0.1
311 silly placeDep ROOT is-boolean-object@1.1.2 OK for: which-boxed-primitive@1.0.2 want: ^1.1.0
312 silly placeDep ROOT is-number-object@1.0.7 OK for: which-boxed-primitive@1.0.2 want: ^1.0.4
313 timing idealTree:node_modules/which-boxed-primitive Completed in 2ms
314 timing idealTree:node_modules/is-bigint Completed in 0ms
315 timing idealTree:node_modules/is-boolean-object Completed in 0ms
316 timing idealTree:node_modules/is-number-object Completed in 0ms
317 timing idealTree:node_modules/wrappy Completed in 0ms
318 silly placeDep ROOT json-parse-better-errors@1.0.2 OK for: parse-json@4.0.0 want: ^1.0.1
319 timing idealTree:node_modules/load-json-file/node_modules/parse-json Completed in 1ms
320 timing idealTree:node_modules/json-parse-better-errors Completed in 0ms
321 silly placeDep node_modules/npm-run-all color-convert@1.9.3 OK for: ansi-styles@3.2.1 want: ^1.9.0
322 silly fetch manifest color-name@1.1.3
323 http fetch GET 200 https://registry.npmjs.org/color-name 55ms (cache revalidated)
324 timing idealTree:node_modules/npm-run-all/node_modules/ansi-styles Completed in 57ms
325 silly placeDep node_modules/npm-run-all supports-color@5.5.0 OK for: chalk@2.4.2 want: ^5.3.0
326 silly fetch manifest has-flag@^3.0.0
327 http fetch GET 200 https://registry.npmjs.org/has-flag 55ms (cache revalidated)
328 timing idealTree:node_modules/npm-run-all/node_modules/chalk Completed in 57ms
329 silly placeDep node_modules/npm-run-all color-name@1.1.3 OK for: color-convert@1.9.3 want: 1.1.3
330 timing idealTree:node_modules/npm-run-all/node_modules/color-convert Completed in 1ms
331 timing idealTree:node_modules/npm-run-all/node_modules/color-name Completed in 0ms
332 silly placeDep node_modules/npm-run-all has-flag@3.0.0 OK for: supports-color@5.5.0 want: ^3.0.0
333 timing idealTree:node_modules/npm-run-all/node_modules/supports-color Completed in 1ms
334 timing idealTree:node_modules/npm-run-all/node_modules/has-flag Completed in 0ms
335 timing idealTree:node_modules/read-pkg/node_modules/path-type Completed in 0ms
336 timing idealTree:buildDeps Completed in 7793ms
337 timing idealTree:fixDepFlags Completed in 1ms
338 timing idealTree Completed in 7889ms
339 timing reify:loadTrees Completed in 7890ms
340 timing reify:diffTrees Completed in 4ms
341 silly reify mark retired [
341 silly reify   '/home/smelladoc/node_modules/node-gyp-build',
341 silly reify   '/home/smelladoc/node_modules/.bin/node-gyp-build',
341 silly reify   '/home/smelladoc/node_modules/.bin/node-gyp-build-optional',
341 silly reify   '/home/smelladoc/node_modules/.bin/node-gyp-build-test'
341 silly reify ]
342 silly reify moves {
342 silly reify   '/home/smelladoc/node_modules/node-gyp-build': '/home/smelladoc/node_modules/.node-gyp-build-NkD6kP9T',
342 silly reify   '/home/smelladoc/node_modules/.bin/node-gyp-build': '/home/smelladoc/node_modules/.bin/.node-gyp-build-7JNzCxES',
342 silly reify   '/home/smelladoc/node_modules/.bin/node-gyp-build-optional': '/home/smelladoc/node_modules/.bin/.node-gyp-build-optional-azitOr09',
342 silly reify   '/home/smelladoc/node_modules/.bin/node-gyp-build-test': '/home/smelladoc/node_modules/.bin/.node-gyp-build-test-D204KGRo'
342 silly reify }
343 timing reify:retireShallow Completed in 5ms
344 timing reify:createSparse Completed in 16ms
345 timing reify:loadBundles Completed in 0ms
346 silly audit bulk request {
346 silly audit   '@babel/code-frame': [ '7.16.7' ],
346 silly audit   '@babel/helper-validator-identifier': [ '7.16.7' ],
346 silly audit   '@babel/highlight': [ '7.17.9' ],
346 silly audit   'ansi-styles': [ '3.2.1', '4.3.0' ],
346 silly audit   chalk: [ '2.4.2', '4.1.2' ],
346 silly audit   'color-convert': [ '1.9.3', '2.0.1' ],
346 silly audit   'color-name': [ '1.1.3', '1.1.4' ],
346 silly audit   'has-flag': [ '3.0.0', '4.0.0' ],
346 silly audit   'supports-color': [ '5.5.0', '7.2.0' ],
346 silly audit   '@nodelib/fs.scandir': [ '2.1.5' ],
346 silly audit   '@nodelib/fs.stat': [ '2.0.5' ],
346 silly audit   '@nodelib/fs.walk': [ '1.2.8' ],
346 silly audit   '@parcel/bundler-default': [ '2.4.1' ],
346 silly audit   '@parcel/cache': [ '2.4.1' ],
346 silly audit   '@parcel/codeframe': [ '2.4.1' ],
346 silly audit   '@parcel/compressor-raw': [ '2.4.1' ],
346 silly audit   '@parcel/config-default': [ '2.4.1' ],
346 silly audit   '@parcel/core': [ '2.4.1' ],
346 silly audit   '@parcel/css': [ '1.8.1' ],
346 silly audit   '@parcel/css-darwin-arm64': [ '1.8.1' ],
346 silly audit   '@parcel/css-darwin-x64': [ '1.8.1' ],
346 silly audit   '@parcel/css-linux-arm-gnueabihf': [ '1.8.1' ],
346 silly audit   '@parcel/css-linux-arm64-gnu': [ '1.8.1' ],
346 silly audit   '@parcel/css-linux-arm64-musl': [ '1.8.1' ],
346 silly audit   '@parcel/css-linux-x64-gnu': [ '1.8.1' ],
346 silly audit   '@parcel/css-linux-x64-musl': [ '1.8.1' ],
346 silly audit   '@parcel/css-win32-x64-msvc': [ '1.8.1' ],
346 silly audit   '@parcel/diagnostic': [ '2.4.1' ],
346 silly audit   '@parcel/events': [ '2.4.1' ],
346 silly audit   '@parcel/fs': [ '2.4.1' ],
346 silly audit   '@parcel/fs-search': [ '2.4.1' ],
346 silly audit   '@parcel/graph': [ '2.4.1' ],
346 silly audit   '@parcel/hash': [ '2.4.1' ],
346 silly audit   '@parcel/logger': [ '2.4.1' ],
346 silly audit   '@parcel/markdown-ansi': [ '2.4.1' ],
346 silly audit   '@parcel/namer-default': [ '2.4.1' ],
346 silly audit   '@parcel/node-resolver-core': [ '2.4.1' ],
346 silly audit   '@parcel/optimizer-css': [ '2.4.1' ],
346 silly audit   '@parcel/optimizer-htmlnano': [ '2.4.1' ],
346 silly audit   '@parcel/optimizer-image': [ '2.4.1' ],
346 silly audit   '@parcel/optimizer-svgo': [ '2.4.1' ],
346 silly audit   '@parcel/optimizer-terser': [ '2.4.1' ],
346 silly audit   '@parcel/package-manager': [ '2.4.1' ],
346 silly audit   '@parcel/packager-css': [ '2.4.1' ],
346 silly audit   '@parcel/packager-html': [ '2.4.1' ],
346 silly audit   '@parcel/packager-js': [ '2.4.1' ],
346 silly audit   '@parcel/packager-raw': [ '2.4.1' ],
346 silly audit   '@parcel/packager-svg': [ '2.4.1' ],
346 silly audit   '@parcel/plugin': [ '2.4.1' ],
346 silly audit   '@parcel/reporter-cli': [ '2.4.1' ],
346 silly audit   '@parcel/reporter-dev-server': [ '2.4.1' ],
346 silly audit   '@parcel/resolver-default': [ '2.4.1' ],
346 silly audit   '@parcel/runtime-browser-hmr': [ '2.4.1' ],
346 silly audit   '@parcel/runtime-js': [ '2.4.1' ],
346 silly audit   '@parcel/runtime-react-refresh': [ '2.4.1' ],
346 silly audit   '@parcel/runtime-service-worker': [ '2.4.1' ],
346 silly audit   '@parcel/source-map': [ '2.0.2' ],
346 silly audit   '@parcel/transformer-babel': [ '2.4.1' ],
346 silly audit   '@parcel/transformer-css': [ '2.4.1' ],
346 silly audit   '@parcel/transformer-html': [ '2.4.1' ],
346 silly audit   '@parcel/transformer-image': [ '2.4.1' ],
346 silly audit   '@parcel/transformer-js': [ '2.4.1' ],
346 silly audit   '@parcel/transformer-json': [ '2.4.1' ],
346 silly audit   '@parcel/transformer-postcss': [ '2.4.1' ],
346 silly audit   '@parcel/transformer-posthtml': [ '2.4.1' ],
346 silly audit   '@parcel/transformer-raw': [ '2.4.1' ],
346 silly audit   '@parcel/transformer-react-refresh-wrap': [ '2.4.1' ],
346 silly audit   '@parcel/transformer-svg': [ '2.4.1' ],
346 silly audit   '@parcel/types': [ '2.4.1' ],
346 silly audit   '@parcel/utils': [ '2.4.1' ],
346 silly audit   '@parcel/watcher': [ '2.0.5' ],
346 silly audit   '@parcel/workers': [ '2.4.1' ],
346 silly audit   '@swc/helpers': [ '0.3.8' ],
346 silly audit   '@trysound/sax': [ '0.2.0' ],
346 silly audit   '@types/parse-json': [ '4.0.0' ],
346 silly audit   'abortcontroller-polyfill': [ '1.7.3' ],
346 silly audit   acorn: [ '8.7.0', '7.4.1' ],
346 silly audit   'acorn-node': [ '1.8.2' ],
346 silly audit   'acorn-walk': [ '7.2.0' ],
346 silly audit   anymatch: [ '3.1.2' ],
346 silly audit   arg: [ '5.0.1' ],
346 silly audit   autoprefixer: [ '10.4.4' ],
346 silly audit   'base-x': [ '3.0.9' ],
346 silly audit   'binary-extensions': [ '2.2.0' ],
346 silly audit   boolbase: [ '1.0.0' ],
346 silly audit   braces: [ '3.0.2' ],
346 silly audit   browserslist: [ '4.20.2' ],
346 silly audit   'buffer-from': [ '1.1.2' ],
346 silly audit   callsites: [ '3.1.0' ],
346 silly audit   'camelcase-css': [ '2.0.1' ],
346 silly audit   'caniuse-lite': [ '1.0.30001327' ],
346 silly audit   chokidar: [ '3.5.3' ],
346 silly audit   'glob-parent': [ '5.1.2', '6.0.2' ],
346 silly audit   'chrome-trace-event': [ '1.0.3' ],
346 silly audit   clone: [ '2.1.2' ],
346 silly audit   commander: [ '7.2.0', '2.20.3' ],
346 silly audit   cosmiconfig: [ '7.0.1' ],
346 silly audit   'css-select': [ '4.3.0' ],
346 silly audit   'css-tree': [ '1.1.3' ],
346 silly audit   'css-what': [ '6.1.0' ],
346 silly audit   cssesc: [ '3.0.0' ],
346 silly audit   csso: [ '4.2.0' ],
346 silly audit   defined: [ '1.0.0' ],
346 silly audit   'detect-libc': [ '1.0.3' ],
346 silly audit   detective: [ '5.2.0' ],
346 silly audit   didyoumean: [ '1.2.2' ],
346 silly audit   dlv: [ '1.1.3' ],
346 silly audit   'dom-serializer': [ '1.4.1' ],
346 silly audit   entities: [ '2.2.0', '3.0.1' ],
346 silly audit   domelementtype: [ '2.3.0' ],
346 silly audit   domhandler: [ '4.3.1' ],
346 silly audit   domutils: [ '2.8.0' ],
346 silly audit   dotenv: [ '7.0.0' ],
346 silly audit   'dotenv-expand': [ '5.1.0' ],
346 silly audit   'electron-to-chromium': [ '1.4.106' ],
346 silly audit   'error-ex': [ '1.3.2' ],
346 silly audit   escalade: [ '3.1.1' ],
346 silly audit   'escape-string-regexp': [ '1.0.5' ],
346 silly audit   'fast-glob': [ '3.2.11' ],
346 silly audit   fastq: [ '1.13.0' ],
346 silly audit   'fill-range': [ '7.0.1' ],
346 silly audit   'fraction.js': [ '4.2.0' ],
346 silly audit   fsevents: [ '2.3.2' ],
346 silly audit   'function-bind': [ '1.1.1' ],
346 silly audit   'get-port': [ '4.2.0' ],
346 silly audit   globals: [ '13.13.0' ],
346 silly audit   has: [ '1.0.3' ],
346 silly audit   htmlnano: [ '2.0.2' ],
346 silly audit   htmlparser2: [ '7.2.0' ],
346 silly audit   'import-fresh': [ '3.3.0' ],
346 silly audit   'is-arrayish': [ '0.2.1' ],
346 silly audit   'is-binary-path': [ '2.1.0' ],
346 silly audit   'is-core-module': [ '2.8.1' ],
346 silly audit   'is-extglob': [ '2.1.1' ],
346 silly audit   'is-glob': [ '4.0.3' ],
346 silly audit   'is-json': [ '2.0.1' ],
346 silly audit   'is-number': [ '7.0.0' ],
346 silly audit   'js-tokens': [ '4.0.0' ],
346 silly audit   'json-parse-even-better-errors': [ '2.3.1' ],
346 silly audit   'json-source-map': [ '0.6.1' ],
346 silly audit   json5: [ '2.2.1' ],
346 silly audit   lilconfig: [ '2.0.5' ],
346 silly audit   'lines-and-columns': [ '1.2.4' ],
346 silly audit   lmdb: [ '2.2.4' ],
346 silly audit   'mdn-data': [ '2.0.14' ],
346 silly audit   merge2: [ '1.4.1' ],
346 silly audit   micromatch: [ '4.0.5' ],
346 silly audit   minimist: [ '1.2.6' ],
346 silly audit   msgpackr: [ '1.5.5' ],
346 silly audit   'msgpackr-extract': [ '1.1.4' ],
346 silly audit   'msgpackr-extract-darwin-arm64': [ '1.1.0' ],
346 silly audit   'msgpackr-extract-darwin-x64': [ '1.1.0' ],
346 silly audit   'msgpackr-extract-linux-arm': [ '1.1.0' ],
346 silly audit   'msgpackr-extract-linux-arm64': [ '1.1.0' ],
346 silly audit   'msgpackr-extract-linux-x64': [ '1.1.0' ],
346 silly audit   'msgpackr-extract-win32-x64': [ '1.1.0' ],
346 silly audit   nan: [ '2.15.0' ],
346 silly audit   nanoid: [ '3.3.2' ],
346 silly audit   'node-addon-api': [ '3.2.1' ],
346 silly audit   'node-gyp-build': [ '4.4.0' ],
346 silly audit   'node-gyp-build-optional-packages': [ '4.3.2' ],
346 silly audit   'node-releases': [ '2.0.3' ],
346 silly audit   'normalize-path': [ '3.0.0' ],
346 silly audit   'normalize-range': [ '0.1.2' ],
346 silly audit   'nth-check': [ '2.0.1' ],
346 silly audit   nullthrows: [ '1.1.1' ],
346 silly audit   'object-hash': [ '2.2.0' ],
346 silly audit   'ordered-binary': [ '1.2.5' ],
346 silly audit   parcel: [ '2.4.1' ],
346 silly audit   'parent-module': [ '1.0.1' ],
346 silly audit   'parse-json': [ '5.2.0', '4.0.0' ],
346 silly audit   'path-parse': [ '1.0.7' ],
346 silly audit   'path-type': [ '4.0.0', '3.0.0' ],
346 silly audit   picocolors: [ '1.0.0' ],
346 silly audit   picomatch: [ '2.3.1' ],
346 silly audit   postcss: [ '8.4.12' ],
346 silly audit   'postcss-js': [ '4.0.0' ],
346 silly audit   'postcss-load-config': [ '3.1.4' ],
346 silly audit   'postcss-nested': [ '5.0.6' ],
346 silly audit   'postcss-selector-parser': [ '6.0.10' ],
346 silly audit   'postcss-value-parser': [ '4.2.0' ],
346 silly audit   posthtml: [ '0.16.6' ],
346 silly audit   'posthtml-parser': [ '0.10.2', '0.11.0' ],
346 silly audit   'posthtml-render': [ '3.0.0' ],
346 silly audit   'queue-microtask': [ '1.2.3' ],
346 silly audit   'quick-lru': [ '5.1.1' ],
346 silly audit   'react-refresh': [ '0.9.0' ],
346 silly audit   readdirp: [ '3.6.0' ],
346 silly audit   'regenerator-runtime': [ '0.13.9' ],
346 silly audit   resolve: [ '1.22.0' ],
346 silly audit   'resolve-from': [ '4.0.0' ],
346 silly audit   reusify: [ '1.0.4' ],
346 silly audit   'run-parallel': [ '1.2.0' ],
346 silly audit   'safe-buffer': [ '5.2.1' ],
346 silly audit   semver: [ '5.7.1' ],
346 silly audit   'source-map': [ '0.6.1', '0.7.3' ],
346 silly audit   'source-map-js': [ '1.0.2' ],
346 silly audit   'source-map-support': [ '0.5.21' ],
346 silly audit   stable: [ '0.1.8' ],
346 silly audit   'supports-preserve-symlinks-flag': [ '1.0.0' ],
346 silly audit   svgo: [ '2.8.0' ],
346 silly audit   tailwindcss: [ '3.0.23' ],
346 silly audit   'term-size': [ '2.2.1' ],
346 silly audit   terser: [ '5.12.1' ],
346 silly audit   timsort: [ '0.3.0' ],
346 silly audit   'to-regex-range': [ '5.0.1' ],
346 silly audit   'type-fest': [ '0.20.2' ],
346 silly audit   'util-deprecate': [ '1.0.2' ],
346 silly audit   'utility-types': [ '3.10.0' ],
346 silly audit   'v8-compile-cache': [ '2.3.0' ],
346 silly audit   'weak-lru-cache': [ '1.2.2' ],
346 silly audit   xtend: [ '4.0.2' ],
346 silly audit   'xxhash-wasm': [ '0.4.2' ],
346 silly audit   yaml: [ '1.10.2' ],
346 silly audit   'npm-run-all': [ '4.1.5' ],
346 silly audit   rimraf: [ '3.0.2' ],
346 silly audit   'cross-spawn': [ '6.0.5' ],
346 silly audit   memorystream: [ '0.3.1' ],
346 silly audit   minimatch: [ '3.1.2' ],
346 silly audit   pidtree: [ '0.3.1' ],
346 silly audit   'read-pkg': [ '3.0.0' ],
346 silly audit   'shell-quote': [ '1.7.3' ],
346 silly audit   'string.prototype.padend': [ '3.1.3' ],
346 silly audit   'nice-try': [ '1.0.5' ],
346 silly audit   'path-key': [ '2.0.1' ],
346 silly audit   'shebang-command': [ '1.2.0' ],
346 silly audit   which: [ '1.3.1' ],
346 silly audit   'brace-expansion': [ '1.1.11' ],
346 silly audit   'balanced-match': [ '1.0.2' ],
346 silly audit   'concat-map': [ '0.0.1' ],
346 silly audit   'load-json-file': [ '4.0.0' ],
346 silly audit   'normalize-package-data': [ '2.5.0' ],
346 silly audit   'graceful-fs': [ '4.2.10' ],
346 silly audit   pify: [ '3.0.0' ],
346 silly audit   'strip-bom': [ '3.0.0' ],
346 silly audit   'hosted-git-info': [ '2.8.9' ],
346 silly audit   'validate-npm-package-license': [ '3.0.4' ],
346 silly audit   glob: [ '7.2.0' ],
346 silly audit   'fs.realpath': [ '1.0.0' ],
346 silly audit   inflight: [ '1.0.6' ],
346 silly audit   inherits: [ '2.0.4' ],
346 silly audit   once: [ '1.4.0' ],
346 silly audit   'path-is-absolute': [ '1.0.1' ],
346 silly audit   wrappy: [ '1.0.2' ],
346 silly audit   'shebang-regex': [ '1.0.0' ],
346 silly audit   'call-bind': [ '1.0.2' ],
346 silly audit   'define-properties': [ '1.1.3' ],
346 silly audit   'es-abstract': [ '1.19.2' ],
346 silly audit   'get-intrinsic': [ '1.1.1' ],
346 silly audit   'object-keys': [ '1.1.1' ],
346 silly audit   'es-to-primitive': [ '1.2.1' ],
346 silly audit   'get-symbol-description': [ '1.0.0' ],
346 silly audit   'has-symbols': [ '1.0.3' ],
346 silly audit   'internal-slot': [ '1.0.3' ],
346 silly audit   'is-callable': [ '1.2.4' ],
346 silly audit   'is-negative-zero': [ '2.0.2' ],
346 silly audit   'is-regex': [ '1.1.4' ],
346 silly audit   'is-shared-array-buffer': [ '1.0.2' ],
346 silly audit   'is-string': [ '1.0.7' ],
346 silly audit   'is-weakref': [ '1.0.2' ],
346 silly audit   'object-inspect': [ '1.12.0' ],
346 silly audit   'object.assign': [ '4.1.2' ],
346 silly audit   'string.prototype.trimend': [ '1.0.4' ],
346 silly audit   'string.prototype.trimstart': [ '1.0.4' ],
346 silly audit   'unbox-primitive': [ '1.0.1' ],
346 silly audit   'is-date-object': [ '1.0.5' ],
346 silly audit   'is-symbol': [ '1.0.4' ],
346 silly audit   'side-channel': [ '1.0.4' ],
346 silly audit   'has-tostringtag': [ '1.0.0' ],
346 silly audit   'has-bigints': [ '1.0.1' ],
346 silly audit   'which-boxed-primitive': [ '1.0.2' ],
346 silly audit   'spdx-correct': [ '3.1.1' ],
346 silly audit   'spdx-expression-parse': [ '3.0.1' ],
346 silly audit   'spdx-license-ids': [ '3.0.11' ],
346 silly audit   'spdx-exceptions': [ '2.3.0' ],
346 silly audit   isexe: [ '2.0.0' ],
346 silly audit   'is-bigint': [ '1.0.4' ],
346 silly audit   'is-boolean-object': [ '1.1.2' ],
346 silly audit   'is-number-object': [ '1.0.7' ],
346 silly audit   'json-parse-better-errors': [ '1.0.2' ]
346 silly audit }
347 verbose reify failed optional dependency /home/smelladoc/node_modules/msgpackr-extract-win32-x64
348 silly reify mark deleted [ '/home/smelladoc/node_modules/msgpackr-extract-win32-x64' ]
349 verbose reify failed optional dependency /home/smelladoc/node_modules/msgpackr-extract-linux-arm64
350 silly reify mark deleted [ '/home/smelladoc/node_modules/msgpackr-extract-linux-arm64' ]
351 verbose reify failed optional dependency /home/smelladoc/node_modules/msgpackr-extract-linux-arm
352 silly reify mark deleted [ '/home/smelladoc/node_modules/msgpackr-extract-linux-arm' ]
353 verbose reify failed optional dependency /home/smelladoc/node_modules/msgpackr-extract-darwin-x64
354 silly reify mark deleted [ '/home/smelladoc/node_modules/msgpackr-extract-darwin-x64' ]
355 verbose reify failed optional dependency /home/smelladoc/node_modules/msgpackr-extract-darwin-arm64
356 silly reify mark deleted [ '/home/smelladoc/node_modules/msgpackr-extract-darwin-arm64' ]
357 verbose reify failed optional dependency /home/smelladoc/node_modules/fsevents
358 silly reify mark deleted [ '/home/smelladoc/node_modules/fsevents' ]
359 verbose reify failed optional dependency /home/smelladoc/node_modules/@parcel/css-win32-x64-msvc
360 silly reify mark deleted [ '/home/smelladoc/node_modules/@parcel/css-win32-x64-msvc' ]
361 verbose reify failed optional dependency /home/smelladoc/node_modules/@parcel/css-linux-arm64-musl
362 silly reify mark deleted [ '/home/smelladoc/node_modules/@parcel/css-linux-arm64-musl' ]
363 verbose reify failed optional dependency /home/smelladoc/node_modules/@parcel/css-linux-arm64-gnu
364 silly reify mark deleted [ '/home/smelladoc/node_modules/@parcel/css-linux-arm64-gnu' ]
365 verbose reify failed optional dependency /home/smelladoc/node_modules/@parcel/css-linux-arm-gnueabihf
366 silly reify mark deleted [ '/home/smelladoc/node_modules/@parcel/css-linux-arm-gnueabihf' ]
367 verbose reify failed optional dependency /home/smelladoc/node_modules/@parcel/css-darwin-x64
368 silly reify mark deleted [ '/home/smelladoc/node_modules/@parcel/css-darwin-x64' ]
369 verbose reify failed optional dependency /home/smelladoc/node_modules/@parcel/css-darwin-arm64
370 silly reify mark deleted [ '/home/smelladoc/node_modules/@parcel/css-darwin-arm64' ]
371 timing reifyNode:node_modules/msgpackr-extract-win32-x64 Completed in 11ms
372 timing reifyNode:node_modules/msgpackr-extract-linux-arm64 Completed in 12ms
373 timing reifyNode:node_modules/msgpackr-extract-linux-arm Completed in 12ms
374 timing reifyNode:node_modules/msgpackr-extract-darwin-x64 Completed in 11ms
375 timing reifyNode:node_modules/msgpackr-extract-darwin-arm64 Completed in 11ms
376 timing reifyNode:node_modules/fsevents Completed in 11ms
377 timing reifyNode:node_modules/@parcel/css-win32-x64-msvc Completed in 11ms
378 timing reifyNode:node_modules/@parcel/css-linux-arm64-musl Completed in 11ms
379 timing reifyNode:node_modules/@parcel/css-linux-arm64-gnu Completed in 11ms
380 timing reifyNode:node_modules/@parcel/css-linux-arm-gnueabihf Completed in 11ms
381 timing reifyNode:node_modules/@parcel/css-darwin-x64 Completed in 11ms
382 timing reifyNode:node_modules/@parcel/css-darwin-arm64 Completed in 11ms
383 silly tarball no local data for graceful-fs@https://registry.npmjs.org/graceful-fs/-/graceful-fs-4.2.10.tgz. Extracting by manifest.
384 timing reifyNode:node_modules/spdx-exceptions Completed in 186ms
385 timing reifyNode:node_modules/spdx-license-ids Completed in 196ms
386 timing reifyNode:node_modules/shebang-regex Completed in 195ms
387 timing reifyNode:node_modules/wrappy Completed in 195ms
388 timing reifyNode:node_modules/path-is-absolute Completed in 195ms
389 timing reifyNode:node_modules/inflight Completed in 195ms
390 timing reifyNode:node_modules/validate-npm-package-license Completed in 195ms
391 timing reifyNode:node_modules/strip-bom Completed in 196ms
392 timing reifyNode:node_modules/once Completed in 196ms
393 timing reifyNode:node_modules/load-json-file Completed in 196ms
394 timing reifyNode:node_modules/brace-expansion Completed in 196ms
395 timing reifyNode:node_modules/shebang-command Completed in 196ms
396 timing reifyNode:node_modules/path-key Completed in 196ms
397 timing reifyNode:node_modules/read-pkg Completed in 196ms
398 timing reifyNode:node_modules/pify Completed in 198ms
399 timing reifyNode:node_modules/load-json-file/node_modules/parse-json Completed in 198ms
400 timing reifyNode:node_modules/read-pkg/node_modules/path-type Completed in 198ms
401 timing reifyNode:node_modules/npm-run-all/node_modules/has-flag Completed in 198ms
402 timing reifyNode:node_modules/npm-run-all/node_modules/ansi-styles Completed in 198ms
403 timing reifyNode:node_modules/json-parse-better-errors Completed in 202ms
404 timing reifyNode:node_modules/inherits Completed in 203ms
405 timing reifyNode:node_modules/npm-run-all/node_modules/supports-color Completed in 204ms
406 timing reifyNode:node_modules/spdx-correct Completed in 208ms
407 timing reifyNode:node_modules/fs.realpath Completed in 209ms
408 timing reifyNode:node_modules/balanced-match Completed in 210ms
409 timing reifyNode:node_modules/nice-try Completed in 209ms
410 timing reifyNode:node_modules/which Completed in 215ms
411 timing reifyNode:node_modules/minimatch Completed in 215ms
412 timing reifyNode:node_modules/msgpackr-extract Completed in 214ms
413 timing reifyNode:node_modules/npm-run-all/node_modules/color-name Completed in 216ms
414 timing reifyNode:node_modules/spdx-expression-parse Completed in 220ms
415 timing reifyNode:node_modules/rimraf Completed in 220ms
416 timing reifyNode:node_modules/node-gyp-build-optional-packages Completed in 220ms
417 timing reifyNode:node_modules/node-gyp-build Completed in 220ms
418 timing reifyNode:node_modules/hosted-git-info Completed in 225ms
419 timing reifyNode:node_modules/concat-map Completed in 225ms
420 timing reifyNode:node_modules/npm-run-all/node_modules/color-convert Completed in 225ms
421 timing reifyNode:node_modules/isexe Completed in 229ms
422 timing reifyNode:node_modules/npm-run-all/node_modules/chalk Completed in 229ms
423 timing reifyNode:node_modules/glob Completed in 233ms
424 timing reifyNode:node_modules/memorystream Completed in 233ms
425 timing reifyNode:node_modules/is-weakref Completed in 236ms
426 timing reifyNode:node_modules/cross-spawn Completed in 236ms
427 timing reifyNode:node_modules/is-regex Completed in 239ms
428 timing reifyNode:node_modules/define-properties Completed in 240ms
429 timing reifyNode:node_modules/is-number-object Completed in 243ms
430 timing reifyNode:node_modules/is-bigint Completed in 242ms
431 timing reifyNode:node_modules/has-bigints Completed in 242ms
432 timing reifyNode:node_modules/side-channel Completed in 242ms
433 timing reifyNode:node_modules/is-string Completed in 242ms
434 timing reifyNode:node_modules/is-shared-array-buffer Completed in 242ms
435 timing reifyNode:node_modules/is-callable Completed in 242ms
436 timing reifyNode:node_modules/normalize-package-data Completed in 242ms
437 timing reifyNode:node_modules/pidtree Completed in 241ms
438 timing reifyNode:node_modules/is-boolean-object Completed in 244ms
439 timing reifyNode:node_modules/which-boxed-primitive Completed in 244ms
440 timing reifyNode:node_modules/is-symbol Completed in 244ms
441 timing reifyNode:node_modules/is-date-object Completed in 244ms
442 timing reifyNode:node_modules/unbox-primitive Completed in 244ms
443 timing reifyNode:node_modules/is-negative-zero Completed in 244ms
444 timing reifyNode:node_modules/internal-slot Completed in 245ms
445 timing reifyNode:node_modules/get-symbol-description Completed in 245ms
446 timing reifyNode:node_modules/object-keys Completed in 246ms
447 timing reifyNode:node_modules/get-intrinsic Completed in 246ms
448 timing reifyNode:node_modules/call-bind Completed in 245ms
449 timing reifyNode:node_modules/has-tostringtag Completed in 248ms
450 timing reifyNode:node_modules/string.prototype.trimstart Completed in 248ms
451 timing reifyNode:node_modules/string.prototype.trimend Completed in 248ms
452 timing reifyNode:node_modules/string.prototype.padend Completed in 248ms
453 timing reifyNode:node_modules/has-symbols Completed in 250ms
454 timing reifyNode:node_modules/shell-quote Completed in 249ms
455 timing reifyNode:node_modules/es-to-primitive Completed in 252ms
456 timing reifyNode:node_modules/object.assign Completed in 255ms
457 http fetch GET 200 https://registry.npmjs.org/graceful-fs/-/graceful-fs-4.2.10.tgz 215ms (cache miss)
458 timing reifyNode:node_modules/graceful-fs Completed in 257ms
459 timing reifyNode:node_modules/object-inspect Completed in 263ms
460 timing reifyNode:node_modules/npm-run-all Completed in 262ms
461 http fetch POST 200 https://registry.npmjs.org/-/npm/v1/security/advisories/bulk 295ms
462 timing auditReport:getReport Completed in 299ms
463 silly audit report {}
464 timing auditReport:init Completed in 0ms
465 timing reify:audit Completed in 300ms
466 timing reifyNode:node_modules/es-abstract Completed in 451ms
467 timing reify:unpack Completed in 453ms
468 timing reify:unretire Completed in 0ms
469 timing build:queue Completed in 3ms
470 timing build:link:node_modules/node-gyp-build Completed in 5ms
471 timing build:link:node_modules/node-gyp-build-optional-packages Completed in 5ms
472 timing build:link:node_modules/npm-run-all Completed in 5ms
473 timing build:link:node_modules/pidtree Completed in 4ms
474 timing build:link:node_modules/rimraf Completed in 4ms
475 timing build:link:node_modules/which Completed in 4ms
476 timing build:link Completed in 5ms
477 info run msgpackr-extract@1.1.4 install node_modules/msgpackr-extract node-gyp-build-optional-packages
478 info run msgpackr-extract@1.1.4 install { code: 1, signal: null }
479 verbose reify failed optional dependency /home/smelladoc/node_modules/msgpackr-extract
480 silly reify mark deleted [ '/home/smelladoc/node_modules/msgpackr-extract' ]
481 verbose reify failed optional dependency /home/smelladoc/node_modules/node-gyp-build-optional-packages
482 silly reify mark deleted [
482 silly reify   '/home/smelladoc/node_modules/node-gyp-build-optional-packages',
482 silly reify   '/home/smelladoc/node_modules/.bin/node-gyp-build-optional',
482 silly reify   '/home/smelladoc/node_modules/.bin/node-gyp-build-optional-packages',
482 silly reify   '/home/smelladoc/node_modules/.bin/node-gyp-build-test'
482 silly reify ]
483 timing build:run:install:node_modules/msgpackr-extract Completed in 334ms
484 timing build:run:install Completed in 334ms
485 timing build:deps Completed in 343ms
486 timing build Completed in 343ms
487 timing reify:build Completed in 344ms
488 timing reify:trash Completed in 5ms
489 timing reify:save Completed in 33ms
490 timing reify Completed in 8769ms
491 silly ADD node_modules/json-parse-better-errors
492 silly ADD node_modules/is-number-object
493 silly ADD node_modules/is-boolean-object
494 silly ADD node_modules/is-bigint
495 silly ADD node_modules/isexe
496 silly ADD node_modules/spdx-exceptions
497 silly ADD node_modules/spdx-license-ids
498 silly ADD node_modules/spdx-expression-parse
499 silly ADD node_modules/spdx-correct
500 silly ADD node_modules/which-boxed-primitive
501 silly ADD node_modules/has-bigints
502 silly ADD node_modules/has-tostringtag
503 silly ADD node_modules/side-channel
504 silly ADD node_modules/is-symbol
505 silly ADD node_modules/is-date-object
506 silly ADD node_modules/unbox-primitive
507 silly ADD node_modules/string.prototype.trimstart
508 silly ADD node_modules/string.prototype.trimend
509 silly ADD node_modules/object.assign
510 silly ADD node_modules/object-inspect
511 silly ADD node_modules/is-weakref
512 silly ADD node_modules/is-string
513 silly ADD node_modules/is-shared-array-buffer
514 silly ADD node_modules/is-regex
515 silly ADD node_modules/is-negative-zero
516 silly ADD node_modules/is-callable
517 silly ADD node_modules/internal-slot
518 silly ADD node_modules/has-symbols
519 silly ADD node_modules/get-symbol-description
520 silly ADD node_modules/es-to-primitive
521 silly ADD node_modules/object-keys
522 silly ADD node_modules/get-intrinsic
523 silly ADD node_modules/es-abstract
524 silly ADD node_modules/define-properties
525 silly ADD node_modules/call-bind
526 silly ADD node_modules/shebang-regex
527 silly ADD node_modules/wrappy
528 silly ADD node_modules/path-is-absolute
529 silly ADD node_modules/once
530 silly ADD node_modules/inherits
531 silly ADD node_modules/inflight
532 silly ADD node_modules/fs.realpath
533 silly ADD node_modules/glob
534 silly ADD node_modules/validate-npm-package-license
535 silly ADD node_modules/hosted-git-info
536 silly ADD node_modules/strip-bom
537 silly ADD node_modules/pify
538 silly ADD node_modules/graceful-fs
539 silly ADD node_modules/normalize-package-data
540 silly ADD node_modules/load-json-file
541 silly ADD node_modules/load-json-file/node_modules/parse-json
542 silly ADD node_modules/concat-map
543 silly ADD node_modules/balanced-match
544 silly ADD node_modules/brace-expansion
545 silly ADD node_modules/which
546 silly ADD node_modules/shebang-command
547 silly ADD node_modules/path-key
548 silly ADD node_modules/nice-try
549 silly ADD node_modules/string.prototype.padend
550 silly ADD node_modules/shell-quote
551 silly ADD node_modules/read-pkg
552 silly ADD node_modules/read-pkg/node_modules/path-type
553 silly ADD node_modules/pidtree
554 silly ADD node_modules/minimatch
555 silly ADD node_modules/memorystream
556 silly ADD node_modules/cross-spawn
557 silly ADD node_modules/rimraf
558 silly ADD node_modules/npm-run-all
559 silly ADD node_modules/npm-run-all/node_modules/has-flag
560 silly ADD node_modules/npm-run-all/node_modules/color-name
561 silly ADD node_modules/npm-run-all/node_modules/supports-color
562 silly ADD node_modules/npm-run-all/node_modules/color-convert
563 silly ADD node_modules/npm-run-all/node_modules/chalk
564 silly ADD node_modules/npm-run-all/node_modules/ansi-styles
565 silly ADD
566 silly ADD
567 silly ADD
568 silly ADD
569 silly ADD
570 silly ADD
571 silly ADD
572 silly ADD
573 silly ADD
574 silly ADD
575 silly ADD
576 silly ADD
577 silly ADD
578 silly ADD
579 silly CHANGE node_modules/node-gyp-build
580 timing command:install Completed in 8776ms
581 verbose exit 0
582 timing npm Completed in 8900ms
583 info ok
