0 verbose cli [
0 verbose cli   '/usr/bin/node',
0 verbose cli   '/usr/bin/npm',
0 verbose cli   'install',
0 verbose cli   '--json',
0 verbose cli   '--save-dev',
0 verbose cli   'autoprefixer@^10.0.2',
0 verbose cli   'postcss@^8.0.9'
0 verbose cli ]
1 info using npm@8.5.5
2 info using node@v17.8.0
3 timing npm:load:whichnode Completed in 0ms
4 timing config:load:defaults Completed in 1ms
5 timing config:load:file:/usr/lib/node_modules/npm/npmrc Completed in 1ms
6 timing config:load:builtin Completed in 1ms
7 timing config:load:cli Completed in 1ms
8 timing config:load:env Completed in 1ms
9 timing config:load:project Completed in 2ms
10 verbose config init.author.email Use `--init-author-email` instead.
11 verbose config init.author.name Use `--init-author-name` instead.
12 verbose config init.license Use `--init-license` instead.
13 timing config:load:file:/home/smelladoc/.npmrc Completed in 2ms
14 timing config:load:user Completed in 2ms
15 timing config:load:file:/usr/etc/npmrc Completed in 1ms
16 timing config:load:global Completed in 1ms
17 timing config:load:validate Completed in 0ms
18 timing config:load:credentials Completed in 0ms
19 timing config:load:setEnvs Completed in 1ms
20 timing config:load Completed in 10ms
21 timing npm:load:configload Completed in 10ms
22 timing npm:load:setTitle Completed in 1ms
23 timing config:load:flatten Completed in 1ms
24 timing npm:load:display Completed in 2ms
25 verbose logfile /home/smelladoc/.npm/_logs/2022-04-11T23_03_36_255Z-debug-0.log
26 timing npm:load:logFile Completed in 3ms
27 timing npm:load:timers Completed in 0ms
28 timing npm:load:configScope Completed in 0ms
29 timing npm:load Completed in 16ms
30 timing arborist:ctor Completed in 1ms
31 silly logfile start cleaning logs, removing 1 files
32 timing idealTree:init Completed in 89ms
33 timing idealTree:userRequests Completed in 1ms
34 silly idealTree buildDeps
35 silly fetch manifest autoprefixer@^10.0.2
36 timing arborist:ctor Completed in 0ms
37 http fetch GET 200 https://registry.npmjs.org/autoprefixer 71ms (cache hit)
38 silly fetch manifest postcss@^8.0.9
39 http fetch GET 200 https://registry.npmjs.org/postcss 3ms (cache hit)
40 silly placeDep ROOT autoprefixer@10.4.4 REPLACE for: smelladoc@1.0.0 want: ^10.0.2
41 silly placeDep ROOT postcss@8.4.12 REPLACE for: smelladoc@1.0.0 want: ^8.0.9
42 timing idealTree:#root Completed in 84ms
43 timing idealTree:node_modules/autoprefixer Completed in 0ms
44 timing idealTree:node_modules/postcss Completed in 0ms
45 timing idealTree:buildDeps Completed in 86ms
46 timing idealTree:fixDepFlags Completed in 1ms
47 timing idealTree Completed in 179ms
48 timing reify:loadTrees Completed in 179ms
49 timing reify:diffTrees Completed in 4ms
50 silly reify mark retired [
50 silly reify   '/home/smelladoc/node_modules/node-gyp-build',
50 silly reify   '/home/smelladoc/node_modules/.bin/node-gyp-build',
50 silly reify   '/home/smelladoc/node_modules/.bin/node-gyp-build-optional',
50 silly reify   '/home/smelladoc/node_modules/.bin/node-gyp-build-test'
50 silly reify ]
51 silly reify moves {
51 silly reify   '/home/smelladoc/node_modules/node-gyp-build': '/home/smelladoc/node_modules/.node-gyp-build-NkD6kP9T',
51 silly reify   '/home/smelladoc/node_modules/.bin/node-gyp-build': '/home/smelladoc/node_modules/.bin/.node-gyp-build-7JNzCxES',
51 silly reify   '/home/smelladoc/node_modules/.bin/node-gyp-build-optional': '/home/smelladoc/node_modules/.bin/.node-gyp-build-optional-azitOr09',
51 silly reify   '/home/smelladoc/node_modules/.bin/node-gyp-build-test': '/home/smelladoc/node_modules/.bin/.node-gyp-build-test-D204KGRo'
51 silly reify }
52 timing reify:retireShallow Completed in 3ms
53 timing reify:createSparse Completed in 3ms
54 timing reify:loadBundles Completed in 0ms
55 silly audit bulk request {
55 silly audit   '@babel/code-frame': [ '7.16.7' ],
55 silly audit   '@babel/helper-validator-identifier': [ '7.16.7' ],
55 silly audit   '@babel/highlight': [ '7.17.9' ],
55 silly audit   'ansi-styles': [ '3.2.1', '4.3.0' ],
55 silly audit   chalk: [ '2.4.2', '4.1.2' ],
55 silly audit   'color-convert': [ '1.9.3', '2.0.1' ],
55 silly audit   'color-name': [ '1.1.3', '1.1.4' ],
55 silly audit   'has-flag': [ '3.0.0', '4.0.0' ],
55 silly audit   'supports-color': [ '5.5.0', '7.2.0' ],
55 silly audit   '@nodelib/fs.scandir': [ '2.1.5' ],
55 silly audit   '@nodelib/fs.stat': [ '2.0.5' ],
55 silly audit   '@nodelib/fs.walk': [ '1.2.8' ],
55 silly audit   '@parcel/bundler-default': [ '2.4.1' ],
55 silly audit   '@parcel/cache': [ '2.4.1' ],
55 silly audit   '@parcel/codeframe': [ '2.4.1' ],
55 silly audit   '@parcel/compressor-raw': [ '2.4.1' ],
55 silly audit   '@parcel/config-default': [ '2.4.1' ],
55 silly audit   '@parcel/core': [ '2.4.1' ],
55 silly audit   '@parcel/css': [ '1.8.1' ],
55 silly audit   '@parcel/css-darwin-arm64': [ '1.8.1' ],
55 silly audit   '@parcel/css-darwin-x64': [ '1.8.1' ],
55 silly audit   '@parcel/css-linux-arm-gnueabihf': [ '1.8.1' ],
55 silly audit   '@parcel/css-linux-arm64-gnu': [ '1.8.1' ],
55 silly audit   '@parcel/css-linux-arm64-musl': [ '1.8.1' ],
55 silly audit   '@parcel/css-linux-x64-gnu': [ '1.8.1' ],
55 silly audit   '@parcel/css-linux-x64-musl': [ '1.8.1' ],
55 silly audit   '@parcel/css-win32-x64-msvc': [ '1.8.1' ],
55 silly audit   '@parcel/diagnostic': [ '2.4.1' ],
55 silly audit   '@parcel/events': [ '2.4.1' ],
55 silly audit   '@parcel/fs': [ '2.4.1' ],
55 silly audit   '@parcel/fs-search': [ '2.4.1' ],
55 silly audit   '@parcel/graph': [ '2.4.1' ],
55 silly audit   '@parcel/hash': [ '2.4.1' ],
55 silly audit   '@parcel/logger': [ '2.4.1' ],
55 silly audit   '@parcel/markdown-ansi': [ '2.4.1' ],
55 silly audit   '@parcel/namer-default': [ '2.4.1' ],
55 silly audit   '@parcel/node-resolver-core': [ '2.4.1' ],
55 silly audit   '@parcel/optimizer-css': [ '2.4.1' ],
55 silly audit   '@parcel/optimizer-htmlnano': [ '2.4.1' ],
55 silly audit   '@parcel/optimizer-image': [ '2.4.1' ],
55 silly audit   '@parcel/optimizer-svgo': [ '2.4.1' ],
55 silly audit   '@parcel/optimizer-terser': [ '2.4.1' ],
55 silly audit   '@parcel/package-manager': [ '2.4.1' ],
55 silly audit   '@parcel/packager-css': [ '2.4.1' ],
55 silly audit   '@parcel/packager-html': [ '2.4.1' ],
55 silly audit   '@parcel/packager-js': [ '2.4.1' ],
55 silly audit   '@parcel/packager-raw': [ '2.4.1' ],
55 silly audit   '@parcel/packager-svg': [ '2.4.1' ],
55 silly audit   '@parcel/plugin': [ '2.4.1' ],
55 silly audit   '@parcel/reporter-cli': [ '2.4.1' ],
55 silly audit   '@parcel/reporter-dev-server': [ '2.4.1' ],
55 silly audit   '@parcel/resolver-default': [ '2.4.1' ],
55 silly audit   '@parcel/runtime-browser-hmr': [ '2.4.1' ],
55 silly audit   '@parcel/runtime-js': [ '2.4.1' ],
55 silly audit   '@parcel/runtime-react-refresh': [ '2.4.1' ],
55 silly audit   '@parcel/runtime-service-worker': [ '2.4.1' ],
55 silly audit   '@parcel/source-map': [ '2.0.2' ],
55 silly audit   '@parcel/transformer-babel': [ '2.4.1' ],
55 silly audit   '@parcel/transformer-css': [ '2.4.1' ],
55 silly audit   '@parcel/transformer-html': [ '2.4.1' ],
55 silly audit   '@parcel/transformer-image': [ '2.4.1' ],
55 silly audit   '@parcel/transformer-js': [ '2.4.1' ],
55 silly audit   '@parcel/transformer-json': [ '2.4.1' ],
55 silly audit   '@parcel/transformer-postcss': [ '2.4.1' ],
55 silly audit   '@parcel/transformer-posthtml': [ '2.4.1' ],
55 silly audit   '@parcel/transformer-raw': [ '2.4.1' ],
55 silly audit   '@parcel/transformer-react-refresh-wrap': [ '2.4.1' ],
55 silly audit   '@parcel/transformer-svg': [ '2.4.1' ],
55 silly audit   '@parcel/types': [ '2.4.1' ],
55 silly audit   '@parcel/utils': [ '2.4.1' ],
55 silly audit   '@parcel/watcher': [ '2.0.5' ],
55 silly audit   '@parcel/workers': [ '2.4.1' ],
55 silly audit   '@swc/helpers': [ '0.3.8' ],
55 silly audit   '@trysound/sax': [ '0.2.0' ],
55 silly audit   '@types/parse-json': [ '4.0.0' ],
55 silly audit   'abortcontroller-polyfill': [ '1.7.3' ],
55 silly audit   acorn: [ '8.7.0', '7.4.1' ],
55 silly audit   'acorn-node': [ '1.8.2' ],
55 silly audit   'acorn-walk': [ '7.2.0' ],
55 silly audit   anymatch: [ '3.1.2' ],
55 silly audit   arg: [ '5.0.1' ],
55 silly audit   'base-x': [ '3.0.9' ],
55 silly audit   'binary-extensions': [ '2.2.0' ],
55 silly audit   boolbase: [ '1.0.0' ],
55 silly audit   braces: [ '3.0.2' ],
55 silly audit   browserslist: [ '4.20.2' ],
55 silly audit   'buffer-from': [ '1.1.2' ],
55 silly audit   callsites: [ '3.1.0' ],
55 silly audit   'camelcase-css': [ '2.0.1' ],
55 silly audit   'caniuse-lite': [ '1.0.30001327' ],
55 silly audit   chokidar: [ '3.5.3' ],
55 silly audit   'glob-parent': [ '5.1.2', '6.0.2' ],
55 silly audit   'chrome-trace-event': [ '1.0.3' ],
55 silly audit   clone: [ '2.1.2' ],
55 silly audit   commander: [ '7.2.0', '2.20.3' ],
55 silly audit   cosmiconfig: [ '7.0.1' ],
55 silly audit   'css-select': [ '4.3.0' ],
55 silly audit   'css-tree': [ '1.1.3' ],
55 silly audit   'css-what': [ '6.1.0' ],
55 silly audit   cssesc: [ '3.0.0' ],
55 silly audit   csso: [ '4.2.0' ],
55 silly audit   defined: [ '1.0.0' ],
55 silly audit   'detect-libc': [ '1.0.3' ],
55 silly audit   detective: [ '5.2.0' ],
55 silly audit   didyoumean: [ '1.2.2' ],
55 silly audit   dlv: [ '1.1.3' ],
55 silly audit   'dom-serializer': [ '1.4.1' ],
55 silly audit   entities: [ '2.2.0', '3.0.1' ],
55 silly audit   domelementtype: [ '2.3.0' ],
55 silly audit   domhandler: [ '4.3.1' ],
55 silly audit   domutils: [ '2.8.0' ],
55 silly audit   dotenv: [ '7.0.0' ],
55 silly audit   'dotenv-expand': [ '5.1.0' ],
55 silly audit   'electron-to-chromium': [ '1.4.106' ],
55 silly audit   'error-ex': [ '1.3.2' ],
55 silly audit   escalade: [ '3.1.1' ],
55 silly audit   'escape-string-regexp': [ '1.0.5' ],
55 silly audit   'fast-glob': [ '3.2.11' ],
55 silly audit   fastq: [ '1.13.0' ],
55 silly audit   'fill-range': [ '7.0.1' ],
55 silly audit   'fraction.js': [ '4.2.0' ],
55 silly audit   fsevents: [ '2.3.2' ],
55 silly audit   'function-bind': [ '1.1.1' ],
55 silly audit   'get-port': [ '4.2.0' ],
55 silly audit   globals: [ '13.13.0' ],
55 silly audit   has: [ '1.0.3' ],
55 silly audit   htmlnano: [ '2.0.2' ],
55 silly audit   htmlparser2: [ '7.2.0' ],
55 silly audit   'import-fresh': [ '3.3.0' ],
55 silly audit   'is-arrayish': [ '0.2.1' ],
55 silly audit   'is-binary-path': [ '2.1.0' ],
55 silly audit   'is-core-module': [ '2.8.1' ],
55 silly audit   'is-extglob': [ '2.1.1' ],
55 silly audit   'is-glob': [ '4.0.3' ],
55 silly audit   'is-json': [ '2.0.1' ],
55 silly audit   'is-number': [ '7.0.0' ],
55 silly audit   'js-tokens': [ '4.0.0' ],
55 silly audit   'json-parse-even-better-errors': [ '2.3.1' ],
55 silly audit   'json-source-map': [ '0.6.1' ],
55 silly audit   json5: [ '2.2.1' ],
55 silly audit   lilconfig: [ '2.0.5' ],
55 silly audit   'lines-and-columns': [ '1.2.4' ],
55 silly audit   lmdb: [ '2.2.4' ],
55 silly audit   'mdn-data': [ '2.0.14' ],
55 silly audit   merge2: [ '1.4.1' ],
55 silly audit   micromatch: [ '4.0.5' ],
55 silly audit   minimist: [ '1.2.6' ],
55 silly audit   msgpackr: [ '1.5.5' ],
55 silly audit   'msgpackr-extract': [ '1.1.4' ],
55 silly audit   'msgpackr-extract-darwin-arm64': [ '1.1.0' ],
55 silly audit   'msgpackr-extract-darwin-x64': [ '1.1.0' ],
55 silly audit   'msgpackr-extract-linux-arm': [ '1.1.0' ],
55 silly audit   'msgpackr-extract-linux-arm64': [ '1.1.0' ],
55 silly audit   'msgpackr-extract-linux-x64': [ '1.1.0' ],
55 silly audit   'msgpackr-extract-win32-x64': [ '1.1.0' ],
55 silly audit   nan: [ '2.15.0' ],
55 silly audit   nanoid: [ '3.3.2' ],
55 silly audit   'node-addon-api': [ '3.2.1' ],
55 silly audit   'node-gyp-build': [ '4.4.0' ],
55 silly audit   'node-gyp-build-optional-packages': [ '4.3.2' ],
55 silly audit   'node-releases': [ '2.0.3' ],
55 silly audit   'normalize-path': [ '3.0.0' ],
55 silly audit   'normalize-range': [ '0.1.2' ],
55 silly audit   'nth-check': [ '2.0.1' ],
55 silly audit   nullthrows: [ '1.1.1' ],
55 silly audit   'object-hash': [ '2.2.0' ],
55 silly audit   'ordered-binary': [ '1.2.5' ],
55 silly audit   parcel: [ '2.4.1' ],
55 silly audit   'parent-module': [ '1.0.1' ],
55 silly audit   'parse-json': [ '5.2.0' ],
55 silly audit   'path-parse': [ '1.0.7' ],
55 silly audit   'path-type': [ '4.0.0' ],
55 silly audit   picocolors: [ '1.0.0' ],
55 silly audit   picomatch: [ '2.3.1' ],
55 silly audit   'postcss-js': [ '4.0.0' ],
55 silly audit   'postcss-load-config': [ '3.1.4' ],
55 silly audit   'postcss-nested': [ '5.0.6' ],
55 silly audit   'postcss-selector-parser': [ '6.0.10' ],
55 silly audit   'postcss-value-parser': [ '4.2.0' ],
55 silly audit   posthtml: [ '0.16.6' ],
55 silly audit   'posthtml-parser': [ '0.10.2', '0.11.0' ],
55 silly audit   'posthtml-render': [ '3.0.0' ],
55 silly audit   'queue-microtask': [ '1.2.3' ],
55 silly audit   'quick-lru': [ '5.1.1' ],
55 silly audit   'react-refresh': [ '0.9.0' ],
55 silly audit   readdirp: [ '3.6.0' ],
55 silly audit   'regenerator-runtime': [ '0.13.9' ],
55 silly audit   resolve: [ '1.22.0' ],
55 silly audit   'resolve-from': [ '4.0.0' ],
55 silly audit   reusify: [ '1.0.4' ],
55 silly audit   'run-parallel': [ '1.2.0' ],
55 silly audit   'safe-buffer': [ '5.2.1' ],
55 silly audit   semver: [ '5.7.1' ],
55 silly audit   'source-map': [ '0.6.1', '0.7.3' ],
55 silly audit   'source-map-js': [ '1.0.2' ],
55 silly audit   'source-map-support': [ '0.5.21' ],
55 silly audit   stable: [ '0.1.8' ],
55 silly audit   'supports-preserve-symlinks-flag': [ '1.0.0' ],
55 silly audit   svgo: [ '2.8.0' ],
55 silly audit   tailwindcss: [ '3.0.23' ],
55 silly audit   'term-size': [ '2.2.1' ],
55 silly audit   terser: [ '5.12.1' ],
55 silly audit   timsort: [ '0.3.0' ],
55 silly audit   'to-regex-range': [ '5.0.1' ],
55 silly audit   'type-fest': [ '0.20.2' ],
55 silly audit   'util-deprecate': [ '1.0.2' ],
55 silly audit   'utility-types': [ '3.10.0' ],
55 silly audit   'v8-compile-cache': [ '2.3.0' ],
55 silly audit   'weak-lru-cache': [ '1.2.2' ],
55 silly audit   xtend: [ '4.0.2' ],
55 silly audit   'xxhash-wasm': [ '0.4.2' ],
55 silly audit   yaml: [ '1.10.2' ],
55 silly audit   autoprefixer: [ '10.4.4' ],
55 silly audit   postcss: [ '8.4.12' ]
55 silly audit }
56 verbose reify failed optional dependency /home/smelladoc/node_modules/msgpackr-extract-win32-x64
57 silly reify mark deleted [ '/home/smelladoc/node_modules/msgpackr-extract-win32-x64' ]
58 verbose reify failed optional dependency /home/smelladoc/node_modules/msgpackr-extract-linux-arm64
59 silly reify mark deleted [ '/home/smelladoc/node_modules/msgpackr-extract-linux-arm64' ]
60 verbose reify failed optional dependency /home/smelladoc/node_modules/msgpackr-extract-linux-arm
61 silly reify mark deleted [ '/home/smelladoc/node_modules/msgpackr-extract-linux-arm' ]
62 verbose reify failed optional dependency /home/smelladoc/node_modules/msgpackr-extract-darwin-x64
63 silly reify mark deleted [ '/home/smelladoc/node_modules/msgpackr-extract-darwin-x64' ]
64 verbose reify failed optional dependency /home/smelladoc/node_modules/msgpackr-extract-darwin-arm64
65 silly reify mark deleted [ '/home/smelladoc/node_modules/msgpackr-extract-darwin-arm64' ]
66 verbose reify failed optional dependency /home/smelladoc/node_modules/fsevents
67 silly reify mark deleted [ '/home/smelladoc/node_modules/fsevents' ]
68 verbose reify failed optional dependency /home/smelladoc/node_modules/@parcel/css-win32-x64-msvc
69 silly reify mark deleted [ '/home/smelladoc/node_modules/@parcel/css-win32-x64-msvc' ]
70 verbose reify failed optional dependency /home/smelladoc/node_modules/@parcel/css-linux-arm64-musl
71 silly reify mark deleted [ '/home/smelladoc/node_modules/@parcel/css-linux-arm64-musl' ]
72 verbose reify failed optional dependency /home/smelladoc/node_modules/@parcel/css-linux-arm64-gnu
73 silly reify mark deleted [ '/home/smelladoc/node_modules/@parcel/css-linux-arm64-gnu' ]
74 verbose reify failed optional dependency /home/smelladoc/node_modules/@parcel/css-linux-arm-gnueabihf
75 silly reify mark deleted [ '/home/smelladoc/node_modules/@parcel/css-linux-arm-gnueabihf' ]
76 verbose reify failed optional dependency /home/smelladoc/node_modules/@parcel/css-darwin-x64
77 silly reify mark deleted [ '/home/smelladoc/node_modules/@parcel/css-darwin-x64' ]
78 verbose reify failed optional dependency /home/smelladoc/node_modules/@parcel/css-darwin-arm64
79 silly reify mark deleted [ '/home/smelladoc/node_modules/@parcel/css-darwin-arm64' ]
80 timing reifyNode:node_modules/msgpackr-extract-win32-x64 Completed in 59ms
81 timing reifyNode:node_modules/msgpackr-extract-linux-arm64 Completed in 59ms
82 timing reifyNode:node_modules/msgpackr-extract-linux-arm Completed in 59ms
83 timing reifyNode:node_modules/msgpackr-extract-darwin-x64 Completed in 59ms
84 timing reifyNode:node_modules/msgpackr-extract-darwin-arm64 Completed in 58ms
85 timing reifyNode:node_modules/fsevents Completed in 58ms
86 timing reifyNode:node_modules/@parcel/css-win32-x64-msvc Completed in 58ms
87 timing reifyNode:node_modules/@parcel/css-linux-arm64-musl Completed in 58ms
88 timing reifyNode:node_modules/@parcel/css-linux-arm64-gnu Completed in 58ms
89 timing reifyNode:node_modules/@parcel/css-linux-arm-gnueabihf Completed in 58ms
90 timing reifyNode:node_modules/@parcel/css-darwin-x64 Completed in 58ms
91 timing reifyNode:node_modules/@parcel/css-darwin-arm64 Completed in 58ms
92 timing reifyNode:node_modules/msgpackr-extract Completed in 76ms
93 timing reifyNode:node_modules/node-gyp-build-optional-packages Completed in 78ms
94 timing reifyNode:node_modules/node-gyp-build Completed in 77ms
95 timing reify:unpack Completed in 78ms
96 timing reify:unretire Completed in 0ms
97 timing build:queue Completed in 2ms
98 timing build:link:node_modules/node-gyp-build Completed in 2ms
99 timing build:link:node_modules/node-gyp-build-optional-packages Completed in 3ms
100 timing build:link Completed in 3ms
101 info run msgpackr-extract@1.1.4 install node_modules/msgpackr-extract node-gyp-build-optional-packages
102 http fetch POST 200 https://registry.npmjs.org/-/npm/v1/security/advisories/bulk 404ms
103 timing auditReport:getReport Completed in 407ms
104 silly audit report {}
105 timing auditReport:init Completed in 0ms
106 timing reify:audit Completed in 408ms
107 info run msgpackr-extract@1.1.4 install { code: 1, signal: null }
108 verbose reify failed optional dependency /home/smelladoc/node_modules/msgpackr-extract
109 silly reify mark deleted [ '/home/smelladoc/node_modules/msgpackr-extract' ]
110 verbose reify failed optional dependency /home/smelladoc/node_modules/node-gyp-build-optional-packages
111 silly reify mark deleted [
111 silly reify   '/home/smelladoc/node_modules/node-gyp-build-optional-packages',
111 silly reify   '/home/smelladoc/node_modules/.bin/node-gyp-build-optional',
111 silly reify   '/home/smelladoc/node_modules/.bin/node-gyp-build-optional-packages',
111 silly reify   '/home/smelladoc/node_modules/.bin/node-gyp-build-test'
111 silly reify ]
112 timing build:run:install:node_modules/msgpackr-extract Completed in 327ms
113 timing build:run:install Completed in 327ms
114 timing build:deps Completed in 332ms
115 timing build Completed in 332ms
116 timing reify:build Completed in 332ms
117 timing reify:trash Completed in 6ms
118 timing reify:save Completed in 27ms
119 timing reify Completed in 650ms
120 silly ADD
121 silly ADD
122 silly ADD
123 silly ADD
124 silly ADD
125 silly ADD
126 silly ADD
127 silly ADD
128 silly ADD
129 silly ADD
130 silly ADD
131 silly ADD
132 silly ADD
133 silly ADD
134 silly CHANGE node_modules/node-gyp-build
135 timing command:install Completed in 656ms
136 verbose exit 0
137 timing npm Completed in 778ms
138 info ok
