0 verbose cli [
0 verbose cli   '/usr/bin/node',
0 verbose cli   '/usr/lib/node_modules/npm/bin/npm-cli.js',
0 verbose cli   'run',
0 verbose cli   'parcel:build'
0 verbose cli ]
1 info using npm@8.5.5
2 info using node@v17.8.0
3 timing npm:load:whichnode Completed in 0ms
4 timing config:load:defaults Completed in 1ms
5 timing config:load:file:/usr/lib/node_modules/npm/npmrc Completed in 1ms
6 timing config:load:builtin Completed in 1ms
7 timing config:load:cli Completed in 1ms
8 timing config:load:env Completed in 1ms
9 timing config:load:project Completed in 3ms
10 verbose config init.author.email Use `--init-author-email` instead.
11 verbose config init.author.name Use `--init-author-name` instead.
12 verbose config init.license Use `--init-license` instead.
13 timing config:load:file:/home/smelladoc/.npmrc Completed in 2ms
14 timing config:load:user Completed in 2ms
15 timing config:load:file:/usr/etc/npmrc Completed in 0ms
16 timing config:load:global Completed in 0ms
17 timing config:load:validate Completed in 1ms
18 timing config:load:credentials Completed in 0ms
19 timing config:load:setEnvs Completed in 1ms
20 timing config:load Completed in 11ms
21 timing npm:load:configload Completed in 11ms
22 timing npm:load:setTitle Completed in 0ms
23 timing config:load:flatten Completed in 2ms
24 timing npm:load:display Completed in 3ms
25 verbose logfile /home/smelladoc/.npm/_logs/2022-05-13T17_59_36_619Z-debug-0.log
26 timing npm:load:logFile Completed in 3ms
27 timing npm:load:timers Completed in 0ms
28 timing npm:load:configScope Completed in 0ms
29 timing npm:load Completed in 18ms
30 silly logfile start cleaning logs, removing 1 files
31 timing command:run Completed in 6796ms
32 verbose exit 0
33 timing npm Completed in 6888ms
34 info ok
