0 verbose cli [ '/usr/bin/node', '/usr/bin/npm', 'install', 'loglevel' ]
1 info using npm@8.5.5
2 info using node@v17.8.0
3 timing npm:load:whichnode Completed in 0ms
4 timing config:load:defaults Completed in 2ms
5 timing config:load:file:/usr/lib/node_modules/npm/npmrc Completed in 7ms
6 timing config:load:builtin Completed in 8ms
7 timing config:load:cli Completed in 1ms
8 timing config:load:env Completed in 0ms
9 timing config:load:project Completed in 3ms
10 verbose config init.author.email Use `--init-author-email` instead.
11 verbose config init.author.name Use `--init-author-name` instead.
12 verbose config init.license Use `--init-license` instead.
13 timing config:load:file:/home/smelladoc/.npmrc Completed in 2ms
14 timing config:load:user Completed in 2ms
15 timing config:load:file:/usr/etc/npmrc Completed in 0ms
16 timing config:load:global Completed in 0ms
17 timing config:load:validate Completed in 1ms
18 timing config:load:credentials Completed in 0ms
19 timing config:load:setEnvs Completed in 1ms
20 timing config:load Completed in 19ms
21 timing npm:load:configload Completed in 19ms
22 timing npm:load:setTitle Completed in 0ms
23 timing config:load:flatten Completed in 2ms
24 timing npm:load:display Completed in 3ms
25 verbose logfile /home/smelladoc/.npm/_logs/2022-04-12T19_53_20_272Z-debug-0.log
26 timing npm:load:logFile Completed in 5ms
27 timing npm:load:timers Completed in 0ms
28 timing npm:load:configScope Completed in 0ms
29 timing npm:load Completed in 29ms
30 timing arborist:ctor Completed in 1ms
31 silly logfile start cleaning logs, removing 1 files
32 timing idealTree:init Completed in 128ms
33 timing idealTree:userRequests Completed in 2ms
34 silly idealTree buildDeps
35 silly fetch manifest loglevel@*
36 verbose shrinkwrap failed to load node_modules/.package-lock.json out of date, updated: node_modules
37 http fetch GET 200 https://registry.npmjs.org/loglevel 1134ms (cache miss)
38 silly placeDep ROOT loglevel@1.8.0 OK for:  want: *
39 timing idealTree:#root Completed in 1139ms
40 timing idealTree:node_modules/loglevel Completed in 0ms
41 timing idealTree:buildDeps Completed in 1139ms
42 timing idealTree:fixDepFlags Completed in 2ms
43 timing idealTree Completed in 1275ms
44 timing reify:loadTrees Completed in 1275ms
45 timing reify:diffTrees Completed in 9ms
46 silly reify mark retired [
46 silly reify   '/home/smelladoc/node_modules/node-gyp-build',
46 silly reify   '/home/smelladoc/node_modules/.bin/node-gyp-build',
46 silly reify   '/home/smelladoc/node_modules/.bin/node-gyp-build-optional',
46 silly reify   '/home/smelladoc/node_modules/.bin/node-gyp-build-test'
46 silly reify ]
47 silly reify moves {
47 silly reify   '/home/smelladoc/node_modules/node-gyp-build': '/home/smelladoc/node_modules/.node-gyp-build-NkD6kP9T',
47 silly reify   '/home/smelladoc/node_modules/.bin/node-gyp-build': '/home/smelladoc/node_modules/.bin/.node-gyp-build-7JNzCxES',
47 silly reify   '/home/smelladoc/node_modules/.bin/node-gyp-build-optional': '/home/smelladoc/node_modules/.bin/.node-gyp-build-optional-azitOr09',
47 silly reify   '/home/smelladoc/node_modules/.bin/node-gyp-build-test': '/home/smelladoc/node_modules/.bin/.node-gyp-build-test-D204KGRo'
47 silly reify }
48 timing reify:retireShallow Completed in 5ms
49 timing reify:createSparse Completed in 4ms
50 timing reify:loadBundles Completed in 0ms
51 silly audit bulk request {
51 silly audit   '@babel/code-frame': [ '7.16.7' ],
51 silly audit   '@babel/helper-validator-identifier': [ '7.16.7' ],
51 silly audit   '@babel/highlight': [ '7.17.9' ],
51 silly audit   'ansi-styles': [ '3.2.1', '4.3.0' ],
51 silly audit   chalk: [ '2.4.2', '4.1.2' ],
51 silly audit   'color-convert': [ '1.9.3', '2.0.1' ],
51 silly audit   'color-name': [ '1.1.3', '1.1.4' ],
51 silly audit   'has-flag': [ '3.0.0', '4.0.0' ],
51 silly audit   'supports-color': [ '5.5.0', '7.2.0' ],
51 silly audit   '@nodelib/fs.scandir': [ '2.1.5' ],
51 silly audit   '@nodelib/fs.stat': [ '2.0.5' ],
51 silly audit   '@nodelib/fs.walk': [ '1.2.8' ],
51 silly audit   '@parcel/bundler-default': [ '2.4.1' ],
51 silly audit   '@parcel/cache': [ '2.4.1' ],
51 silly audit   '@parcel/codeframe': [ '2.4.1' ],
51 silly audit   '@parcel/compressor-raw': [ '2.4.1' ],
51 silly audit   '@parcel/config-default': [ '2.4.1' ],
51 silly audit   '@parcel/core': [ '2.4.1' ],
51 silly audit   '@parcel/css': [ '1.8.1' ],
51 silly audit   '@parcel/css-darwin-arm64': [ '1.8.1' ],
51 silly audit   '@parcel/css-darwin-x64': [ '1.8.1' ],
51 silly audit   '@parcel/css-linux-arm-gnueabihf': [ '1.8.1' ],
51 silly audit   '@parcel/css-linux-arm64-gnu': [ '1.8.1' ],
51 silly audit   '@parcel/css-linux-arm64-musl': [ '1.8.1' ],
51 silly audit   '@parcel/css-linux-x64-gnu': [ '1.8.1' ],
51 silly audit   '@parcel/css-linux-x64-musl': [ '1.8.1' ],
51 silly audit   '@parcel/css-win32-x64-msvc': [ '1.8.1' ],
51 silly audit   '@parcel/diagnostic': [ '2.4.1' ],
51 silly audit   '@parcel/events': [ '2.4.1' ],
51 silly audit   '@parcel/fs': [ '2.4.1' ],
51 silly audit   '@parcel/fs-search': [ '2.4.1' ],
51 silly audit   '@parcel/graph': [ '2.4.1' ],
51 silly audit   '@parcel/hash': [ '2.4.1' ],
51 silly audit   '@parcel/logger': [ '2.4.1' ],
51 silly audit   '@parcel/markdown-ansi': [ '2.4.1' ],
51 silly audit   '@parcel/namer-default': [ '2.4.1' ],
51 silly audit   '@parcel/node-resolver-core': [ '2.4.1' ],
51 silly audit   '@parcel/optimizer-css': [ '2.4.1' ],
51 silly audit   '@parcel/optimizer-htmlnano': [ '2.4.1' ],
51 silly audit   '@parcel/optimizer-image': [ '2.4.1' ],
51 silly audit   '@parcel/optimizer-svgo': [ '2.4.1' ],
51 silly audit   '@parcel/optimizer-terser': [ '2.4.1' ],
51 silly audit   '@parcel/package-manager': [ '2.4.1' ],
51 silly audit   '@parcel/packager-css': [ '2.4.1' ],
51 silly audit   '@parcel/packager-html': [ '2.4.1' ],
51 silly audit   '@parcel/packager-js': [ '2.4.1' ],
51 silly audit   '@parcel/packager-raw': [ '2.4.1' ],
51 silly audit   '@parcel/packager-svg': [ '2.4.1' ],
51 silly audit   '@parcel/plugin': [ '2.4.1' ],
51 silly audit   '@parcel/reporter-cli': [ '2.4.1' ],
51 silly audit   '@parcel/reporter-dev-server': [ '2.4.1' ],
51 silly audit   '@parcel/resolver-default': [ '2.4.1' ],
51 silly audit   '@parcel/runtime-browser-hmr': [ '2.4.1' ],
51 silly audit   '@parcel/runtime-js': [ '2.4.1' ],
51 silly audit   '@parcel/runtime-react-refresh': [ '2.4.1' ],
51 silly audit   '@parcel/runtime-service-worker': [ '2.4.1' ],
51 silly audit   '@parcel/source-map': [ '2.0.2' ],
51 silly audit   '@parcel/transformer-babel': [ '2.4.1' ],
51 silly audit   '@parcel/transformer-css': [ '2.4.1' ],
51 silly audit   '@parcel/transformer-html': [ '2.4.1' ],
51 silly audit   '@parcel/transformer-image': [ '2.4.1' ],
51 silly audit   '@parcel/transformer-js': [ '2.4.1' ],
51 silly audit   '@parcel/transformer-json': [ '2.4.1' ],
51 silly audit   '@parcel/transformer-postcss': [ '2.4.1' ],
51 silly audit   '@parcel/transformer-posthtml': [ '2.4.1' ],
51 silly audit   '@parcel/transformer-raw': [ '2.4.1' ],
51 silly audit   '@parcel/transformer-react-refresh-wrap': [ '2.4.1' ],
51 silly audit   '@parcel/transformer-svg': [ '2.4.1' ],
51 silly audit   '@parcel/types': [ '2.4.1' ],
51 silly audit   '@parcel/utils': [ '2.4.1' ],
51 silly audit   '@parcel/watcher': [ '2.0.5' ],
51 silly audit   '@parcel/workers': [ '2.4.1' ],
51 silly audit   '@swc/helpers': [ '0.3.8' ],
51 silly audit   '@trysound/sax': [ '0.2.0' ],
51 silly audit   '@types/parse-json': [ '4.0.0' ],
51 silly audit   'abortcontroller-polyfill': [ '1.7.3' ],
51 silly audit   acorn: [ '8.7.0', '7.4.1' ],
51 silly audit   'acorn-node': [ '1.8.2' ],
51 silly audit   'acorn-walk': [ '7.2.0' ],
51 silly audit   anymatch: [ '3.1.2' ],
51 silly audit   arg: [ '5.0.1' ],
51 silly audit   autoprefixer: [ '10.4.4' ],
51 silly audit   'balanced-match': [ '1.0.2' ],
51 silly audit   'base-x': [ '3.0.9' ],
51 silly audit   'binary-extensions': [ '2.2.0' ],
51 silly audit   boolbase: [ '1.0.0' ],
51 silly audit   'brace-expansion': [ '1.1.11' ],
51 silly audit   braces: [ '3.0.2' ],
51 silly audit   browserslist: [ '4.20.2' ],
51 silly audit   'buffer-from': [ '1.1.2' ],
51 silly audit   'call-bind': [ '1.0.2' ],
51 silly audit   callsites: [ '3.1.0' ],
51 silly audit   'camelcase-css': [ '2.0.1' ],
51 silly audit   'caniuse-lite': [ '1.0.30001327' ],
51 silly audit   chokidar: [ '3.5.3' ],
51 silly audit   'glob-parent': [ '5.1.2', '6.0.2' ],
51 silly audit   'chrome-trace-event': [ '1.0.3' ],
51 silly audit   clone: [ '2.1.2' ],
51 silly audit   commander: [ '7.2.0', '2.20.3' ],
51 silly audit   'concat-map': [ '0.0.1' ],
51 silly audit   cosmiconfig: [ '7.0.1' ],
51 silly audit   'cross-spawn': [ '6.0.5' ],
51 silly audit   'css-select': [ '4.3.0' ],
51 silly audit   'css-tree': [ '1.1.3' ],
51 silly audit   'css-what': [ '6.1.0' ],
51 silly audit   cssesc: [ '3.0.0' ],
51 silly audit   csso: [ '4.2.0' ],
51 silly audit   'define-properties': [ '1.1.3' ],
51 silly audit   defined: [ '1.0.0' ],
51 silly audit   'detect-libc': [ '1.0.3' ],
51 silly audit   detective: [ '5.2.0' ],
51 silly audit   didyoumean: [ '1.2.2' ],
51 silly audit   dlv: [ '1.1.3' ],
51 silly audit   'dom-serializer': [ '1.4.1' ],
51 silly audit   entities: [ '2.2.0', '3.0.1' ],
51 silly audit   domelementtype: [ '2.3.0' ],
51 silly audit   domhandler: [ '4.3.1' ],
51 silly audit   domutils: [ '2.8.0' ],
51 silly audit   dotenv: [ '7.0.0' ],
51 silly audit   'dotenv-expand': [ '5.1.0' ],
51 silly audit   'electron-to-chromium': [ '1.4.106' ],
51 silly audit   'error-ex': [ '1.3.2' ],
51 silly audit   'es-abstract': [ '1.19.2' ],
51 silly audit   'es-to-primitive': [ '1.2.1' ],
51 silly audit   escalade: [ '3.1.1' ],
51 silly audit   'escape-string-regexp': [ '1.0.5' ],
51 silly audit   'fast-glob': [ '3.2.11' ],
51 silly audit   fastq: [ '1.13.0' ],
51 silly audit   'fill-range': [ '7.0.1' ],
51 silly audit   'fraction.js': [ '4.2.0' ],
51 silly audit   'fs.realpath': [ '1.0.0' ],
51 silly audit   fsevents: [ '2.3.2' ],
51 silly audit   'function-bind': [ '1.1.1' ],
51 silly audit   'get-intrinsic': [ '1.1.1' ],
51 silly audit   'get-port': [ '4.2.0' ],
51 silly audit   'get-symbol-description': [ '1.0.0' ],
51 silly audit   glob: [ '7.2.0' ],
51 silly audit   globals: [ '13.13.0' ],
51 silly audit   'graceful-fs': [ '4.2.10' ],
51 silly audit   has: [ '1.0.3' ],
51 silly audit   'has-bigints': [ '1.0.1' ],
51 silly audit   'has-symbols': [ '1.0.3' ],
51 silly audit   'has-tostringtag': [ '1.0.0' ],
51 silly audit   'hosted-git-info': [ '2.8.9' ],
51 silly audit   htmlnano: [ '2.0.2' ],
51 silly audit   htmlparser2: [ '7.2.0' ],
51 silly audit   'import-fresh': [ '3.3.0' ],
51 silly audit   inflight: [ '1.0.6' ],
51 silly audit   inherits: [ '2.0.4' ],
51 silly audit   'internal-slot': [ '1.0.3' ],
51 silly audit   'is-arrayish': [ '0.2.1' ],
51 silly audit   'is-bigint': [ '1.0.4' ],
51 silly audit   'is-binary-path': [ '2.1.0' ],
51 silly audit   'is-boolean-object': [ '1.1.2' ],
51 silly audit   'is-callable': [ '1.2.4' ],
51 silly audit   'is-core-module': [ '2.8.1' ],
51 silly audit   'is-date-object': [ '1.0.5' ],
51 silly audit   'is-extglob': [ '2.1.1' ],
51 silly audit   'is-glob': [ '4.0.3' ],
51 silly audit   'is-json': [ '2.0.1' ],
51 silly audit   'is-negative-zero': [ '2.0.2' ],
51 silly audit   'is-number': [ '7.0.0' ],
51 silly audit   'is-number-object': [ '1.0.7' ],
51 silly audit   'is-regex': [ '1.1.4' ],
51 silly audit   'is-shared-array-buffer': [ '1.0.2' ],
51 silly audit   'is-string': [ '1.0.7' ],
51 silly audit   'is-symbol': [ '1.0.4' ],
51 silly audit   'is-weakref': [ '1.0.2' ],
51 silly audit   isexe: [ '2.0.0' ],
51 silly audit   'js-tokens': [ '4.0.0' ],
51 silly audit   'json-parse-better-errors': [ '1.0.2' ],
51 silly audit   'json-parse-even-better-errors': [ '2.3.1' ],
51 silly audit   'json-source-map': [ '0.6.1' ],
51 silly audit   json5: [ '2.2.1' ],
51 silly audit   lilconfig: [ '2.0.5' ],
51 silly audit   'lines-and-columns': [ '1.2.4' ],
51 silly audit   lmdb: [ '2.2.4' ],
51 silly audit   'load-json-file': [ '4.0.0' ],
51 silly audit   'parse-json': [ '4.0.0', '5.2.0' ],
51 silly audit   'mdn-data': [ '2.0.14' ],
51 silly audit   memorystream: [ '0.3.1' ],
51 silly audit   merge2: [ '1.4.1' ],
51 silly audit   micromatch: [ '4.0.5' ],
51 silly audit   minimatch: [ '3.1.2' ],
51 silly audit   minimist: [ '1.2.6' ],
51 silly audit   msgpackr: [ '1.5.5' ],
51 silly audit   'msgpackr-extract': [ '1.1.4' ],
51 silly audit   'msgpackr-extract-darwin-arm64': [ '1.1.0' ],
51 silly audit   'msgpackr-extract-darwin-x64': [ '1.1.0' ],
51 silly audit   'msgpackr-extract-linux-arm': [ '1.1.0' ],
51 silly audit   'msgpackr-extract-linux-arm64': [ '1.1.0' ],
51 silly audit   'msgpackr-extract-linux-x64': [ '1.1.0' ],
51 silly audit   'msgpackr-extract-win32-x64': [ '1.1.0' ],
51 silly audit   nan: [ '2.15.0' ],
51 silly audit   nanoid: [ '3.3.2' ],
51 silly audit   'nice-try': [ '1.0.5' ],
51 silly audit   'node-addon-api': [ '3.2.1' ],
51 silly audit   'node-gyp-build': [ '4.4.0' ],
51 silly audit   'node-gyp-build-optional-packages': [ '4.3.2' ],
51 silly audit   'node-releases': [ '2.0.3' ],
51 silly audit   'normalize-package-data': [ '2.5.0' ],
51 silly audit   'normalize-path': [ '3.0.0' ],
51 silly audit   'normalize-range': [ '0.1.2' ],
51 silly audit   'npm-run-all': [ '4.1.5' ],
51 silly audit   'nth-check': [ '2.0.1' ],
51 silly audit   nullthrows: [ '1.1.1' ],
51 silly audit   'object-hash': [ '2.2.0' ],
51 silly audit   'object-inspect': [ '1.12.0' ],
51 silly audit   'object-keys': [ '1.1.1' ],
51 silly audit   'object.assign': [ '4.1.2' ],
51 silly audit   once: [ '1.4.0' ],
51 silly audit   'ordered-binary': [ '1.2.5' ],
51 silly audit   parcel: [ '2.4.1' ],
51 silly audit   'parent-module': [ '1.0.1' ],
51 silly audit   'path-is-absolute': [ '1.0.1' ],
51 silly audit   'path-key': [ '2.0.1' ],
51 silly audit   'path-parse': [ '1.0.7' ],
51 silly audit   'path-type': [ '4.0.0', '3.0.0' ],
51 silly audit   picocolors: [ '1.0.0' ],
51 silly audit   picomatch: [ '2.3.1' ],
51 silly audit   pidtree: [ '0.3.1' ],
51 silly audit   pify: [ '3.0.0' ],
51 silly audit   postcss: [ '8.4.12' ],
51 silly audit   'postcss-js': [ '4.0.0' ],
51 silly audit   'postcss-load-config': [ '3.1.4' ],
51 silly audit   'postcss-nested': [ '5.0.6' ],
51 silly audit   'postcss-selector-parser': [ '6.0.10' ],
51 silly audit   'postcss-value-parser': [ '4.2.0' ],
51 silly audit   posthtml: [ '0.16.6' ],
51 silly audit   'posthtml-parser': [ '0.10.2', '0.11.0' ],
51 silly audit   'posthtml-render': [ '3.0.0' ],
51 silly audit   'queue-microtask': [ '1.2.3' ],
51 silly audit   'quick-lru': [ '5.1.1' ],
51 silly audit   'react-refresh': [ '0.9.0' ],
51 silly audit   'read-pkg': [ '3.0.0' ],
51 silly audit   readdirp: [ '3.6.0' ],
51 silly audit   'regenerator-runtime': [ '0.13.9' ],
51 silly audit   resolve: [ '1.22.0' ],
51 silly audit   'resolve-from': [ '4.0.0' ],
51 silly audit   reusify: [ '1.0.4' ],
51 silly audit   rimraf: [ '3.0.2' ],
51 silly audit   'run-parallel': [ '1.2.0' ],
51 silly audit   'safe-buffer': [ '5.2.1' ],
51 silly audit   semver: [ '5.7.1' ],
51 silly audit   'shebang-command': [ '1.2.0' ],
51 silly audit   'shebang-regex': [ '1.0.0' ],
51 silly audit   'shell-quote': [ '1.7.3' ],
51 silly audit   'side-channel': [ '1.0.4' ],
51 silly audit   'source-map': [ '0.6.1', '0.7.3' ],
51 silly audit   'source-map-js': [ '1.0.2' ],
51 silly audit   'source-map-support': [ '0.5.21' ],
51 silly audit   'spdx-correct': [ '3.1.1' ],
51 silly audit   'spdx-exceptions': [ '2.3.0' ],
51 silly audit   'spdx-expression-parse': [ '3.0.1' ],
51 silly audit   'spdx-license-ids': [ '3.0.11' ],
51 silly audit   stable: [ '0.1.8' ],
51 silly audit   'string.prototype.padend': [ '3.1.3' ],
51 silly audit   'string.prototype.trimend': [ '1.0.4' ],
51 silly audit   'string.prototype.trimstart': [ '1.0.4' ],
51 silly audit   'strip-bom': [ '3.0.0' ],
51 silly audit   'supports-preserve-symlinks-flag': [ '1.0.0' ],
51 silly audit   svgo: [ '2.8.0' ],
51 silly audit   tailwindcss: [ '3.0.23' ],
51 silly audit   'term-size': [ '2.2.1' ],
51 silly audit   terser: [ '5.12.1' ],
51 silly audit   timsort: [ '0.3.0' ],
51 silly audit   'to-regex-range': [ '5.0.1' ],
51 silly audit   'type-fest': [ '0.20.2' ],
51 silly audit   'unbox-primitive': [ '1.0.1' ],
51 silly audit   'util-deprecate': [ '1.0.2' ],
51 silly audit   'utility-types': [ '3.10.0' ],
51 silly audit   'v8-compile-cache': [ '2.3.0' ],
51 silly audit   'validate-npm-package-license': [ '3.0.4' ],
51 silly audit   'weak-lru-cache': [ '1.2.2' ],
51 silly audit   which: [ '1.3.1' ],
51 silly audit   'which-boxed-primitive': [ '1.0.2' ],
51 silly audit   wrappy: [ '1.0.2' ],
51 silly audit   xtend: [ '4.0.2' ],
51 silly audit   'xxhash-wasm': [ '0.4.2' ],
51 silly audit   yaml: [ '1.10.2' ],
51 silly audit   loglevel: [ '1.8.0' ]
51 silly audit }
52 verbose reify failed optional dependency /home/smelladoc/node_modules/msgpackr-extract-win32-x64
53 silly reify mark deleted [ '/home/smelladoc/node_modules/msgpackr-extract-win32-x64' ]
54 verbose reify failed optional dependency /home/smelladoc/node_modules/msgpackr-extract-linux-arm64
55 silly reify mark deleted [ '/home/smelladoc/node_modules/msgpackr-extract-linux-arm64' ]
56 verbose reify failed optional dependency /home/smelladoc/node_modules/msgpackr-extract-linux-arm
57 silly reify mark deleted [ '/home/smelladoc/node_modules/msgpackr-extract-linux-arm' ]
58 verbose reify failed optional dependency /home/smelladoc/node_modules/msgpackr-extract-darwin-x64
59 silly reify mark deleted [ '/home/smelladoc/node_modules/msgpackr-extract-darwin-x64' ]
60 verbose reify failed optional dependency /home/smelladoc/node_modules/msgpackr-extract-darwin-arm64
61 silly reify mark deleted [ '/home/smelladoc/node_modules/msgpackr-extract-darwin-arm64' ]
62 verbose reify failed optional dependency /home/smelladoc/node_modules/fsevents
63 silly reify mark deleted [ '/home/smelladoc/node_modules/fsevents' ]
64 verbose reify failed optional dependency /home/smelladoc/node_modules/@parcel/css-win32-x64-msvc
65 silly reify mark deleted [ '/home/smelladoc/node_modules/@parcel/css-win32-x64-msvc' ]
66 verbose reify failed optional dependency /home/smelladoc/node_modules/@parcel/css-linux-arm64-musl
67 silly reify mark deleted [ '/home/smelladoc/node_modules/@parcel/css-linux-arm64-musl' ]
68 verbose reify failed optional dependency /home/smelladoc/node_modules/@parcel/css-linux-arm64-gnu
69 silly reify mark deleted [ '/home/smelladoc/node_modules/@parcel/css-linux-arm64-gnu' ]
70 verbose reify failed optional dependency /home/smelladoc/node_modules/@parcel/css-linux-arm-gnueabihf
71 silly reify mark deleted [ '/home/smelladoc/node_modules/@parcel/css-linux-arm-gnueabihf' ]
72 verbose reify failed optional dependency /home/smelladoc/node_modules/@parcel/css-darwin-x64
73 silly reify mark deleted [ '/home/smelladoc/node_modules/@parcel/css-darwin-x64' ]
74 verbose reify failed optional dependency /home/smelladoc/node_modules/@parcel/css-darwin-arm64
75 silly reify mark deleted [ '/home/smelladoc/node_modules/@parcel/css-darwin-arm64' ]
76 timing reifyNode:node_modules/msgpackr-extract-win32-x64 Completed in 6ms
77 timing reifyNode:node_modules/msgpackr-extract-linux-arm64 Completed in 6ms
78 timing reifyNode:node_modules/msgpackr-extract-linux-arm Completed in 6ms
79 timing reifyNode:node_modules/msgpackr-extract-darwin-x64 Completed in 6ms
80 timing reifyNode:node_modules/msgpackr-extract-darwin-arm64 Completed in 6ms
81 timing reifyNode:node_modules/fsevents Completed in 6ms
82 timing reifyNode:node_modules/@parcel/css-win32-x64-msvc Completed in 5ms
83 timing reifyNode:node_modules/@parcel/css-linux-arm64-musl Completed in 5ms
84 timing reifyNode:node_modules/@parcel/css-linux-arm64-gnu Completed in 5ms
85 timing reifyNode:node_modules/@parcel/css-linux-arm-gnueabihf Completed in 5ms
86 timing reifyNode:node_modules/@parcel/css-darwin-x64 Completed in 5ms
87 timing reifyNode:node_modules/@parcel/css-darwin-arm64 Completed in 5ms
88 silly tarball no local data for loglevel@https://registry.npmjs.org/loglevel/-/loglevel-1.8.0.tgz. Extracting by manifest.
89 timing reifyNode:node_modules/msgpackr-extract Completed in 31ms
90 timing reifyNode:node_modules/node-gyp-build-optional-packages Completed in 32ms
91 timing reifyNode:node_modules/node-gyp-build Completed in 30ms
92 http fetch GET 200 https://registry.npmjs.org/loglevel/-/loglevel-1.8.0.tgz 152ms (cache miss)
93 timing reifyNode:node_modules/loglevel Completed in 164ms
94 timing reify:unpack Completed in 165ms
95 timing reify:unretire Completed in 0ms
96 timing build:queue Completed in 2ms
97 timing build:link:node_modules/node-gyp-build Completed in 3ms
98 timing build:link:node_modules/node-gyp-build-optional-packages Completed in 2ms
99 timing build:link Completed in 3ms
100 info run msgpackr-extract@1.1.4 install node_modules/msgpackr-extract node-gyp-build-optional-packages
101 http fetch POST 200 https://registry.npmjs.org/-/npm/v1/security/advisories/bulk 292ms
102 timing auditReport:getReport Completed in 295ms
103 silly audit report {}
104 timing auditReport:init Completed in 0ms
105 timing reify:audit Completed in 296ms
106 info run msgpackr-extract@1.1.4 install { code: 1, signal: null }
107 verbose reify failed optional dependency /home/smelladoc/node_modules/msgpackr-extract
108 silly reify mark deleted [ '/home/smelladoc/node_modules/msgpackr-extract' ]
109 verbose reify failed optional dependency /home/smelladoc/node_modules/node-gyp-build-optional-packages
110 silly reify mark deleted [
110 silly reify   '/home/smelladoc/node_modules/node-gyp-build-optional-packages',
110 silly reify   '/home/smelladoc/node_modules/.bin/node-gyp-build-optional',
110 silly reify   '/home/smelladoc/node_modules/.bin/node-gyp-build-optional-packages',
110 silly reify   '/home/smelladoc/node_modules/.bin/node-gyp-build-test'
110 silly reify ]
111 timing build:run:install:node_modules/msgpackr-extract Completed in 441ms
112 timing build:run:install Completed in 441ms
113 timing build:deps Completed in 446ms
114 timing build Completed in 446ms
115 timing reify:build Completed in 446ms
116 timing reify:trash Completed in 5ms
117 timing reify:save Completed in 38ms
118 timing reify Completed in 1973ms
119 silly ADD node_modules/loglevel
120 silly ADD
121 silly ADD
122 silly ADD
123 silly ADD
124 silly ADD
125 silly ADD
126 silly ADD
127 silly ADD
128 silly ADD
129 silly ADD
130 silly ADD
131 silly ADD
132 silly ADD
133 silly ADD
134 silly CHANGE node_modules/node-gyp-build
135 timing command:install Completed in 1980ms
136 verbose exit 0
137 timing npm Completed in 2216ms
138 info ok
