0 verbose cli [ '/usr/bin/node', '/usr/bin/npm', 'install', '--save-dev', 'parcel' ]
1 info using npm@8.5.5
2 info using node@v17.8.0
3 timing npm:load:whichnode Completed in 0ms
4 timing config:load:defaults Completed in 1ms
5 timing config:load:file:/usr/lib/node_modules/npm/npmrc Completed in 2ms
6 timing config:load:builtin Completed in 2ms
7 timing config:load:cli Completed in 2ms
8 timing config:load:env Completed in 0ms
9 timing config:load:project Completed in 2ms
10 verbose config init.author.email Use `--init-author-email` instead.
11 verbose config init.author.name Use `--init-author-name` instead.
12 verbose config init.license Use `--init-license` instead.
13 timing config:load:file:/home/smelladoc/.npmrc Completed in 2ms
14 timing config:load:user Completed in 2ms
15 timing config:load:file:/usr/etc/npmrc Completed in 0ms
16 timing config:load:global Completed in 0ms
17 timing config:load:validate Completed in 0ms
18 timing config:load:credentials Completed in 1ms
19 timing config:load:setEnvs Completed in 0ms
20 timing config:load Completed in 10ms
21 timing npm:load:configload Completed in 10ms
22 timing npm:load:setTitle Completed in 1ms
23 timing config:load:flatten Completed in 2ms
24 timing npm:load:display Completed in 3ms
25 verbose logfile /home/smelladoc/.npm/_logs/2022-04-11T22_59_06_957Z-debug-0.log
26 timing npm:load:logFile Completed in 3ms
27 timing npm:load:timers Completed in 0ms
28 timing npm:load:configScope Completed in 0ms
29 timing npm:load Completed in 17ms
30 timing arborist:ctor Completed in 0ms
31 silly logfile start cleaning logs, removing 1 files
32 timing arborist:ctor Completed in 0ms
33 timing idealTree:init Completed in 9ms
34 timing idealTree:userRequests Completed in 1ms
35 silly idealTree buildDeps
36 silly fetch manifest parcel@*
37 http fetch GET 200 https://registry.npmjs.org/parcel 1107ms (cache revalidated)
38 silly placeDep ROOT parcel@2.4.1 OK for: smelladoc@1.0.0 want: *
39 silly fetch manifest @parcel/config-default@2.4.1
40 silly fetch manifest @parcel/core@2.4.1
41 silly fetch manifest @parcel/diagnostic@2.4.1
42 silly fetch manifest @parcel/events@2.4.1
43 silly fetch manifest @parcel/fs@2.4.1
44 silly fetch manifest @parcel/logger@2.4.1
45 silly fetch manifest @parcel/package-manager@2.4.1
46 silly fetch manifest @parcel/reporter-cli@2.4.1
47 silly fetch manifest @parcel/reporter-dev-server@2.4.1
48 silly fetch manifest @parcel/utils@2.4.1
49 silly fetch manifest chalk@^4.1.0
50 silly fetch manifest commander@^7.0.0
51 silly fetch manifest get-port@^4.2.0
52 silly fetch manifest v8-compile-cache@^2.0.0
53 http fetch GET 200 https://registry.npmjs.org/@parcel%2fdiagnostic 124ms (cache revalidated)
54 http fetch GET 200 https://registry.npmjs.org/@parcel%2fevents 248ms (cache revalidated)
55 http fetch GET 200 https://registry.npmjs.org/@parcel%2fcore 254ms (cache revalidated)
56 http fetch GET 200 https://registry.npmjs.org/commander 895ms (cache revalidated)
57 http fetch GET 200 https://registry.npmjs.org/v8-compile-cache 941ms (cache revalidated)
58 http fetch GET 200 https://registry.npmjs.org/chalk 967ms (cache revalidated)
59 http fetch GET 200 https://registry.npmjs.org/get-port 1013ms (cache revalidated)
60 http fetch GET 200 https://registry.npmjs.org/@parcel%2freporter-dev-server 1238ms (cache revalidated)
61 http fetch GET 200 https://registry.npmjs.org/@parcel%2futils 1329ms (cache revalidated)
62 http fetch GET 200 https://registry.npmjs.org/@parcel%2freporter-cli 1676ms (cache revalidated)
63 http fetch GET 200 https://registry.npmjs.org/@parcel%2fpackage-manager 1783ms (cache revalidated)
64 http fetch GET 200 https://registry.npmjs.org/@parcel%2ffs 1787ms (cache revalidated)
65 http fetch GET 200 https://registry.npmjs.org/@parcel%2flogger 1813ms (cache revalidated)
66 http fetch GET 200 https://registry.npmjs.org/@parcel%2fconfig-default 2183ms (cache revalidated)
67 timing idealTree:#root Completed in 3309ms
68 silly placeDep ROOT @parcel/config-default@2.4.1 OK for: parcel@2.4.1 want: 2.4.1
69 silly placeDep ROOT @parcel/core@2.4.1 OK for: @parcel/config-default@2.4.1 want: ^2.4.1
70 silly placeDep ROOT @parcel/diagnostic@2.4.1 OK for: parcel@2.4.1 want: 2.4.1
71 silly placeDep ROOT @parcel/events@2.4.1 OK for: parcel@2.4.1 want: 2.4.1
72 silly placeDep ROOT @parcel/fs@2.4.1 OK for: parcel@2.4.1 want: 2.4.1
73 silly placeDep ROOT @parcel/logger@2.4.1 OK for: parcel@2.4.1 want: 2.4.1
74 silly placeDep ROOT @parcel/package-manager@2.4.1 OK for: parcel@2.4.1 want: 2.4.1
75 silly placeDep ROOT @parcel/reporter-cli@2.4.1 OK for: parcel@2.4.1 want: 2.4.1
76 silly placeDep ROOT @parcel/reporter-dev-server@2.4.1 OK for: parcel@2.4.1 want: 2.4.1
77 silly placeDep ROOT @parcel/utils@2.4.1 OK for: parcel@2.4.1 want: 2.4.1
78 silly placeDep ROOT chalk@4.1.2 OK for: parcel@2.4.1 want: ^4.1.0
79 silly placeDep ROOT commander@7.2.0 OK for: parcel@2.4.1 want: ^7.0.0
80 silly placeDep ROOT get-port@4.2.0 OK for: parcel@2.4.1 want: ^4.2.0
81 silly placeDep ROOT v8-compile-cache@2.3.0 OK for: parcel@2.4.1 want: ^2.0.0
82 silly fetch manifest @parcel/bundler-default@2.4.1
83 silly fetch manifest @parcel/compressor-raw@2.4.1
84 silly fetch manifest @parcel/namer-default@2.4.1
85 silly fetch manifest @parcel/optimizer-css@2.4.1
86 silly fetch manifest @parcel/optimizer-htmlnano@2.4.1
87 silly fetch manifest @parcel/optimizer-image@2.4.1
88 silly fetch manifest @parcel/optimizer-svgo@2.4.1
89 silly fetch manifest @parcel/optimizer-terser@2.4.1
90 silly fetch manifest @parcel/packager-css@2.4.1
91 silly fetch manifest @parcel/packager-html@2.4.1
92 silly fetch manifest @parcel/packager-js@2.4.1
93 silly fetch manifest @parcel/packager-raw@2.4.1
94 silly fetch manifest @parcel/packager-svg@2.4.1
95 silly fetch manifest @parcel/resolver-default@2.4.1
96 silly fetch manifest @parcel/runtime-browser-hmr@2.4.1
97 silly fetch manifest @parcel/runtime-js@2.4.1
98 silly fetch manifest @parcel/runtime-react-refresh@2.4.1
99 silly fetch manifest @parcel/runtime-service-worker@2.4.1
100 silly fetch manifest @parcel/transformer-babel@2.4.1
101 silly fetch manifest @parcel/transformer-css@2.4.1
102 silly fetch manifest @parcel/transformer-html@2.4.1
103 silly fetch manifest @parcel/transformer-image@2.4.1
104 silly fetch manifest @parcel/transformer-js@2.4.1
105 silly fetch manifest @parcel/transformer-json@2.4.1
106 silly fetch manifest @parcel/transformer-postcss@2.4.1
107 silly fetch manifest @parcel/transformer-posthtml@2.4.1
108 silly fetch manifest @parcel/transformer-raw@2.4.1
109 silly fetch manifest @parcel/transformer-react-refresh-wrap@2.4.1
110 silly fetch manifest @parcel/transformer-svg@2.4.1
111 silly fetch manifest @parcel/cache@2.4.1
112 silly fetch manifest @parcel/graph@2.4.1
113 silly fetch manifest @parcel/hash@2.4.1
114 silly fetch manifest @parcel/plugin@2.4.1
115 silly fetch manifest @parcel/source-map@^2.0.0
116 silly fetch manifest @parcel/types@2.4.1
117 silly fetch manifest @parcel/workers@2.4.1
118 silly fetch manifest abortcontroller-polyfill@^1.1.9
119 silly fetch manifest base-x@^3.0.8
120 silly fetch manifest browserslist@^4.6.6
121 silly fetch manifest clone@^2.1.1
122 silly fetch manifest dotenv@^7.0.0
123 silly fetch manifest dotenv-expand@^5.1.0
124 silly fetch manifest json-source-map@^0.6.1
125 silly fetch manifest json5@^2.2.0
126 silly fetch manifest msgpackr@^1.5.4
127 silly fetch manifest nullthrows@^1.1.1
128 silly fetch manifest semver@^5.7.1
129 silly fetch manifest @parcel/fs-search@2.4.1
130 silly fetch manifest @parcel/watcher@^2.0.0
131 silly fetch manifest term-size@^2.2.1
132 silly fetch manifest @parcel/codeframe@2.4.1
133 silly fetch manifest @parcel/markdown-ansi@2.4.1
134 silly fetch manifest ansi-styles@^4.1.0
135 silly fetch manifest supports-color@^7.1.0
136 http fetch GET 200 https://registry.npmjs.org/@parcel%2foptimizer-terser 178ms (cache revalidated)
137 http fetch GET 200 https://registry.npmjs.org/@parcel%2fruntime-browser-hmr 177ms (cache revalidated)
138 http fetch GET 200 https://registry.npmjs.org/@parcel%2foptimizer-image 566ms (cache revalidated)
139 http fetch GET 200 https://registry.npmjs.org/@parcel%2foptimizer-css 567ms (cache revalidated)
140 http fetch GET 200 https://registry.npmjs.org/@parcel%2fpackager-js 1162ms (cache revalidated)
141 http fetch GET 200 https://registry.npmjs.org/@parcel%2fcompressor-raw 1180ms (cache revalidated)
142 http fetch GET 200 https://registry.npmjs.org/@parcel%2fresolver-default 1176ms (cache revalidated)
143 http fetch GET 200 https://registry.npmjs.org/@parcel%2fruntime-react-refresh 1186ms (cache revalidated)
144 http fetch GET 200 https://registry.npmjs.org/@parcel%2fpackager-html 1674ms (cache revalidated)
145 http fetch GET 200 https://registry.npmjs.org/@parcel%2fbundler-default 1755ms (cache revalidated)
146 http fetch GET 200 https://registry.npmjs.org/@parcel%2fpackager-css 1764ms (cache revalidated)
147 http fetch GET 200 https://registry.npmjs.org/@parcel%2fpackager-svg 1764ms (cache revalidated)
148 http fetch GET 200 https://registry.npmjs.org/@parcel%2foptimizer-htmlnano 1769ms (cache revalidated)
149 http fetch GET 200 https://registry.npmjs.org/@parcel%2fnamer-default 1774ms (cache revalidated)
150 http fetch GET 200 https://registry.npmjs.org/@parcel%2ftransformer-css 1806ms (cache revalidated)
151 http fetch GET 200 https://registry.npmjs.org/@parcel%2ftransformer-react-refresh-wrap 1827ms (cache revalidated)
152 http fetch GET 200 https://registry.npmjs.org/@parcel%2ftransformer-html 1846ms (cache revalidated)
153 http fetch GET 200 https://registry.npmjs.org/@parcel%2ftransformer-babel 1873ms (cache revalidated)
154 http fetch GET 200 https://registry.npmjs.org/@parcel%2fruntime-js 1940ms (cache revalidated)
155 http fetch GET 200 https://registry.npmjs.org/@parcel%2fplugin 1944ms (cache revalidated)
156 http fetch GET 200 https://registry.npmjs.org/@parcel%2fworkers 2047ms (cache revalidated)
157 http fetch GET 200 https://registry.npmjs.org/@parcel%2fpackager-raw 2094ms (cache revalidated)
158 http fetch GET 200 https://registry.npmjs.org/abortcontroller-polyfill 2117ms (cache revalidated)
159 http fetch GET 200 https://registry.npmjs.org/@parcel%2ftransformer-postcss 2174ms (cache revalidated)
160 http fetch GET 200 https://registry.npmjs.org/clone 2172ms (cache revalidated)
161 http fetch GET 200 https://registry.npmjs.org/browserslist 2196ms (cache revalidated)
162 http fetch GET 200 https://registry.npmjs.org/dotenv 2197ms (cache revalidated)
163 http fetch GET 200 https://registry.npmjs.org/json-source-map 2228ms (cache revalidated)
164 http fetch GET 200 https://registry.npmjs.org/dotenv-expand 2249ms (cache revalidated)
165 http fetch GET 200 https://registry.npmjs.org/@parcel%2fruntime-service-worker 2269ms (cache revalidated)
166 http fetch GET 200 https://registry.npmjs.org/@parcel%2fgraph 2267ms (cache revalidated)
167 http fetch GET 200 https://registry.npmjs.org/msgpackr 2275ms (cache revalidated)
168 http fetch GET 200 https://registry.npmjs.org/json5 2281ms (cache revalidated)
169 http fetch GET 200 https://registry.npmjs.org/semver 2285ms (cache revalidated)
170 http fetch GET 200 https://registry.npmjs.org/@parcel%2ffs-search 2380ms (cache revalidated)
171 http fetch GET 200 https://registry.npmjs.org/@parcel%2fwatcher 2404ms (cache revalidated)
172 http fetch GET 200 https://registry.npmjs.org/ansi-styles 2444ms (cache revalidated)
173 http fetch GET 200 https://registry.npmjs.org/@parcel%2ftransformer-js 2744ms (cache revalidated)
174 http fetch GET 200 https://registry.npmjs.org/@parcel%2ftransformer-raw 2758ms (cache revalidated)
175 http fetch GET 200 https://registry.npmjs.org/@parcel%2fcache 2765ms (cache revalidated)
176 http fetch GET 200 https://registry.npmjs.org/supports-color 2760ms (cache revalidated)
177 http fetch GET 200 https://registry.npmjs.org/nullthrows 2786ms (cache revalidated)
178 http fetch GET 200 https://registry.npmjs.org/@parcel%2ftransformer-image 2806ms (cache revalidated)
179 http fetch GET 200 https://registry.npmjs.org/@parcel%2fhash 2823ms (cache revalidated)
180 http fetch GET 200 https://registry.npmjs.org/@parcel%2ftransformer-posthtml 2861ms (cache revalidated)
181 http fetch GET 200 https://registry.npmjs.org/@parcel%2ftransformer-json 2873ms (cache revalidated)
182 http fetch GET 200 https://registry.npmjs.org/base-x 2916ms (cache revalidated)
183 http fetch GET 200 https://registry.npmjs.org/@parcel%2ftransformer-svg 3306ms (cache revalidated)
184 http fetch GET 200 https://registry.npmjs.org/@parcel%2foptimizer-svgo 3349ms (cache revalidated)
185 http fetch GET 200 https://registry.npmjs.org/term-size 3334ms (cache revalidated)
186 http fetch GET 200 https://registry.npmjs.org/@parcel%2fcodeframe 3366ms (cache revalidated)
187 http fetch GET 200 https://registry.npmjs.org/@parcel%2ftypes 3498ms (cache revalidated)
188 http fetch GET 200 https://registry.npmjs.org/@parcel%2fsource-map 3542ms (cache revalidated)
189 http fetch GET 200 https://registry.npmjs.org/@parcel%2fmarkdown-ansi 3987ms (cache revalidated)
190 timing idealTree:node_modules/parcel Completed in 4037ms
191 silly placeDep ROOT @parcel/bundler-default@2.4.1 OK for: @parcel/config-default@2.4.1 want: 2.4.1
192 silly placeDep ROOT @parcel/compressor-raw@2.4.1 OK for: @parcel/config-default@2.4.1 want: 2.4.1
193 silly placeDep ROOT @parcel/namer-default@2.4.1 OK for: @parcel/config-default@2.4.1 want: 2.4.1
194 silly placeDep ROOT @parcel/optimizer-css@2.4.1 OK for: @parcel/config-default@2.4.1 want: 2.4.1
195 silly placeDep ROOT @parcel/optimizer-htmlnano@2.4.1 OK for: @parcel/config-default@2.4.1 want: 2.4.1
196 silly placeDep ROOT @parcel/optimizer-image@2.4.1 OK for: @parcel/config-default@2.4.1 want: 2.4.1
197 silly placeDep ROOT @parcel/optimizer-svgo@2.4.1 OK for: @parcel/config-default@2.4.1 want: 2.4.1
198 silly placeDep ROOT @parcel/optimizer-terser@2.4.1 OK for: @parcel/config-default@2.4.1 want: 2.4.1
199 silly placeDep ROOT @parcel/packager-css@2.4.1 OK for: @parcel/config-default@2.4.1 want: 2.4.1
200 silly placeDep ROOT @parcel/packager-html@2.4.1 OK for: @parcel/config-default@2.4.1 want: 2.4.1
201 silly placeDep ROOT @parcel/packager-js@2.4.1 OK for: @parcel/config-default@2.4.1 want: 2.4.1
202 silly placeDep ROOT @parcel/packager-raw@2.4.1 OK for: @parcel/config-default@2.4.1 want: 2.4.1
203 silly placeDep ROOT @parcel/packager-svg@2.4.1 OK for: @parcel/config-default@2.4.1 want: 2.4.1
204 silly placeDep ROOT @parcel/resolver-default@2.4.1 OK for: @parcel/config-default@2.4.1 want: 2.4.1
205 silly placeDep ROOT @parcel/runtime-browser-hmr@2.4.1 OK for: @parcel/config-default@2.4.1 want: 2.4.1
206 silly placeDep ROOT @parcel/runtime-js@2.4.1 OK for: @parcel/config-default@2.4.1 want: 2.4.1
207 silly placeDep ROOT @parcel/runtime-react-refresh@2.4.1 OK for: @parcel/config-default@2.4.1 want: 2.4.1
208 silly placeDep ROOT @parcel/runtime-service-worker@2.4.1 OK for: @parcel/config-default@2.4.1 want: 2.4.1
209 silly placeDep ROOT @parcel/transformer-babel@2.4.1 OK for: @parcel/config-default@2.4.1 want: 2.4.1
210 silly placeDep ROOT @parcel/transformer-css@2.4.1 OK for: @parcel/config-default@2.4.1 want: 2.4.1
211 silly placeDep ROOT @parcel/transformer-html@2.4.1 OK for: @parcel/config-default@2.4.1 want: 2.4.1
212 silly placeDep ROOT @parcel/transformer-image@2.4.1 OK for: @parcel/config-default@2.4.1 want: 2.4.1
213 silly placeDep ROOT @parcel/transformer-js@2.4.1 OK for: @parcel/config-default@2.4.1 want: 2.4.1
214 silly placeDep ROOT @parcel/transformer-json@2.4.1 OK for: @parcel/config-default@2.4.1 want: 2.4.1
215 silly placeDep ROOT @parcel/transformer-postcss@2.4.1 OK for: @parcel/config-default@2.4.1 want: 2.4.1
216 silly placeDep ROOT @parcel/transformer-posthtml@2.4.1 OK for: @parcel/config-default@2.4.1 want: 2.4.1
217 silly placeDep ROOT @parcel/transformer-raw@2.4.1 OK for: @parcel/config-default@2.4.1 want: 2.4.1
218 silly placeDep ROOT @parcel/transformer-react-refresh-wrap@2.4.1 OK for: @parcel/config-default@2.4.1 want: 2.4.1
219 silly placeDep ROOT @parcel/transformer-svg@2.4.1 OK for: @parcel/config-default@2.4.1 want: 2.4.1
220 silly fetch manifest @parcel/css@^1.7.4
221 silly fetch manifest htmlnano@^2.0.0
222 silly fetch manifest posthtml@^0.16.5
223 silly fetch manifest svgo@^2.4.0
224 silly fetch manifest detect-libc@^1.0.3
225 silly fetch manifest terser@^5.2.0
226 silly fetch manifest globals@^13.2.0
227 silly fetch manifest posthtml@^0.16.4
228 silly fetch manifest @parcel/node-resolver-core@2.4.1
229 silly fetch manifest react-refresh@^0.9.0
230 silly fetch manifest semver@^5.7.0
231 silly fetch manifest posthtml-parser@^0.10.1
232 silly fetch manifest posthtml-render@^3.0.0
233 silly fetch manifest @swc/helpers@^0.3.6
234 silly fetch manifest regenerator-runtime@^0.13.7
235 silly fetch manifest postcss-value-parser@^4.2.0
236 http fetch GET 200 https://registry.npmjs.org/svgo 67ms (cache revalidated)
237 http fetch GET 200 https://registry.npmjs.org/detect-libc 73ms (cache revalidated)
238 http fetch GET 200 https://registry.npmjs.org/terser 81ms (cache revalidated)
239 http fetch GET 200 https://registry.npmjs.org/react-refresh 84ms (cache revalidated)
240 http fetch GET 200 https://registry.npmjs.org/postcss-value-parser 87ms (cache revalidated)
241 http fetch GET 200 https://registry.npmjs.org/regenerator-runtime 88ms (cache revalidated)
242 http fetch GET 200 https://registry.npmjs.org/posthtml 280ms (cache revalidated)
243 http fetch GET 200 https://registry.npmjs.org/globals 810ms (cache revalidated)
244 http fetch GET 200 https://registry.npmjs.org/posthtml-parser 808ms (cache revalidated)
245 http fetch GET 200 https://registry.npmjs.org/htmlnano 902ms (cache revalidated)
246 http fetch GET 200 https://registry.npmjs.org/posthtml-render 912ms (cache revalidated)
247 http fetch GET 200 https://registry.npmjs.org/@parcel%2fcss 1163ms (cache revalidated)
248 http fetch GET 200 https://registry.npmjs.org/@parcel%2fnode-resolver-core 1183ms (cache revalidated)
249 http fetch GET 200 https://registry.npmjs.org/@swc%2fhelpers 1695ms (cache revalidated)
250 timing idealTree:node_modules/@parcel/config-default Completed in 1735ms
251 silly placeDep ROOT @parcel/hash@2.4.1 OK for: @parcel/bundler-default@2.4.1 want: 2.4.1
252 silly placeDep ROOT @parcel/plugin@2.4.1 OK for: @parcel/bundler-default@2.4.1 want: 2.4.1
253 silly placeDep ROOT nullthrows@1.1.1 OK for: @parcel/bundler-default@2.4.1 want: ^1.1.1
254 silly fetch manifest xxhash-wasm@^0.4.2
255 http fetch GET 200 https://registry.npmjs.org/xxhash-wasm 40ms (cache revalidated)
256 timing idealTree:node_modules/@parcel/bundler-default Completed in 46ms
257 timing idealTree:node_modules/@parcel/compressor-raw Completed in 0ms
258 silly fetch manifest @parcel/core@^2.4.1
259 silly placeDep ROOT @parcel/cache@2.4.1 OK for: @parcel/core@2.4.1 want: 2.4.1
260 silly placeDep ROOT @parcel/graph@2.4.1 OK for: @parcel/core@2.4.1 want: 2.4.1
261 silly placeDep ROOT @parcel/source-map@2.0.2 OK for: @parcel/core@2.4.1 want: ^2.0.0
262 silly placeDep ROOT @parcel/types@2.4.1 OK for: @parcel/core@2.4.1 want: 2.4.1
263 silly placeDep ROOT @parcel/workers@2.4.1 OK for: @parcel/core@2.4.1 want: 2.4.1
264 silly placeDep ROOT abortcontroller-polyfill@1.7.3 OK for: @parcel/core@2.4.1 want: ^1.1.9
265 silly placeDep ROOT base-x@3.0.9 OK for: @parcel/core@2.4.1 want: ^3.0.8
266 silly placeDep ROOT browserslist@4.20.2 OK for: @parcel/core@2.4.1 want: ^4.6.6
267 silly placeDep ROOT clone@2.1.2 OK for: @parcel/core@2.4.1 want: ^2.1.1
268 silly placeDep ROOT dotenv@7.0.0 OK for: @parcel/core@2.4.1 want: ^7.0.0
269 silly placeDep ROOT dotenv-expand@5.1.0 OK for: @parcel/core@2.4.1 want: ^5.1.0
270 silly placeDep ROOT json-source-map@0.6.1 OK for: @parcel/core@2.4.1 want: ^0.6.1
271 silly placeDep ROOT json5@2.2.1 OK for: @parcel/core@2.4.1 want: ^2.2.0
272 silly placeDep ROOT msgpackr@1.5.5 OK for: @parcel/core@2.4.1 want: ^1.5.4
273 silly placeDep ROOT semver@5.7.1 OK for: @parcel/core@2.4.1 want: ^5.7.1
274 silly fetch manifest lmdb@2.2.4
275 silly fetch manifest utility-types@^3.10.0
276 silly fetch manifest chrome-trace-event@^1.0.2
277 silly fetch manifest safe-buffer@^5.0.1
278 silly fetch manifest caniuse-lite@^1.0.30001317
279 silly fetch manifest electron-to-chromium@^1.4.84
280 silly fetch manifest escalade@^3.1.1
281 silly fetch manifest node-releases@^2.0.2
282 silly fetch manifest picocolors@^1.0.0
283 silly fetch manifest msgpackr-extract@^1.0.14
284 http fetch GET 200 https://registry.npmjs.org/chrome-trace-event 58ms (cache revalidated)
285 http fetch GET 200 https://registry.npmjs.org/caniuse-lite 59ms (cache revalidated)
286 http fetch GET 200 https://registry.npmjs.org/node-releases 60ms (cache revalidated)
287 http fetch GET 200 https://registry.npmjs.org/safe-buffer 64ms (cache revalidated)
288 http fetch GET 200 https://registry.npmjs.org/escalade 62ms (cache revalidated)
289 http fetch GET 200 https://registry.npmjs.org/picocolors 71ms (cache revalidated)
290 http fetch GET 200 https://registry.npmjs.org/lmdb 268ms (cache revalidated)
291 http fetch GET 200 https://registry.npmjs.org/utility-types 271ms (cache revalidated)
292 http fetch GET 200 https://registry.npmjs.org/electron-to-chromium 272ms (cache revalidated)
293 http fetch GET 200 https://registry.npmjs.org/msgpackr-extract 781ms (cache revalidated)
294 timing idealTree:node_modules/@parcel/core Completed in 799ms
295 silly placeDep ROOT lmdb@2.2.4 OK for: @parcel/cache@2.4.1 want: 2.2.4
296 silly fetch manifest nan@^2.14.2
297 silly fetch manifest node-gyp-build@^4.2.3
298 silly fetch manifest ordered-binary@^1.2.4
299 silly fetch manifest weak-lru-cache@^1.2.2
300 http fetch GET 200 https://registry.npmjs.org/nan 49ms (cache revalidated)
301 http fetch GET 200 https://registry.npmjs.org/weak-lru-cache 242ms (cache revalidated)
302 http fetch GET 200 https://registry.npmjs.org/ordered-binary 251ms (cache revalidated)
303 http fetch GET 200 https://registry.npmjs.org/node-gyp-build 264ms (cache revalidated)
304 timing idealTree:node_modules/@parcel/cache Completed in 266ms
305 timing idealTree:node_modules/@parcel/diagnostic Completed in 0ms
306 timing idealTree:node_modules/@parcel/events Completed in 0ms
307 silly placeDep ROOT @parcel/fs-search@2.4.1 OK for: @parcel/fs@2.4.1 want: 2.4.1
308 silly placeDep ROOT @parcel/watcher@2.0.5 OK for: @parcel/fs@2.4.1 want: ^2.0.0
309 silly fetch manifest node-addon-api@^3.2.1
310 silly fetch manifest node-gyp-build@^4.3.0
311 http fetch GET 200 https://registry.npmjs.org/node-addon-api 857ms (cache revalidated)
312 timing idealTree:node_modules/@parcel/fs Completed in 861ms
313 silly placeDep ROOT detect-libc@1.0.3 OK for: @parcel/fs-search@2.4.1 want: ^1.0.3
314 timing idealTree:node_modules/@parcel/fs-search Completed in 3ms
315 timing idealTree:node_modules/@parcel/graph Completed in 0ms
316 silly placeDep ROOT xxhash-wasm@0.4.2 OK for: @parcel/hash@2.4.1 want: ^0.4.2
317 timing idealTree:node_modules/@parcel/hash Completed in 2ms
318 timing idealTree:node_modules/@parcel/logger Completed in 0ms
319 timing idealTree:node_modules/@parcel/namer-default Completed in 0ms
320 silly placeDep ROOT @parcel/css@1.8.1 OK for: @parcel/optimizer-css@2.4.1 want: ^1.7.4
321 silly fetch manifest @parcel/css-darwin-x64@1.8.1
322 silly fetch manifest @parcel/css-linux-x64-gnu@1.8.1
323 silly fetch manifest @parcel/css-win32-x64-msvc@1.8.1
324 silly fetch manifest @parcel/css-darwin-arm64@1.8.1
325 silly fetch manifest @parcel/css-linux-arm64-gnu@1.8.1
326 silly fetch manifest @parcel/css-linux-arm-gnueabihf@1.8.1
327 silly fetch manifest @parcel/css-linux-arm64-musl@1.8.1
328 silly fetch manifest @parcel/css-linux-x64-musl@1.8.1
329 http fetch GET 200 https://registry.npmjs.org/@parcel%2fcss-darwin-arm64 507ms (cache revalidated)
330 http fetch GET 200 https://registry.npmjs.org/@parcel%2fcss-linux-arm-gnueabihf 1097ms (cache revalidated)
331 http fetch GET 200 https://registry.npmjs.org/@parcel%2fcss-linux-x64-gnu 1186ms (cache revalidated)
332 http fetch GET 200 https://registry.npmjs.org/@parcel%2fcss-win32-x64-msvc 1568ms (cache revalidated)
333 http fetch GET 200 https://registry.npmjs.org/@parcel%2fcss-linux-arm64-musl 1625ms (cache revalidated)
334 http fetch GET 200 https://registry.npmjs.org/@parcel%2fcss-linux-x64-musl 1672ms (cache revalidated)
335 http fetch GET 200 https://registry.npmjs.org/@parcel%2fcss-darwin-x64 1712ms (cache revalidated)
336 http fetch GET 200 https://registry.npmjs.org/@parcel%2fcss-linux-arm64-gnu 1733ms (cache revalidated)
337 timing idealTree:node_modules/@parcel/optimizer-css Completed in 1741ms
338 silly placeDep ROOT @parcel/css-darwin-arm64@1.8.1 OK for: @parcel/css@1.8.1 want: 1.8.1
339 silly placeDep ROOT @parcel/css-darwin-x64@1.8.1 OK for: @parcel/css@1.8.1 want: 1.8.1
340 silly placeDep ROOT @parcel/css-linux-arm-gnueabihf@1.8.1 OK for: @parcel/css@1.8.1 want: 1.8.1
341 silly placeDep ROOT @parcel/css-linux-arm64-gnu@1.8.1 OK for: @parcel/css@1.8.1 want: 1.8.1
342 silly placeDep ROOT @parcel/css-linux-arm64-musl@1.8.1 OK for: @parcel/css@1.8.1 want: 1.8.1
343 silly placeDep ROOT @parcel/css-linux-x64-gnu@1.8.1 OK for: @parcel/css@1.8.1 want: 1.8.1
344 silly placeDep ROOT @parcel/css-linux-x64-musl@1.8.1 OK for: @parcel/css@1.8.1 want: 1.8.1
345 silly placeDep ROOT @parcel/css-win32-x64-msvc@1.8.1 OK for: @parcel/css@1.8.1 want: 1.8.1
346 timing idealTree:node_modules/@parcel/css Completed in 12ms
347 timing idealTree:node_modules/@parcel/css-darwin-arm64 Completed in 0ms
348 timing idealTree:node_modules/@parcel/css-darwin-x64 Completed in 0ms
349 timing idealTree:node_modules/@parcel/css-linux-arm-gnueabihf Completed in 0ms
350 timing idealTree:node_modules/@parcel/css-linux-arm64-gnu Completed in 0ms
351 timing idealTree:node_modules/@parcel/css-linux-arm64-musl Completed in 0ms
352 timing idealTree:node_modules/@parcel/css-linux-x64-gnu Completed in 0ms
353 timing idealTree:node_modules/@parcel/css-linux-x64-musl Completed in 0ms
354 timing idealTree:node_modules/@parcel/css-win32-x64-msvc Completed in 0ms
355 silly fetch manifest cssnano@^5.0.11
356 http fetch GET 200 https://registry.npmjs.org/cssnano 59ms (cache revalidated)
357 silly fetch manifest postcss@^8.2.15
358 http fetch GET 200 https://registry.npmjs.org/postcss 49ms (cache revalidated)
359 silly fetch manifest purgecss@^4.0.3
360 http fetch GET 200 https://registry.npmjs.org/purgecss 45ms (cache revalidated)
361 silly fetch manifest relateurl@^0.2.7
362 http fetch GET 200 https://registry.npmjs.org/relateurl 55ms (cache revalidated)
363 silly fetch manifest srcset@^5.0.0
364 http fetch GET 200 https://registry.npmjs.org/srcset 272ms (cache revalidated)
365 silly fetch manifest terser@^5.10.0
366 silly fetch manifest uncss@^0.17.3
367 http fetch GET 200 https://registry.npmjs.org/uncss 253ms (cache revalidated)
368 silly placeDep ROOT htmlnano@2.0.2 OK for: @parcel/optimizer-htmlnano@2.4.1 want: ^2.0.0
369 silly placeDep ROOT posthtml@0.16.6 OK for: @parcel/optimizer-htmlnano@2.4.1 want: ^0.16.5
370 silly placeDep ROOT svgo@2.8.0 OK for: @parcel/optimizer-htmlnano@2.4.1 want: ^2.4.0
371 silly fetch manifest cosmiconfig@^7.0.1
372 silly fetch manifest timsort@^0.3.0
373 silly fetch manifest posthtml-parser@^0.11.0
374 silly fetch manifest @trysound/sax@0.2.0
375 silly fetch manifest css-select@^4.1.3
376 silly fetch manifest css-tree@^1.1.3
377 silly fetch manifest csso@^4.2.0
378 silly fetch manifest stable@^0.1.8
379 http fetch GET 200 https://registry.npmjs.org/cosmiconfig 58ms (cache revalidated)
380 http fetch GET 200 https://registry.npmjs.org/timsort 58ms (cache revalidated)
381 http fetch GET 200 https://registry.npmjs.org/csso 57ms (cache revalidated)
382 http fetch GET 200 https://registry.npmjs.org/stable 58ms (cache revalidated)
383 http fetch GET 200 https://registry.npmjs.org/css-select 62ms (cache revalidated)
384 http fetch GET 200 https://registry.npmjs.org/css-tree 62ms (cache revalidated)
385 http fetch GET 200 https://registry.npmjs.org/@trysound%2fsax 1086ms (cache revalidated)
386 timing idealTree:node_modules/@parcel/optimizer-htmlnano Completed in 1867ms
387 timing idealTree:node_modules/@parcel/optimizer-image Completed in 0ms
388 timing idealTree:node_modules/@parcel/optimizer-svgo Completed in 0ms
389 silly placeDep ROOT terser@5.12.1 OK for: @parcel/optimizer-terser@2.4.1 want: ^5.2.0
390 silly fetch manifest acorn@^8.5.0
391 silly fetch manifest commander@^2.20.0
392 silly fetch manifest source-map@~0.7.2
393 silly fetch manifest source-map-support@~0.5.20
394 http fetch GET 200 https://registry.npmjs.org/source-map 50ms (cache revalidated)
395 http fetch GET 200 https://registry.npmjs.org/source-map-support 60ms (cache revalidated)
396 http fetch GET 200 https://registry.npmjs.org/acorn 271ms (cache revalidated)
397 timing idealTree:node_modules/@parcel/optimizer-terser Completed in 277ms
398 timing idealTree:node_modules/@parcel/package-manager Completed in 0ms
399 timing idealTree:node_modules/@parcel/packager-css Completed in 0ms
400 timing idealTree:node_modules/@parcel/packager-html Completed in 0ms
401 silly placeDep ROOT globals@13.13.0 OK for: @parcel/packager-js@2.4.1 want: ^13.2.0
402 silly fetch manifest type-fest@^0.20.2
403 http fetch GET 200 https://registry.npmjs.org/type-fest 56ms (cache revalidated)
404 timing idealTree:node_modules/@parcel/packager-js Completed in 62ms
405 timing idealTree:node_modules/@parcel/packager-raw Completed in 0ms
406 timing idealTree:node_modules/@parcel/packager-svg Completed in 1ms
407 timing idealTree:node_modules/@parcel/plugin Completed in 0ms
408 silly placeDep ROOT term-size@2.2.1 OK for: @parcel/reporter-cli@2.4.1 want: ^2.2.1
409 timing idealTree:node_modules/@parcel/reporter-cli Completed in 2ms
410 timing idealTree:node_modules/@parcel/reporter-dev-server Completed in 0ms
411 silly placeDep ROOT @parcel/node-resolver-core@2.4.1 OK for: @parcel/resolver-default@2.4.1 want: 2.4.1
412 timing idealTree:node_modules/@parcel/resolver-default Completed in 2ms
413 timing idealTree:node_modules/@parcel/node-resolver-core Completed in 0ms
414 timing idealTree:node_modules/@parcel/runtime-browser-hmr Completed in 0ms
415 timing idealTree:node_modules/@parcel/runtime-js Completed in 0ms
416 silly placeDep ROOT react-refresh@0.9.0 OK for: @parcel/runtime-react-refresh@2.4.1 want: ^0.9.0
417 timing idealTree:node_modules/@parcel/runtime-react-refresh Completed in 2ms
418 timing idealTree:node_modules/@parcel/runtime-service-worker Completed in 0ms
419 timing idealTree:node_modules/@parcel/source-map Completed in 0ms
420 timing idealTree:node_modules/@parcel/transformer-babel Completed in 0ms
421 timing idealTree:node_modules/@parcel/transformer-css Completed in 0ms
422 silly placeDep ROOT posthtml-parser@0.10.2 OK for: @parcel/transformer-html@2.4.1 want: ^0.10.1
423 silly placeDep ROOT posthtml-render@3.0.0 OK for: @parcel/transformer-html@2.4.1 want: ^3.0.0
424 silly fetch manifest htmlparser2@^7.1.1
425 silly fetch manifest is-json@^2.0.1
426 http fetch GET 200 https://registry.npmjs.org/htmlparser2 54ms (cache revalidated)
427 http fetch GET 200 https://registry.npmjs.org/is-json 852ms (cache revalidated)
428 timing idealTree:node_modules/@parcel/transformer-html Completed in 861ms
429 timing idealTree:node_modules/@parcel/transformer-image Completed in 0ms
430 silly placeDep ROOT @swc/helpers@0.3.8 OK for: @parcel/transformer-js@2.4.1 want: ^0.3.6
431 silly placeDep ROOT regenerator-runtime@0.13.9 OK for: @parcel/transformer-js@2.4.1 want: ^0.13.7
432 timing idealTree:node_modules/@parcel/transformer-js Completed in 7ms
433 timing idealTree:node_modules/@parcel/transformer-json Completed in 0ms
434 silly placeDep ROOT postcss-value-parser@4.2.0 OK for: @parcel/transformer-postcss@2.4.1 want: ^4.2.0
435 timing idealTree:node_modules/@parcel/transformer-postcss Completed in 2ms
436 timing idealTree:node_modules/@parcel/transformer-posthtml Completed in 0ms
437 timing idealTree:node_modules/@parcel/transformer-raw Completed in 0ms
438 timing idealTree:node_modules/@parcel/transformer-react-refresh-wrap Completed in 0ms
439 timing idealTree:node_modules/@parcel/transformer-svg Completed in 0ms
440 silly placeDep ROOT utility-types@3.10.0 OK for: @parcel/types@2.4.1 want: ^3.10.0
441 timing idealTree:node_modules/@parcel/types Completed in 2ms
442 silly placeDep ROOT @parcel/codeframe@2.4.1 OK for: @parcel/utils@2.4.1 want: 2.4.1
443 silly placeDep ROOT @parcel/markdown-ansi@2.4.1 OK for: @parcel/utils@2.4.1 want: 2.4.1
444 timing idealTree:node_modules/@parcel/utils Completed in 3ms
445 timing idealTree:node_modules/@parcel/codeframe Completed in 0ms
446 timing idealTree:node_modules/@parcel/markdown-ansi Completed in 0ms
447 silly placeDep ROOT node-addon-api@3.2.1 OK for: @parcel/watcher@2.0.5 want: ^3.2.1
448 silly placeDep ROOT node-gyp-build@4.4.0 OK for: @parcel/watcher@2.0.5 want: ^4.3.0
449 timing idealTree:node_modules/@parcel/watcher Completed in 3ms
450 silly placeDep ROOT chrome-trace-event@1.0.3 OK for: @parcel/workers@2.4.1 want: ^1.0.2
451 timing idealTree:node_modules/@parcel/workers Completed in 1ms
452 timing idealTree:node_modules/@swc/helpers Completed in 0ms
453 timing idealTree:node_modules/abortcontroller-polyfill Completed in 0ms
454 silly placeDep ROOT safe-buffer@5.2.1 OK for: base-x@3.0.9 want: ^5.0.1
455 timing idealTree:node_modules/base-x Completed in 1ms
456 silly placeDep ROOT caniuse-lite@1.0.30001327 OK for: browserslist@4.20.2 want: ^1.0.30001317
457 silly placeDep ROOT electron-to-chromium@1.4.106 OK for: browserslist@4.20.2 want: ^1.4.84
458 silly placeDep ROOT escalade@3.1.1 OK for: browserslist@4.20.2 want: ^3.1.1
459 silly placeDep ROOT node-releases@2.0.3 OK for: browserslist@4.20.2 want: ^2.0.2
460 silly placeDep ROOT picocolors@1.0.0 OK for: browserslist@4.20.2 want: ^1.0.0
461 timing idealTree:node_modules/browserslist Completed in 2ms
462 timing idealTree:node_modules/caniuse-lite Completed in 0ms
463 silly placeDep ROOT ansi-styles@4.3.0 OK for: chalk@4.1.2 want: ^4.1.0
464 silly placeDep ROOT supports-color@7.2.0 OK for: chalk@4.1.2 want: ^7.1.0
465 silly fetch manifest color-convert@^2.0.1
466 silly fetch manifest has-flag@^4.0.0
467 http fetch GET 200 https://registry.npmjs.org/has-flag 47ms (cache revalidated)
468 http fetch GET 200 https://registry.npmjs.org/color-convert 52ms (cache revalidated)
469 timing idealTree:node_modules/chalk Completed in 53ms
470 silly placeDep ROOT color-convert@2.0.1 OK for: ansi-styles@4.3.0 want: ^2.0.1
471 silly fetch manifest color-name@~1.1.4
472 http fetch GET 200 https://registry.npmjs.org/color-name 55ms (cache revalidated)
473 timing idealTree:node_modules/ansi-styles Completed in 56ms
474 timing idealTree:node_modules/chrome-trace-event Completed in 0ms
475 timing idealTree:node_modules/clone Completed in 0ms
476 silly placeDep ROOT color-name@1.1.4 OK for: color-convert@2.0.1 want: ~1.1.4
477 timing idealTree:node_modules/color-convert Completed in 1ms
478 timing idealTree:node_modules/color-name Completed in 0ms
479 timing idealTree:node_modules/commander Completed in 0ms
480 timing idealTree:node_modules/detect-libc Completed in 0ms
481 timing idealTree:node_modules/dotenv Completed in 0ms
482 timing idealTree:node_modules/dotenv-expand Completed in 0ms
483 timing idealTree:node_modules/electron-to-chromium Completed in 0ms
484 timing idealTree:node_modules/escalade Completed in 0ms
485 timing idealTree:node_modules/get-port Completed in 0ms
486 silly placeDep ROOT type-fest@0.20.2 OK for: globals@13.13.0 want: ^0.20.2
487 timing idealTree:node_modules/globals Completed in 1ms
488 silly placeDep ROOT cosmiconfig@7.0.1 OK for: htmlnano@2.0.2 want: ^7.0.1
489 silly placeDep ROOT timsort@0.3.0 OK for: htmlnano@2.0.2 want: ^0.3.0
490 silly fetch manifest @types/parse-json@^4.0.0
491 silly fetch manifest import-fresh@^3.2.1
492 silly fetch manifest parse-json@^5.0.0
493 silly fetch manifest path-type@^4.0.0
494 silly fetch manifest yaml@^1.10.0
495 http fetch GET 200 https://registry.npmjs.org/yaml 43ms (cache revalidated)
496 http fetch GET 200 https://registry.npmjs.org/parse-json 46ms (cache revalidated)
497 http fetch GET 200 https://registry.npmjs.org/import-fresh 53ms (cache revalidated)
498 http fetch GET 200 https://registry.npmjs.org/path-type 874ms (cache revalidated)
499 http fetch GET 200 https://registry.npmjs.org/@types%2fparse-json 1483ms (cache revalidated)
500 timing idealTree:node_modules/htmlnano Completed in 1485ms
501 silly placeDep ROOT @types/parse-json@4.0.0 OK for: cosmiconfig@7.0.1 want: ^4.0.0
502 silly placeDep ROOT import-fresh@3.3.0 OK for: cosmiconfig@7.0.1 want: ^3.2.1
503 silly placeDep ROOT parse-json@5.2.0 OK for: cosmiconfig@7.0.1 want: ^5.0.0
504 silly placeDep ROOT path-type@4.0.0 OK for: cosmiconfig@7.0.1 want: ^4.0.0
505 silly placeDep ROOT yaml@1.10.2 OK for: cosmiconfig@7.0.1 want: ^1.10.0
506 silly fetch manifest parent-module@^1.0.0
507 silly fetch manifest resolve-from@^4.0.0
508 silly fetch manifest @babel/code-frame@^7.0.0
509 silly fetch manifest error-ex@^1.3.1
510 silly fetch manifest json-parse-even-better-errors@^2.3.0
511 silly fetch manifest lines-and-columns@^1.1.6
512 http fetch GET 200 https://registry.npmjs.org/resolve-from 55ms (cache revalidated)
513 http fetch GET 200 https://registry.npmjs.org/json-parse-even-better-errors 55ms (cache revalidated)
514 http fetch GET 200 https://registry.npmjs.org/@babel%2fcode-frame 61ms (cache revalidated)
515 http fetch GET 200 https://registry.npmjs.org/error-ex 61ms (cache revalidated)
516 http fetch GET 200 https://registry.npmjs.org/lines-and-columns 863ms (cache revalidated)
517 http fetch GET 200 https://registry.npmjs.org/parent-module 881ms (cache revalidated)
518 timing idealTree:node_modules/cosmiconfig Completed in 885ms
519 timing idealTree:node_modules/@types/parse-json Completed in 0ms
520 silly placeDep ROOT parent-module@1.0.1 OK for: import-fresh@3.3.0 want: ^1.0.0
521 silly placeDep ROOT resolve-from@4.0.0 OK for: import-fresh@3.3.0 want: ^4.0.0
522 silly fetch manifest callsites@^3.0.0
523 http fetch GET 200 https://registry.npmjs.org/callsites 39ms (cache revalidated)
524 timing idealTree:node_modules/import-fresh Completed in 41ms
525 timing idealTree:node_modules/json-source-map Completed in 0ms
526 timing idealTree:node_modules/json5 Completed in 0ms
527 silly placeDep ROOT nan@2.15.0 OK for: lmdb@2.2.4 want: ^2.14.2
528 silly placeDep ROOT ordered-binary@1.2.5 OK for: lmdb@2.2.4 want: ^1.2.4
529 silly placeDep ROOT weak-lru-cache@1.2.2 OK for: lmdb@2.2.4 want: ^1.2.2
530 timing idealTree:node_modules/lmdb Completed in 1ms
531 silly placeDep ROOT msgpackr-extract@1.1.4 OK for: msgpackr@1.5.5 want: ^1.0.14
532 silly fetch manifest node-gyp-build-optional-packages@^4.3.2
533 silly fetch manifest msgpackr-extract-darwin-arm64@1.1.0
534 silly fetch manifest msgpackr-extract-darwin-x64@1.1.0
535 silly fetch manifest msgpackr-extract-linux-arm@1.1.0
536 silly fetch manifest msgpackr-extract-linux-arm64@1.1.0
537 silly fetch manifest msgpackr-extract-linux-x64@1.1.0
538 silly fetch manifest msgpackr-extract-win32-x64@1.1.0
539 http fetch GET 200 https://registry.npmjs.org/msgpackr-extract-linux-arm 63ms (cache revalidated)
540 http fetch GET 200 https://registry.npmjs.org/msgpackr-extract-darwin-arm64 85ms (cache revalidated)
541 http fetch GET 200 https://registry.npmjs.org/msgpackr-extract-win32-x64 269ms (cache revalidated)
542 http fetch GET 200 https://registry.npmjs.org/msgpackr-extract-darwin-x64 271ms (cache revalidated)
543 http fetch GET 200 https://registry.npmjs.org/msgpackr-extract-linux-arm64 819ms (cache revalidated)
544 http fetch GET 200 https://registry.npmjs.org/node-gyp-build-optional-packages 827ms (cache revalidated)
545 http fetch GET 200 https://registry.npmjs.org/msgpackr-extract-linux-x64 861ms (cache revalidated)
546 timing idealTree:node_modules/msgpackr Completed in 865ms
547 silly placeDep ROOT msgpackr-extract-darwin-arm64@1.1.0 OK for: msgpackr-extract@1.1.4 want: 1.1.0
548 silly placeDep ROOT msgpackr-extract-darwin-x64@1.1.0 OK for: msgpackr-extract@1.1.4 want: 1.1.0
549 silly placeDep ROOT msgpackr-extract-linux-arm@1.1.0 OK for: msgpackr-extract@1.1.4 want: 1.1.0
550 silly placeDep ROOT msgpackr-extract-linux-arm64@1.1.0 OK for: msgpackr-extract@1.1.4 want: 1.1.0
551 silly placeDep ROOT msgpackr-extract-linux-x64@1.1.0 OK for: msgpackr-extract@1.1.4 want: 1.1.0
552 silly placeDep ROOT msgpackr-extract-win32-x64@1.1.0 OK for: msgpackr-extract@1.1.4 want: 1.1.0
553 silly placeDep ROOT node-gyp-build-optional-packages@4.3.2 OK for: msgpackr-extract@1.1.4 want: ^4.3.2
554 timing idealTree:node_modules/msgpackr-extract Completed in 12ms
555 timing idealTree:node_modules/msgpackr-extract-darwin-arm64 Completed in 0ms
556 timing idealTree:node_modules/msgpackr-extract-darwin-x64 Completed in 0ms
557 timing idealTree:node_modules/msgpackr-extract-linux-arm Completed in 0ms
558 timing idealTree:node_modules/msgpackr-extract-linux-arm64 Completed in 0ms
559 timing idealTree:node_modules/msgpackr-extract-linux-x64 Completed in 0ms
560 timing idealTree:node_modules/msgpackr-extract-win32-x64 Completed in 0ms
561 timing idealTree:node_modules/nan Completed in 0ms
562 timing idealTree:node_modules/node-addon-api Completed in 0ms
563 timing idealTree:node_modules/node-gyp-build Completed in 0ms
564 timing idealTree:node_modules/node-gyp-build-optional-packages Completed in 0ms
565 timing idealTree:node_modules/node-releases Completed in 1ms
566 timing idealTree:node_modules/nullthrows Completed in 0ms
567 timing idealTree:node_modules/ordered-binary Completed in 0ms
568 silly placeDep ROOT callsites@3.1.0 OK for: parent-module@1.0.1 want: ^3.0.0
569 timing idealTree:node_modules/parent-module Completed in 1ms
570 timing idealTree:node_modules/callsites Completed in 0ms
571 silly placeDep ROOT @babel/code-frame@7.16.7 OK for: parse-json@5.2.0 want: ^7.0.0
572 silly placeDep ROOT error-ex@1.3.2 OK for: parse-json@5.2.0 want: ^1.3.1
573 silly placeDep ROOT json-parse-even-better-errors@2.3.1 OK for: parse-json@5.2.0 want: ^2.3.0
574 silly placeDep ROOT lines-and-columns@1.2.4 OK for: parse-json@5.2.0 want: ^1.1.6
575 silly fetch manifest @babel/highlight@^7.16.7
576 silly fetch manifest is-arrayish@^0.2.1
577 http fetch GET 200 https://registry.npmjs.org/@babel%2fhighlight 65ms (cache revalidated)
578 http fetch GET 200 https://registry.npmjs.org/is-arrayish 246ms (cache revalidated)
579 timing idealTree:node_modules/parse-json Completed in 257ms
580 silly placeDep ROOT @babel/highlight@7.17.9 OK for: @babel/code-frame@7.16.7 want: ^7.16.7
581 silly fetch manifest @babel/helper-validator-identifier@^7.16.7
582 silly fetch manifest chalk@^2.0.0
583 silly fetch manifest js-tokens@^4.0.0
584 http fetch GET 200 https://registry.npmjs.org/js-tokens 47ms (cache revalidated)
585 http fetch GET 200 https://registry.npmjs.org/@babel%2fhelper-validator-identifier 59ms (cache revalidated)
586 timing idealTree:node_modules/@babel/code-frame Completed in 63ms
587 silly placeDep ROOT @babel/helper-validator-identifier@7.16.7 OK for: @babel/highlight@7.17.9 want: ^7.16.7
588 silly placeDep node_modules/@babel/highlight chalk@2.4.2 OK for: @babel/highlight@7.17.9 want: ^2.0.0
589 silly placeDep ROOT js-tokens@4.0.0 OK for: @babel/highlight@7.17.9 want: ^4.0.0
590 silly fetch manifest ansi-styles@^3.2.1
591 silly fetch manifest escape-string-regexp@^1.0.5
592 silly fetch manifest supports-color@^5.3.0
593 http fetch GET 200 https://registry.npmjs.org/escape-string-regexp 57ms (cache revalidated)
594 timing idealTree:node_modules/@babel/highlight Completed in 64ms
595 timing idealTree:node_modules/@babel/helper-validator-identifier Completed in 0ms
596 silly placeDep ROOT is-arrayish@0.2.1 OK for: error-ex@1.3.2 want: ^0.2.1
597 timing idealTree:node_modules/error-ex Completed in 1ms
598 timing idealTree:node_modules/is-arrayish Completed in 0ms
599 timing idealTree:node_modules/js-tokens Completed in 0ms
600 timing idealTree:node_modules/json-parse-even-better-errors Completed in 0ms
601 timing idealTree:node_modules/lines-and-columns Completed in 0ms
602 timing idealTree:node_modules/path-type Completed in 0ms
603 timing idealTree:node_modules/picocolors Completed in 0ms
604 timing idealTree:node_modules/postcss-value-parser Completed in 0ms
605 silly placeDep node_modules/posthtml posthtml-parser@0.11.0 OK for: posthtml@0.16.6 want: ^0.11.0
606 timing idealTree:node_modules/posthtml Completed in 1ms
607 silly placeDep ROOT htmlparser2@7.2.0 OK for: posthtml-parser@0.10.2 want: ^7.1.1
608 silly fetch manifest domelementtype@^2.0.1
609 silly fetch manifest domhandler@^4.2.2
610 silly fetch manifest domutils@^2.8.0
611 silly fetch manifest entities@^3.0.1
612 http fetch GET 200 https://registry.npmjs.org/entities 48ms (cache revalidated)
613 http fetch GET 200 https://registry.npmjs.org/domutils 55ms (cache revalidated)
614 http fetch GET 200 https://registry.npmjs.org/domhandler 57ms (cache revalidated)
615 http fetch GET 200 https://registry.npmjs.org/domelementtype 58ms (cache revalidated)
616 timing idealTree:node_modules/posthtml-parser Completed in 60ms
617 silly placeDep ROOT domelementtype@2.3.0 OK for: htmlparser2@7.2.0 want: ^2.0.1
618 silly placeDep ROOT domhandler@4.3.1 OK for: htmlparser2@7.2.0 want: ^4.2.2
619 silly placeDep ROOT domutils@2.8.0 OK for: htmlparser2@7.2.0 want: ^2.8.0
620 silly placeDep ROOT entities@3.0.1 OK for: htmlparser2@7.2.0 want: ^3.0.1
621 silly fetch manifest dom-serializer@^1.0.1
622 http fetch GET 200 https://registry.npmjs.org/dom-serializer 53ms (cache revalidated)
623 timing idealTree:node_modules/htmlparser2 Completed in 56ms
624 timing idealTree:node_modules/domelementtype Completed in 0ms
625 timing idealTree:node_modules/domhandler Completed in 0ms
626 silly placeDep ROOT dom-serializer@1.4.1 OK for: domutils@2.8.0 want: ^1.0.1
627 silly fetch manifest entities@^2.0.0
628 timing idealTree:node_modules/domutils Completed in 1ms
629 silly placeDep node_modules/dom-serializer entities@2.2.0 OK for: dom-serializer@1.4.1 want: ^2.0.0
630 timing idealTree:node_modules/dom-serializer Completed in 1ms
631 timing idealTree:node_modules/entities Completed in 0ms
632 silly placeDep ROOT is-json@2.0.1 OK for: posthtml-render@3.0.0 want: ^2.0.1
633 timing idealTree:node_modules/posthtml-render Completed in 0ms
634 timing idealTree:node_modules/is-json Completed in 0ms
635 timing idealTree:node_modules/react-refresh Completed in 0ms
636 timing idealTree:node_modules/regenerator-runtime Completed in 0ms
637 timing idealTree:node_modules/resolve-from Completed in 0ms
638 timing idealTree:node_modules/safe-buffer Completed in 0ms
639 timing idealTree:node_modules/semver Completed in 0ms
640 silly placeDep ROOT has-flag@4.0.0 OK for: supports-color@7.2.0 want: ^4.0.0
641 timing idealTree:node_modules/supports-color Completed in 1ms
642 timing idealTree:node_modules/has-flag Completed in 0ms
643 silly placeDep ROOT @trysound/sax@0.2.0 OK for: svgo@2.8.0 want: 0.2.0
644 silly placeDep ROOT css-select@4.3.0 OK for: svgo@2.8.0 want: ^4.1.3
645 silly placeDep ROOT css-tree@1.1.3 OK for: svgo@2.8.0 want: ^1.1.3
646 silly placeDep ROOT csso@4.2.0 OK for: svgo@2.8.0 want: ^4.2.0
647 silly placeDep ROOT stable@0.1.8 OK for: svgo@2.8.0 want: ^0.1.8
648 silly fetch manifest boolbase@^1.0.0
649 silly fetch manifest css-what@^6.0.1
650 silly fetch manifest nth-check@^2.0.1
651 silly fetch manifest mdn-data@2.0.14
652 silly fetch manifest source-map@^0.6.1
653 http fetch GET 200 https://registry.npmjs.org/boolbase 46ms (cache revalidated)
654 http fetch GET 200 https://registry.npmjs.org/nth-check 47ms (cache revalidated)
655 http fetch GET 200 https://registry.npmjs.org/mdn-data 47ms (cache revalidated)
656 http fetch GET 200 https://registry.npmjs.org/css-what 51ms (cache revalidated)
657 timing idealTree:node_modules/svgo Completed in 55ms
658 timing idealTree:node_modules/@trysound/sax Completed in 0ms
659 silly placeDep ROOT boolbase@1.0.0 OK for: css-select@4.3.0 want: ^1.0.0
660 silly placeDep ROOT css-what@6.1.0 OK for: css-select@4.3.0 want: ^6.0.1
661 silly placeDep ROOT nth-check@2.0.1 OK for: css-select@4.3.0 want: ^2.0.1
662 timing idealTree:node_modules/css-select Completed in 2ms
663 timing idealTree:node_modules/boolbase Completed in 0ms
664 silly placeDep ROOT mdn-data@2.0.14 OK for: css-tree@1.1.3 want: 2.0.14
665 silly placeDep ROOT source-map@0.6.1 OK for: css-tree@1.1.3 want: ^0.6.1
666 timing idealTree:node_modules/css-tree Completed in 2ms
667 timing idealTree:node_modules/css-what Completed in 0ms
668 timing idealTree:node_modules/csso Completed in 0ms
669 timing idealTree:node_modules/mdn-data Completed in 0ms
670 timing idealTree:node_modules/nth-check Completed in 0ms
671 timing idealTree:node_modules/source-map Completed in 0ms
672 timing idealTree:node_modules/stable Completed in 0ms
673 timing idealTree:node_modules/term-size Completed in 0ms
674 silly placeDep ROOT acorn@8.7.0 OK for: terser@5.12.1 want: ^8.5.0
675 silly placeDep node_modules/terser commander@2.20.3 OK for: terser@5.12.1 want: ^2.20.0
676 silly placeDep node_modules/terser source-map@0.7.3 OK for: terser@5.12.1 want: ~0.7.2
677 silly placeDep ROOT source-map-support@0.5.21 OK for: terser@5.12.1 want: ~0.5.20
678 silly fetch manifest buffer-from@^1.0.0
679 http fetch GET 200 https://registry.npmjs.org/buffer-from 895ms (cache revalidated)
680 timing idealTree:node_modules/terser Completed in 899ms
681 timing idealTree:node_modules/acorn Completed in 0ms
682 silly placeDep ROOT buffer-from@1.1.2 OK for: source-map-support@0.5.21 want: ^1.0.0
683 timing idealTree:node_modules/source-map-support Completed in 3ms
684 timing idealTree:node_modules/buffer-from Completed in 0ms
685 timing idealTree:node_modules/timsort Completed in 0ms
686 timing idealTree:node_modules/type-fest Completed in 0ms
687 timing idealTree:node_modules/utility-types Completed in 0ms
688 timing idealTree:node_modules/v8-compile-cache Completed in 0ms
689 timing idealTree:node_modules/weak-lru-cache Completed in 0ms
690 timing idealTree:node_modules/xxhash-wasm Completed in 0ms
691 timing idealTree:node_modules/yaml Completed in 0ms
692 silly placeDep node_modules/@babel/highlight ansi-styles@3.2.1 OK for: chalk@2.4.2 want: ^3.2.1
693 silly placeDep ROOT escape-string-regexp@1.0.5 OK for: chalk@2.4.2 want: ^1.0.5
694 silly placeDep node_modules/@babel/highlight supports-color@5.5.0 OK for: chalk@2.4.2 want: ^5.3.0
695 silly fetch manifest color-convert@^1.9.0
696 silly fetch manifest has-flag@^3.0.0
697 timing idealTree:node_modules/@babel/highlight/node_modules/chalk Completed in 7ms
698 timing idealTree:node_modules/escape-string-regexp Completed in 0ms
699 silly placeDep node_modules/@babel/highlight color-convert@1.9.3 OK for: ansi-styles@3.2.1 want: ^1.9.0
700 silly fetch manifest color-name@1.1.3
701 timing idealTree:node_modules/@babel/highlight/node_modules/ansi-styles Completed in 2ms
702 silly placeDep node_modules/@babel/highlight color-name@1.1.3 OK for: color-convert@1.9.3 want: 1.1.3
703 timing idealTree:node_modules/@babel/highlight/node_modules/color-convert Completed in 1ms
704 timing idealTree:node_modules/@babel/highlight/node_modules/color-name Completed in 0ms
705 silly placeDep node_modules/@babel/highlight has-flag@3.0.0 OK for: supports-color@5.5.0 want: ^3.0.0
706 timing idealTree:node_modules/@babel/highlight/node_modules/supports-color Completed in 1ms
707 timing idealTree:node_modules/@babel/highlight/node_modules/has-flag Completed in 0ms
708 timing idealTree:node_modules/dom-serializer/node_modules/entities Completed in 0ms
709 timing idealTree:node_modules/posthtml/node_modules/posthtml-parser Completed in 0ms
710 timing idealTree:node_modules/terser/node_modules/commander Completed in 0ms
711 timing idealTree:node_modules/terser/node_modules/source-map Completed in 0ms
712 timing idealTree:buildDeps Completed in 20810ms
713 timing idealTree:fixDepFlags Completed in 1ms
714 timing idealTree Completed in 20823ms
715 timing reify:loadTrees Completed in 20824ms
716 timing reify:diffTrees Completed in 6ms
717 silly reify moves {}
718 timing reify:retireShallow Completed in 1ms
719 timing reify:createSparse Completed in 44ms
720 timing reify:loadBundles Completed in 0ms
721 silly audit bulk request {
721 silly audit   parcel: [ '2.4.1' ],
721 silly audit   '@parcel/config-default': [ '2.4.1' ],
721 silly audit   '@parcel/core': [ '2.4.1' ],
721 silly audit   '@parcel/diagnostic': [ '2.4.1' ],
721 silly audit   '@parcel/events': [ '2.4.1' ],
721 silly audit   '@parcel/fs': [ '2.4.1' ],
721 silly audit   '@parcel/logger': [ '2.4.1' ],
721 silly audit   '@parcel/package-manager': [ '2.4.1' ],
721 silly audit   '@parcel/reporter-cli': [ '2.4.1' ],
721 silly audit   '@parcel/reporter-dev-server': [ '2.4.1' ],
721 silly audit   '@parcel/utils': [ '2.4.1' ],
721 silly audit   chalk: [ '4.1.2', '2.4.2' ],
721 silly audit   commander: [ '7.2.0', '2.20.3' ],
721 silly audit   'get-port': [ '4.2.0' ],
721 silly audit   'v8-compile-cache': [ '2.3.0' ],
721 silly audit   '@parcel/bundler-default': [ '2.4.1' ],
721 silly audit   '@parcel/compressor-raw': [ '2.4.1' ],
721 silly audit   '@parcel/namer-default': [ '2.4.1' ],
721 silly audit   '@parcel/optimizer-css': [ '2.4.1' ],
721 silly audit   '@parcel/optimizer-htmlnano': [ '2.4.1' ],
721 silly audit   '@parcel/optimizer-image': [ '2.4.1' ],
721 silly audit   '@parcel/optimizer-svgo': [ '2.4.1' ],
721 silly audit   '@parcel/optimizer-terser': [ '2.4.1' ],
721 silly audit   '@parcel/packager-css': [ '2.4.1' ],
721 silly audit   '@parcel/packager-html': [ '2.4.1' ],
721 silly audit   '@parcel/packager-js': [ '2.4.1' ],
721 silly audit   '@parcel/packager-raw': [ '2.4.1' ],
721 silly audit   '@parcel/packager-svg': [ '2.4.1' ],
721 silly audit   '@parcel/resolver-default': [ '2.4.1' ],
721 silly audit   '@parcel/runtime-browser-hmr': [ '2.4.1' ],
721 silly audit   '@parcel/runtime-js': [ '2.4.1' ],
721 silly audit   '@parcel/runtime-react-refresh': [ '2.4.1' ],
721 silly audit   '@parcel/runtime-service-worker': [ '2.4.1' ],
721 silly audit   '@parcel/transformer-babel': [ '2.4.1' ],
721 silly audit   '@parcel/transformer-css': [ '2.4.1' ],
721 silly audit   '@parcel/transformer-html': [ '2.4.1' ],
721 silly audit   '@parcel/transformer-image': [ '2.4.1' ],
721 silly audit   '@parcel/transformer-js': [ '2.4.1' ],
721 silly audit   '@parcel/transformer-json': [ '2.4.1' ],
721 silly audit   '@parcel/transformer-postcss': [ '2.4.1' ],
721 silly audit   '@parcel/transformer-posthtml': [ '2.4.1' ],
721 silly audit   '@parcel/transformer-raw': [ '2.4.1' ],
721 silly audit   '@parcel/transformer-react-refresh-wrap': [ '2.4.1' ],
721 silly audit   '@parcel/transformer-svg': [ '2.4.1' ],
721 silly audit   '@parcel/hash': [ '2.4.1' ],
721 silly audit   '@parcel/plugin': [ '2.4.1' ],
721 silly audit   nullthrows: [ '1.1.1' ],
721 silly audit   '@parcel/cache': [ '2.4.1' ],
721 silly audit   '@parcel/graph': [ '2.4.1' ],
721 silly audit   '@parcel/source-map': [ '2.0.2' ],
721 silly audit   '@parcel/types': [ '2.4.1' ],
721 silly audit   '@parcel/workers': [ '2.4.1' ],
721 silly audit   'abortcontroller-polyfill': [ '1.7.3' ],
721 silly audit   'base-x': [ '3.0.9' ],
721 silly audit   browserslist: [ '4.20.2' ],
721 silly audit   clone: [ '2.1.2' ],
721 silly audit   dotenv: [ '7.0.0' ],
721 silly audit   'dotenv-expand': [ '5.1.0' ],
721 silly audit   'json-source-map': [ '0.6.1' ],
721 silly audit   json5: [ '2.2.1' ],
721 silly audit   msgpackr: [ '1.5.5' ],
721 silly audit   semver: [ '5.7.1' ],
721 silly audit   lmdb: [ '2.2.4' ],
721 silly audit   '@parcel/fs-search': [ '2.4.1' ],
721 silly audit   '@parcel/watcher': [ '2.0.5' ],
721 silly audit   'detect-libc': [ '1.0.3' ],
721 silly audit   'xxhash-wasm': [ '0.4.2' ],
721 silly audit   '@parcel/css': [ '1.8.1' ],
721 silly audit   '@parcel/css-darwin-arm64': [ '1.8.1' ],
721 silly audit   '@parcel/css-darwin-x64': [ '1.8.1' ],
721 silly audit   '@parcel/css-linux-arm-gnueabihf': [ '1.8.1' ],
721 silly audit   '@parcel/css-linux-arm64-gnu': [ '1.8.1' ],
721 silly audit   '@parcel/css-linux-arm64-musl': [ '1.8.1' ],
721 silly audit   '@parcel/css-linux-x64-gnu': [ '1.8.1' ],
721 silly audit   '@parcel/css-linux-x64-musl': [ '1.8.1' ],
721 silly audit   '@parcel/css-win32-x64-msvc': [ '1.8.1' ],
721 silly audit   htmlnano: [ '2.0.2' ],
721 silly audit   posthtml: [ '0.16.6' ],
721 silly audit   svgo: [ '2.8.0' ],
721 silly audit   terser: [ '5.12.1' ],
721 silly audit   globals: [ '13.13.0' ],
721 silly audit   'term-size': [ '2.2.1' ],
721 silly audit   '@parcel/node-resolver-core': [ '2.4.1' ],
721 silly audit   'react-refresh': [ '0.9.0' ],
721 silly audit   'posthtml-parser': [ '0.10.2', '0.11.0' ],
721 silly audit   'posthtml-render': [ '3.0.0' ],
721 silly audit   '@swc/helpers': [ '0.3.8' ],
721 silly audit   'regenerator-runtime': [ '0.13.9' ],
721 silly audit   'postcss-value-parser': [ '4.2.0' ],
721 silly audit   'utility-types': [ '3.10.0' ],
721 silly audit   '@parcel/codeframe': [ '2.4.1' ],
721 silly audit   '@parcel/markdown-ansi': [ '2.4.1' ],
721 silly audit   'node-addon-api': [ '3.2.1' ],
721 silly audit   'node-gyp-build': [ '4.4.0' ],
721 silly audit   'chrome-trace-event': [ '1.0.3' ],
721 silly audit   'safe-buffer': [ '5.2.1' ],
721 silly audit   'caniuse-lite': [ '1.0.30001327' ],
721 silly audit   'electron-to-chromium': [ '1.4.106' ],
721 silly audit   escalade: [ '3.1.1' ],
721 silly audit   'node-releases': [ '2.0.3' ],
721 silly audit   picocolors: [ '1.0.0' ],
721 silly audit   'ansi-styles': [ '4.3.0', '3.2.1' ],
721 silly audit   'supports-color': [ '7.2.0', '5.5.0' ],
721 silly audit   'color-convert': [ '2.0.1', '1.9.3' ],
721 silly audit   'color-name': [ '1.1.4', '1.1.3' ],
721 silly audit   'type-fest': [ '0.20.2' ],
721 silly audit   cosmiconfig: [ '7.0.1' ],
721 silly audit   timsort: [ '0.3.0' ],
721 silly audit   '@types/parse-json': [ '4.0.0' ],
721 silly audit   'import-fresh': [ '3.3.0' ],
721 silly audit   'parse-json': [ '5.2.0' ],
721 silly audit   'path-type': [ '4.0.0' ],
721 silly audit   yaml: [ '1.10.2' ],
721 silly audit   'parent-module': [ '1.0.1' ],
721 silly audit   'resolve-from': [ '4.0.0' ],
721 silly audit   nan: [ '2.15.0' ],
721 silly audit   'ordered-binary': [ '1.2.5' ],
721 silly audit   'weak-lru-cache': [ '1.2.2' ],
721 silly audit   'msgpackr-extract': [ '1.1.4' ],
721 silly audit   'msgpackr-extract-darwin-arm64': [ '1.1.0' ],
721 silly audit   'msgpackr-extract-darwin-x64': [ '1.1.0' ],
721 silly audit   'msgpackr-extract-linux-arm': [ '1.1.0' ],
721 silly audit   'msgpackr-extract-linux-arm64': [ '1.1.0' ],
721 silly audit   'msgpackr-extract-linux-x64': [ '1.1.0' ],
721 silly audit   'msgpackr-extract-win32-x64': [ '1.1.0' ],
721 silly audit   'node-gyp-build-optional-packages': [ '4.3.2' ],
721 silly audit   callsites: [ '3.1.0' ],
721 silly audit   '@babel/code-frame': [ '7.16.7' ],
721 silly audit   'error-ex': [ '1.3.2' ],
721 silly audit   'json-parse-even-better-errors': [ '2.3.1' ],
721 silly audit   'lines-and-columns': [ '1.2.4' ],
721 silly audit   '@babel/highlight': [ '7.17.9' ],
721 silly audit   '@babel/helper-validator-identifier': [ '7.16.7' ],
721 silly audit   'js-tokens': [ '4.0.0' ],
721 silly audit   'is-arrayish': [ '0.2.1' ],
721 silly audit   htmlparser2: [ '7.2.0' ],
721 silly audit   domelementtype: [ '2.3.0' ],
721 silly audit   domhandler: [ '4.3.1' ],
721 silly audit   domutils: [ '2.8.0' ],
721 silly audit   entities: [ '3.0.1', '2.2.0' ],
721 silly audit   'dom-serializer': [ '1.4.1' ],
721 silly audit   'is-json': [ '2.0.1' ],
721 silly audit   'has-flag': [ '4.0.0', '3.0.0' ],
721 silly audit   '@trysound/sax': [ '0.2.0' ],
721 silly audit   'css-select': [ '4.3.0' ],
721 silly audit   'css-tree': [ '1.1.3' ],
721 silly audit   csso: [ '4.2.0' ],
721 silly audit   stable: [ '0.1.8' ],
721 silly audit   boolbase: [ '1.0.0' ],
721 silly audit   'css-what': [ '6.1.0' ],
721 silly audit   'nth-check': [ '2.0.1' ],
721 silly audit   'mdn-data': [ '2.0.14' ],
721 silly audit   'source-map': [ '0.6.1', '0.7.3' ],
721 silly audit   acorn: [ '8.7.0' ],
721 silly audit   'source-map-support': [ '0.5.21' ],
721 silly audit   'buffer-from': [ '1.1.2' ],
721 silly audit   'escape-string-regexp': [ '1.0.5' ]
721 silly audit }
722 verbose reify failed optional dependency /home/smelladoc/node_modules/msgpackr-extract-win32-x64
723 silly reify mark deleted [ '/home/smelladoc/node_modules/msgpackr-extract-win32-x64' ]
724 verbose reify failed optional dependency /home/smelladoc/node_modules/msgpackr-extract-linux-arm64
725 silly reify mark deleted [ '/home/smelladoc/node_modules/msgpackr-extract-linux-arm64' ]
726 verbose reify failed optional dependency /home/smelladoc/node_modules/msgpackr-extract-linux-arm
727 silly reify mark deleted [ '/home/smelladoc/node_modules/msgpackr-extract-linux-arm' ]
728 verbose reify failed optional dependency /home/smelladoc/node_modules/msgpackr-extract-darwin-x64
729 silly reify mark deleted [ '/home/smelladoc/node_modules/msgpackr-extract-darwin-x64' ]
730 verbose reify failed optional dependency /home/smelladoc/node_modules/msgpackr-extract-darwin-arm64
731 silly reify mark deleted [ '/home/smelladoc/node_modules/msgpackr-extract-darwin-arm64' ]
732 verbose reify failed optional dependency /home/smelladoc/node_modules/@parcel/css-win32-x64-msvc
733 silly reify mark deleted [ '/home/smelladoc/node_modules/@parcel/css-win32-x64-msvc' ]
734 verbose reify failed optional dependency /home/smelladoc/node_modules/@parcel/css-linux-arm64-musl
735 silly reify mark deleted [ '/home/smelladoc/node_modules/@parcel/css-linux-arm64-musl' ]
736 verbose reify failed optional dependency /home/smelladoc/node_modules/@parcel/css-linux-arm64-gnu
737 silly reify mark deleted [ '/home/smelladoc/node_modules/@parcel/css-linux-arm64-gnu' ]
738 verbose reify failed optional dependency /home/smelladoc/node_modules/@parcel/css-linux-arm-gnueabihf
739 silly reify mark deleted [ '/home/smelladoc/node_modules/@parcel/css-linux-arm-gnueabihf' ]
740 verbose reify failed optional dependency /home/smelladoc/node_modules/@parcel/css-darwin-x64
741 silly reify mark deleted [ '/home/smelladoc/node_modules/@parcel/css-darwin-x64' ]
742 verbose reify failed optional dependency /home/smelladoc/node_modules/@parcel/css-darwin-arm64
743 silly reify mark deleted [ '/home/smelladoc/node_modules/@parcel/css-darwin-arm64' ]
744 timing reifyNode:node_modules/msgpackr-extract-win32-x64 Completed in 25ms
745 timing reifyNode:node_modules/msgpackr-extract-linux-arm64 Completed in 25ms
746 timing reifyNode:node_modules/msgpackr-extract-linux-arm Completed in 25ms
747 timing reifyNode:node_modules/msgpackr-extract-darwin-x64 Completed in 25ms
748 timing reifyNode:node_modules/msgpackr-extract-darwin-arm64 Completed in 25ms
749 timing reifyNode:node_modules/@parcel/css-win32-x64-msvc Completed in 23ms
750 timing reifyNode:node_modules/@parcel/css-linux-arm64-musl Completed in 23ms
751 timing reifyNode:node_modules/@parcel/css-linux-arm64-gnu Completed in 23ms
752 timing reifyNode:node_modules/@parcel/css-linux-arm-gnueabihf Completed in 23ms
753 timing reifyNode:node_modules/@parcel/css-darwin-x64 Completed in 23ms
754 timing reifyNode:node_modules/@parcel/css-darwin-arm64 Completed in 23ms
755 http fetch POST 200 https://registry.npmjs.org/-/npm/v1/security/advisories/bulk 927ms
756 timing auditReport:getReport Completed in 929ms
757 silly audit report {}
758 timing auditReport:init Completed in 0ms
759 timing reify:audit Completed in 930ms
760 timing reifyNode:node_modules/boolbase Completed in 992ms
761 timing reifyNode:node_modules/escape-string-regexp Completed in 1006ms
762 timing reifyNode:node_modules/buffer-from Completed in 1006ms
763 timing reifyNode:node_modules/error-ex Completed in 1006ms
764 timing reifyNode:node_modules/resolve-from Completed in 1007ms
765 timing reifyNode:node_modules/parent-module Completed in 1007ms
766 timing reifyNode:node_modules/parse-json Completed in 1007ms
767 timing reifyNode:node_modules/@types/parse-json Completed in 1007ms
768 timing reifyNode:node_modules/color-name Completed in 1007ms
769 timing reifyNode:node_modules/@babel/highlight/node_modules/has-flag Completed in 1017ms
770 timing reifyNode:node_modules/@babel/highlight/node_modules/ansi-styles Completed in 1017ms
771 timing reifyNode:node_modules/stable Completed in 1020ms
772 timing reifyNode:node_modules/has-flag Completed in 1019ms
773 timing reifyNode:node_modules/@babel/highlight Completed in 1020ms
774 timing reifyNode:node_modules/json-parse-even-better-errors Completed in 1020ms
775 timing reifyNode:node_modules/@babel/code-frame Completed in 1019ms
776 timing reifyNode:node_modules/callsites Completed in 1019ms
777 timing reifyNode:node_modules/path-type Completed in 1020ms
778 timing reifyNode:node_modules/import-fresh Completed in 1020ms
779 timing reifyNode:node_modules/supports-color Completed in 1020ms
780 timing reifyNode:node_modules/get-port Completed in 1022ms
781 timing reifyNode:node_modules/@babel/highlight/node_modules/supports-color Completed in 1029ms
782 timing reifyNode:node_modules/js-tokens Completed in 1030ms
783 timing reifyNode:node_modules/lines-and-columns Completed in 1031ms
784 timing reifyNode:node_modules/ansi-styles Completed in 1030ms
785 timing reifyNode:node_modules/base-x Completed in 1031ms
786 timing reifyNode:node_modules/nullthrows Completed in 1031ms
787 timing reifyNode:node_modules/@parcel/transformer-raw Completed in 1032ms
788 timing reifyNode:node_modules/@parcel/transformer-json Completed in 1031ms
789 timing reifyNode:node_modules/@parcel/runtime-service-worker Completed in 1032ms
790 timing reifyNode:node_modules/@parcel/runtime-react-refresh Completed in 1032ms
791 timing reifyNode:node_modules/@parcel/resolver-default Completed in 1032ms
792 timing reifyNode:node_modules/@parcel/packager-svg Completed in 1032ms
793 timing reifyNode:node_modules/@parcel/packager-raw Completed in 1032ms
794 timing reifyNode:node_modules/@parcel/optimizer-terser Completed in 1033ms
795 timing reifyNode:node_modules/@parcel/optimizer-svgo Completed in 1033ms
796 timing reifyNode:node_modules/@parcel/namer-default Completed in 1033ms
797 timing reifyNode:node_modules/@parcel/optimizer-css Completed in 1033ms
798 timing reifyNode:node_modules/@parcel/compressor-raw Completed in 1033ms
799 timing reifyNode:node_modules/@parcel/config-default Completed in 1033ms
800 timing reifyNode:node_modules/msgpackr-extract Completed in 1040ms
801 timing reifyNode:node_modules/picocolors Completed in 1040ms
802 timing reifyNode:node_modules/regenerator-runtime Completed in 1041ms
803 timing reifyNode:node_modules/dotenv-expand Completed in 1041ms
804 timing reifyNode:node_modules/@parcel/plugin Completed in 1042ms
805 timing reifyNode:node_modules/v8-compile-cache Completed in 1042ms
806 timing reifyNode:node_modules/@babel/highlight/node_modules/color-name Completed in 1048ms
807 timing reifyNode:node_modules/@trysound/sax Completed in 1049ms
808 timing reifyNode:node_modules/is-json Completed in 1049ms
809 timing reifyNode:node_modules/is-arrayish Completed in 1050ms
810 timing reifyNode:node_modules/node-gyp-build-optional-packages Completed in 1049ms
811 timing reifyNode:node_modules/node-gyp-build Completed in 1049ms
812 timing reifyNode:node_modules/safe-buffer Completed in 1049ms
813 timing reifyNode:node_modules/@parcel/markdown-ansi Completed in 1049ms
814 timing reifyNode:node_modules/posthtml Completed in 1050ms
815 timing reifyNode:node_modules/clone Completed in 1050ms
816 timing reifyNode:node_modules/@parcel/transformer-posthtml Completed in 1051ms
817 timing reifyNode:node_modules/@parcel/transformer-css Completed in 1050ms
818 timing reifyNode:node_modules/@parcel/packager-html Completed in 1051ms
819 timing reifyNode:node_modules/@parcel/packager-css Completed in 1051ms
820 timing reifyNode:node_modules/@parcel/logger Completed in 1050ms
821 timing reifyNode:node_modules/@babel/helper-validator-identifier Completed in 1059ms
822 timing reifyNode:node_modules/color-convert Completed in 1058ms
823 timing reifyNode:node_modules/@babel/highlight/node_modules/color-convert Completed in 1068ms
824 timing reifyNode:node_modules/posthtml/node_modules/posthtml-parser Completed in 1065ms
825 timing reifyNode:node_modules/chrome-trace-event Completed in 1069ms
826 timing reifyNode:node_modules/globals Completed in 1070ms
827 timing reifyNode:node_modules/detect-libc Completed in 1069ms
828 timing reifyNode:node_modules/json-source-map Completed in 1069ms
829 timing reifyNode:node_modules/@parcel/optimizer-htmlnano Completed in 1070ms
830 timing reifyNode:node_modules/@parcel/bundler-default Completed in 1070ms
831 timing reifyNode:node_modules/@babel/highlight/node_modules/chalk Completed in 1076ms
832 timing reifyNode:node_modules/escalade Completed in 1077ms
833 timing reifyNode:node_modules/posthtml-render Completed in 1078ms
834 timing reifyNode:node_modules/@parcel/css Completed in 1077ms
835 timing reifyNode:node_modules/semver Completed in 1078ms
836 timing reifyNode:node_modules/dotenv Completed in 1077ms
837 timing reifyNode:node_modules/chalk Completed in 1078ms
838 timing reifyNode:node_modules/@parcel/diagnostic Completed in 1077ms
839 timing reifyNode:node_modules/node-releases Completed in 1084ms
840 timing reifyNode:node_modules/@parcel/transformer-image Completed in 1084ms
841 timing reifyNode:node_modules/terser/node_modules/commander Completed in 1089ms
842 timing reifyNode:node_modules/weak-lru-cache Completed in 1096ms
843 timing reifyNode:node_modules/timsort Completed in 1097ms
844 timing reifyNode:node_modules/postcss-value-parser Completed in 1097ms
845 timing reifyNode:node_modules/source-map-support Completed in 1104ms
846 timing reifyNode:node_modules/msgpackr-extract-linux-x64 Completed in 1103ms
847 timing reifyNode:node_modules/posthtml-parser Completed in 1103ms
848 timing reifyNode:node_modules/@parcel/transformer-svg Completed in 1103ms
849 timing reifyNode:node_modules/@parcel/transformer-html Completed in 1103ms
850 timing reifyNode:node_modules/parcel Completed in 1103ms
851 timing reifyNode:node_modules/nth-check Completed in 1110ms
852 timing reifyNode:node_modules/domhandler Completed in 1110ms
853 timing reifyNode:node_modules/domelementtype Completed in 1116ms
854 timing reifyNode:node_modules/@parcel/types Completed in 1114ms
855 timing reifyNode:node_modules/@parcel/transformer-postcss Completed in 1115ms
856 timing reifyNode:node_modules/react-refresh Completed in 1121ms
857 timing reifyNode:node_modules/xxhash-wasm Completed in 1120ms
858 timing reifyNode:node_modules/browserslist Completed in 1120ms
859 timing reifyNode:node_modules/@parcel/transformer-react-refresh-wrap Completed in 1120ms
860 timing reifyNode:node_modules/@parcel/events Completed in 1119ms
861 timing reifyNode:node_modules/ordered-binary Completed in 1126ms
862 timing reifyNode:node_modules/term-size Completed in 1126ms
863 timing reifyNode:node_modules/commander Completed in 1129ms
864 timing reifyNode:node_modules/@parcel/cache Completed in 1134ms
865 timing reifyNode:node_modules/@parcel/runtime-browser-hmr Completed in 1133ms
866 timing reifyNode:node_modules/electron-to-chromium Completed in 1148ms
867 timing reifyNode:node_modules/dom-serializer Completed in 1153ms
868 timing reifyNode:node_modules/utility-types Completed in 1159ms
869 timing reifyNode:node_modules/htmlparser2 Completed in 1164ms
870 timing reifyNode:node_modules/abortcontroller-polyfill Completed in 1161ms
871 timing reifyNode:node_modules/dom-serializer/node_modules/entities Completed in 1167ms
872 timing reifyNode:node_modules/@parcel/transformer-babel Completed in 1175ms
873 timing reifyNode:node_modules/domutils Completed in 1189ms
874 timing reifyNode:node_modules/@parcel/graph Completed in 1187ms
875 timing reifyNode:node_modules/@parcel/packager-js Completed in 1189ms
876 timing reifyNode:node_modules/msgpackr Completed in 1199ms
877 timing reifyNode:node_modules/css-what Completed in 1207ms
878 timing reifyNode:node_modules/entities Completed in 1206ms
879 timing reifyNode:node_modules/json5 Completed in 1204ms
880 timing reifyNode:node_modules/acorn Completed in 1212ms
881 timing reifyNode:node_modules/@parcel/fs Completed in 1209ms
882 timing reifyNode:node_modules/terser/node_modules/source-map Completed in 1212ms
883 timing reifyNode:node_modules/node-addon-api Completed in 1224ms
884 timing reifyNode:node_modules/cosmiconfig Completed in 1230ms
885 timing reifyNode:node_modules/css-select Completed in 1233ms
886 timing reifyNode:node_modules/type-fest Completed in 1234ms
887 timing reifyNode:node_modules/mdn-data Completed in 1248ms
888 timing reifyNode:node_modules/@parcel/reporter-cli Completed in 1246ms
889 timing reifyNode:node_modules/@parcel/runtime-js Completed in 1256ms
890 timing reifyNode:node_modules/@parcel/workers Completed in 1259ms
891 timing reifyNode:node_modules/source-map Completed in 1270ms
892 timing reifyNode:node_modules/nan Completed in 1289ms
893 timing reifyNode:node_modules/yaml Completed in 1306ms
894 timing reifyNode:node_modules/csso Completed in 1316ms
895 timing reifyNode:node_modules/@parcel/fs-search Completed in 1351ms
896 timing reifyNode:node_modules/@parcel/package-manager Completed in 1350ms
897 timing reifyNode:node_modules/@parcel/reporter-dev-server Completed in 1353ms
898 timing reifyNode:node_modules/@parcel/hash Completed in 1363ms
899 timing reifyNode:node_modules/htmlnano Completed in 1366ms
900 timing reifyNode:node_modules/svgo Completed in 1379ms
901 timing reifyNode:node_modules/terser Completed in 1386ms
902 timing reifyNode:node_modules/@swc/helpers Completed in 1389ms
903 timing reifyNode:node_modules/@parcel/css-linux-x64-musl Completed in 1389ms
904 timing reifyNode:node_modules/@parcel/css-linux-x64-gnu Completed in 1389ms
905 timing reifyNode:node_modules/@parcel/watcher Completed in 1395ms
906 timing reifyNode:node_modules/@parcel/codeframe Completed in 1432ms
907 timing reifyNode:node_modules/css-tree Completed in 1442ms
908 timing reifyNode:node_modules/@parcel/node-resolver-core Completed in 1457ms
909 timing reifyNode:node_modules/@parcel/source-map Completed in 1456ms
910 timing reifyNode:node_modules/@parcel/utils Completed in 1464ms
911 timing reifyNode:node_modules/@parcel/core Completed in 1483ms
912 timing reifyNode:node_modules/@parcel/optimizer-image Completed in 1529ms
913 timing reifyNode:node_modules/caniuse-lite Completed in 1601ms
914 timing reifyNode:node_modules/lmdb Completed in 1639ms
915 timing reifyNode:node_modules/@parcel/transformer-js Completed in 2087ms
916 timing reify:unpack Completed in 2093ms
917 timing reify:unretire Completed in 0ms
918 timing build:queue Completed in 6ms
919 timing build:link:node_modules/acorn Completed in 6ms
920 timing build:link:node_modules/detect-libc Completed in 5ms
921 timing build:link:node_modules/browserslist Completed in 6ms
922 timing build:link:node_modules/node-gyp-build Completed in 5ms
923 timing build:link:node_modules/node-gyp-build-optional-packages Completed in 5ms
924 timing build:link:node_modules/semver Completed in 5ms
925 timing build:link:node_modules/svgo Completed in 4ms
926 timing build:link:node_modules/parcel Completed in 5ms
927 timing build:link:node_modules/terser Completed in 4ms
928 timing build:link:node_modules/json5 Completed in 6ms
929 timing build:link Completed in 7ms
930 info run @parcel/watcher@2.0.5 install node_modules/@parcel/watcher node-gyp-build
931 info run lmdb@2.2.4 install node_modules/lmdb node-gyp-build
932 info run msgpackr-extract@1.1.4 install node_modules/msgpackr-extract node-gyp-build-optional-packages
933 info run @parcel/watcher@2.0.5 install { code: 0, signal: null }
934 timing build:run:install:node_modules/@parcel/watcher Completed in 76ms
935 info run lmdb@2.2.4 install { code: 0, signal: null }
936 timing build:run:install:node_modules/lmdb Completed in 74ms
937 info run msgpackr-extract@1.1.4 install { code: 1, signal: null }
938 verbose reify failed optional dependency /home/smelladoc/node_modules/msgpackr-extract
939 silly reify mark deleted [ '/home/smelladoc/node_modules/msgpackr-extract' ]
940 verbose reify failed optional dependency /home/smelladoc/node_modules/node-gyp-build-optional-packages
941 silly reify mark deleted [
941 silly reify   '/home/smelladoc/node_modules/node-gyp-build-optional-packages',
941 silly reify   '/home/smelladoc/node_modules/.bin/node-gyp-build-optional-packages',
941 silly reify   '/home/smelladoc/node_modules/.bin/node-gyp-build-optional',
941 silly reify   '/home/smelladoc/node_modules/.bin/node-gyp-build-test'
941 silly reify ]
942 timing build:run:install:node_modules/msgpackr-extract Completed in 337ms
943 timing build:run:install Completed in 352ms
944 timing build:deps Completed in 365ms
945 timing build Completed in 366ms
946 timing reify:build Completed in 366ms
947 timing reify:trash Completed in 4ms
948 timing reify:save Completed in 28ms
949 timing reify Completed in 23382ms
950 silly ADD node_modules/escape-string-regexp
951 silly ADD node_modules/buffer-from
952 silly ADD node_modules/source-map-support
953 silly ADD node_modules/acorn
954 silly ADD node_modules/source-map
955 silly ADD node_modules/mdn-data
956 silly ADD node_modules/nth-check
957 silly ADD node_modules/css-what
958 silly ADD node_modules/boolbase
959 silly ADD node_modules/stable
960 silly ADD node_modules/csso
961 silly ADD node_modules/css-tree
962 silly ADD node_modules/css-select
963 silly ADD node_modules/@trysound/sax
964 silly ADD node_modules/has-flag
965 silly ADD node_modules/is-json
966 silly ADD node_modules/dom-serializer
967 silly ADD node_modules/dom-serializer/node_modules/entities
968 silly ADD node_modules/entities
969 silly ADD node_modules/domutils
970 silly ADD node_modules/domhandler
971 silly ADD node_modules/domelementtype
972 silly ADD node_modules/htmlparser2
973 silly ADD node_modules/is-arrayish
974 silly ADD node_modules/js-tokens
975 silly ADD node_modules/@babel/helper-validator-identifier
976 silly ADD node_modules/@babel/highlight
977 silly ADD node_modules/@babel/highlight/node_modules/has-flag
978 silly ADD node_modules/@babel/highlight/node_modules/color-name
979 silly ADD node_modules/@babel/highlight/node_modules/color-convert
980 silly ADD node_modules/@babel/highlight/node_modules/supports-color
981 silly ADD node_modules/@babel/highlight/node_modules/ansi-styles
982 silly ADD node_modules/@babel/highlight/node_modules/chalk
983 silly ADD node_modules/lines-and-columns
984 silly ADD node_modules/json-parse-even-better-errors
985 silly ADD node_modules/error-ex
986 silly ADD node_modules/@babel/code-frame
987 silly ADD node_modules/callsites
988 silly ADD
989 silly ADD
990 silly ADD node_modules/msgpackr-extract-linux-x64
991 silly ADD
992 silly ADD
993 silly ADD
994 silly ADD
995 silly ADD
996 silly ADD node_modules/weak-lru-cache
997 silly ADD node_modules/ordered-binary
998 silly ADD node_modules/nan
999 silly ADD node_modules/resolve-from
1000 silly ADD node_modules/parent-module
1001 silly ADD node_modules/yaml
1002 silly ADD node_modules/path-type
1003 silly ADD node_modules/parse-json
1004 silly ADD node_modules/import-fresh
1005 silly ADD node_modules/@types/parse-json
1006 silly ADD node_modules/timsort
1007 silly ADD node_modules/cosmiconfig
1008 silly ADD node_modules/type-fest
1009 silly ADD node_modules/color-name
1010 silly ADD node_modules/color-convert
1011 silly ADD node_modules/supports-color
1012 silly ADD node_modules/ansi-styles
1013 silly ADD node_modules/picocolors
1014 silly ADD node_modules/node-releases
1015 silly ADD node_modules/escalade
1016 silly ADD node_modules/electron-to-chromium
1017 silly ADD node_modules/caniuse-lite
1018 silly ADD node_modules/safe-buffer
1019 silly ADD node_modules/chrome-trace-event
1020 silly ADD node_modules/node-gyp-build
1021 silly ADD node_modules/node-addon-api
1022 silly ADD node_modules/@parcel/markdown-ansi
1023 silly ADD node_modules/@parcel/codeframe
1024 silly ADD node_modules/utility-types
1025 silly ADD node_modules/postcss-value-parser
1026 silly ADD node_modules/regenerator-runtime
1027 silly ADD node_modules/@swc/helpers
1028 silly ADD node_modules/posthtml-render
1029 silly ADD node_modules/posthtml-parser
1030 silly ADD node_modules/react-refresh
1031 silly ADD node_modules/@parcel/node-resolver-core
1032 silly ADD node_modules/term-size
1033 silly ADD node_modules/globals
1034 silly ADD node_modules/terser
1035 silly ADD node_modules/terser/node_modules/source-map
1036 silly ADD node_modules/terser/node_modules/commander
1037 silly ADD node_modules/svgo
1038 silly ADD node_modules/posthtml
1039 silly ADD node_modules/posthtml/node_modules/posthtml-parser
1040 silly ADD node_modules/htmlnano
1041 silly ADD
1042 silly ADD node_modules/@parcel/css-linux-x64-musl
1043 silly ADD node_modules/@parcel/css-linux-x64-gnu
1044 silly ADD
1045 silly ADD
1046 silly ADD
1047 silly ADD
1048 silly ADD
1049 silly ADD node_modules/@parcel/css
1050 silly ADD node_modules/xxhash-wasm
1051 silly ADD node_modules/detect-libc
1052 silly ADD node_modules/@parcel/watcher
1053 silly ADD node_modules/@parcel/fs-search
1054 silly ADD node_modules/lmdb
1055 silly ADD node_modules/semver
1056 silly ADD node_modules/msgpackr
1057 silly ADD node_modules/json5
1058 silly ADD node_modules/json-source-map
1059 silly ADD node_modules/dotenv-expand
1060 silly ADD node_modules/dotenv
1061 silly ADD node_modules/clone
1062 silly ADD node_modules/browserslist
1063 silly ADD node_modules/base-x
1064 silly ADD node_modules/abortcontroller-polyfill
1065 silly ADD node_modules/@parcel/workers
1066 silly ADD node_modules/@parcel/types
1067 silly ADD node_modules/@parcel/source-map
1068 silly ADD node_modules/@parcel/graph
1069 silly ADD node_modules/@parcel/cache
1070 silly ADD node_modules/nullthrows
1071 silly ADD node_modules/@parcel/plugin
1072 silly ADD node_modules/@parcel/hash
1073 silly ADD node_modules/@parcel/transformer-svg
1074 silly ADD node_modules/@parcel/transformer-react-refresh-wrap
1075 silly ADD node_modules/@parcel/transformer-raw
1076 silly ADD node_modules/@parcel/transformer-posthtml
1077 silly ADD node_modules/@parcel/transformer-postcss
1078 silly ADD node_modules/@parcel/transformer-json
1079 silly ADD node_modules/@parcel/transformer-js
1080 silly ADD node_modules/@parcel/transformer-image
1081 silly ADD node_modules/@parcel/transformer-html
1082 silly ADD node_modules/@parcel/transformer-css
1083 silly ADD node_modules/@parcel/transformer-babel
1084 silly ADD node_modules/@parcel/runtime-service-worker
1085 silly ADD node_modules/@parcel/runtime-react-refresh
1086 silly ADD node_modules/@parcel/runtime-js
1087 silly ADD node_modules/@parcel/runtime-browser-hmr
1088 silly ADD node_modules/@parcel/resolver-default
1089 silly ADD node_modules/@parcel/packager-svg
1090 silly ADD node_modules/@parcel/packager-raw
1091 silly ADD node_modules/@parcel/packager-js
1092 silly ADD node_modules/@parcel/packager-html
1093 silly ADD node_modules/@parcel/packager-css
1094 silly ADD node_modules/@parcel/optimizer-terser
1095 silly ADD node_modules/@parcel/optimizer-svgo
1096 silly ADD node_modules/@parcel/optimizer-image
1097 silly ADD node_modules/@parcel/optimizer-htmlnano
1098 silly ADD node_modules/@parcel/optimizer-css
1099 silly ADD node_modules/@parcel/namer-default
1100 silly ADD node_modules/@parcel/compressor-raw
1101 silly ADD node_modules/@parcel/bundler-default
1102 silly ADD node_modules/v8-compile-cache
1103 silly ADD node_modules/get-port
1104 silly ADD node_modules/commander
1105 silly ADD node_modules/chalk
1106 silly ADD node_modules/@parcel/utils
1107 silly ADD node_modules/@parcel/reporter-dev-server
1108 silly ADD node_modules/@parcel/reporter-cli
1109 silly ADD node_modules/@parcel/package-manager
1110 silly ADD node_modules/@parcel/logger
1111 silly ADD node_modules/@parcel/fs
1112 silly ADD node_modules/@parcel/events
1113 silly ADD node_modules/@parcel/diagnostic
1114 silly ADD node_modules/@parcel/core
1115 silly ADD node_modules/@parcel/config-default
1116 silly ADD node_modules/parcel
1117 timing command:install Completed in 23389ms
1118 verbose exit 0
1119 timing npm Completed in 23506ms
1120 info ok
